<?xml version="1.0" encoding="UTF-8"?>
<coverage generated="1630412441044" clover="3.2.0">
  <project timestamp="1630412441044" name="All files">
    <metrics statements="521" coveredstatements="510" conditionals="320" coveredconditionals="303" methods="152" coveredmethods="148" elements="993" coveredelements="961" complexity="0" loc="521" ncloc="521" packages="4" files="32" classes="32"/>
    <package name="src">
      <metrics statements="126" coveredstatements="124" conditionals="82" coveredconditionals="79" methods="47" coveredmethods="45"/>
      <file name="index.js" path="P:\Projects\Datetime\src\index.js">
        <metrics statements="126" coveredstatements="124" conditionals="82" coveredconditionals="79" methods="47" coveredmethods="45"/>
        <line num="12" count="438" type="stmt"/>
        <line num="13" count="438" type="stmt"/>
        <line num="14" count="438" type="stmt"/>
        <line num="15" count="438" type="stmt"/>
        <line num="16" count="438" type="stmt"/>
        <line num="17" count="438" type="stmt"/>
        <line num="19" count="438" type="cond" truecount="2" falsecount="0"/>
        <line num="20" count="3" type="stmt"/>
        <line num="24" count="30" type="stmt"/>
        <line num="29" count="1" type="stmt"/>
        <line num="33" count="2" type="cond" truecount="2" falsecount="0"/>
        <line num="37" count="1" type="stmt"/>
        <line num="41" count="7" type="stmt"/>
        <line num="45" count="209" type="cond" truecount="2" falsecount="0"/>
        <line num="49" count="0" type="stmt"/>
        <line num="53" count="0" type="stmt"/>
        <line num="57" count="190" type="stmt"/>
        <line num="60" count="190" type="cond" truecount="8" falsecount="0"/>
        <line num="61" count="36" type="stmt"/>
        <line num="62" count="35" type="stmt"/>
        <line num="63" count="34" type="stmt"/>
        <line num="64" count="33" type="stmt"/>
        <line num="65" count="8" type="stmt"/>
        <line num="66" count="7" type="stmt"/>
        <line num="68" count="1" type="stmt"/>
        <line num="69" count="1" type="stmt"/>
        <line num="70" count="1" type="stmt"/>
        <line num="72" count="36" type="stmt"/>
        <line num="74" count="190" type="stmt"/>
        <line num="78" count="57" type="stmt"/>
        <line num="81" count="57" type="cond" truecount="9" falsecount="0"/>
        <line num="82" count="11" type="stmt"/>
        <line num="83" count="11" type="stmt"/>
        <line num="84" count="11" type="stmt"/>
        <line num="85" count="9" type="stmt"/>
        <line num="86" count="8" type="stmt"/>
        <line num="87" count="2" type="stmt"/>
        <line num="88" count="3" type="stmt"/>
        <line num="90" count="1" type="stmt"/>
        <line num="91" count="1" type="stmt"/>
        <line num="92" count="1" type="stmt"/>
        <line num="95" count="1" type="stmt"/>
        <line num="98" count="57" type="stmt"/>
        <line num="102" count="25" type="cond" truecount="2" falsecount="0"/>
        <line num="103" count="25" type="stmt"/>
        <line num="107" count="20" type="stmt"/>
        <line num="108" count="20" type="stmt"/>
        <line num="112" count="1" type="stmt"/>
        <line num="113" count="1" type="stmt"/>
        <line num="117" count="2" type="cond" truecount="2" falsecount="0"/>
        <line num="118" count="2" type="stmt"/>
        <line num="119" count="2" type="stmt"/>
        <line num="123" count="26" type="stmt"/>
        <line num="124" count="26" type="stmt"/>
        <line num="125" count="26" type="stmt"/>
        <line num="126" count="26" type="stmt"/>
        <line num="127" count="26" type="stmt"/>
        <line num="131" count="68" type="cond" truecount="2" falsecount="0"/>
        <line num="132" count="67" type="stmt"/>
        <line num="133" count="67" type="stmt"/>
        <line num="136" count="1" type="stmt"/>
        <line num="140" count="12" type="cond" truecount="2" falsecount="0"/>
        <line num="141" count="11" type="stmt"/>
        <line num="142" count="11" type="stmt"/>
        <line num="145" count="1" type="stmt"/>
        <line num="149" count="91" type="cond" truecount="2" falsecount="0"/>
        <line num="150" count="86" type="stmt"/>
        <line num="152" count="5" type="cond" truecount="2" falsecount="0"/>
        <line num="153" count="4" type="stmt"/>
        <line num="154" count="4" type="stmt"/>
        <line num="157" count="1" type="stmt"/>
        <line num="161" count="193" type="stmt"/>
        <line num="167" count="618" type="cond" truecount="4" falsecount="0"/>
        <line num="168" count="618" type="cond" truecount="2" falsecount="0"/>
        <line num="169" count="607" type="stmt"/>
        <line num="170" count="607" type="stmt"/>
        <line num="172" count="11" type="stmt"/>
        <line num="173" count="11" type="stmt"/>
        <line num="174" count="11" type="stmt"/>
        <line num="178" count="2268" type="cond" truecount="4" falsecount="0"/>
        <line num="179" count="2268" type="stmt"/>
        <line num="183" count="2886" type="cond" truecount="5" falsecount="0"/>
        <line num="184" count="2268" type="stmt"/>
        <line num="186" count="618" type="stmt"/>
        <line num="189" count="251" type="stmt"/>
        <line num="190" count="250" type="stmt"/>
        <line num="191" count="247" type="stmt"/>
        <line num="192" count="270" type="stmt"/>
        <line num="193" count="796" type="stmt"/>
        <line num="194" count="430" type="stmt"/>
        <line num="195" count="478" type="stmt"/>
        <line num="196" count="164" type="stmt"/>
        <line num="199" count="400" type="cond" truecount="4" falsecount="0"/>
        <line num="200" count="398" type="cond" truecount="2" falsecount="0"/>
        <line num="203" count="2" type="stmt"/>
        <line num="204" count="2" type="stmt"/>
        <line num="206" count="2" type="stmt"/>
        <line num="208" count="2" type="stmt"/>
        <line num="212" count="20" type="cond" truecount="2" falsecount="0"/>
        <line num="216" count="20" type="cond" truecount="2" falsecount="0"/>
        <line num="220" count="318" type="cond" truecount="8" falsecount="0"/>
        <line num="221" count="2" type="stmt"/>
        <line num="222" count="2" type="stmt"/>
        <line num="223" count="2" type="stmt"/>
        <line num="224" count="4" type="stmt"/>
        <line num="225" count="221" type="stmt"/>
        <line num="226" count="2" type="stmt"/>
        <line num="227" count="83" type="stmt"/>
        <line num="228" count="2" type="stmt"/>
        <line num="232" count="1" type="stmt"/>
        <line num="233" count="1" type="stmt"/>
        <line num="234" count="1" type="stmt"/>
        <line num="235" count="1" type="stmt"/>
        <line num="236" count="17" type="stmt"/>
        <line num="237" count="1" type="stmt"/>
        <line num="238" count="1" type="stmt"/>
        <line num="239" count="1" type="stmt"/>
        <line num="242" count="189" type="cond" truecount="2" falsecount="0"/>
        <line num="243" count="189" type="cond" truecount="2" falsecount="0"/>
        <line num="244" count="189" type="stmt"/>
        <line num="245" count="189" type="stmt"/>
        <line num="246" count="189" type="stmt"/>
        <line num="268" count="629" type="cond" truecount="2" falsecount="0"/>
        <line num="272" count="63" type="stmt"/>
        <line num="276" count="7" type="stmt"/>
        <line num="280" count="727" type="cond" truecount="4" falsecount="0"/>
      </file>
    </package>
    <package name="src.helpers">
      <metrics statements="29" coveredstatements="20" conditionals="16" coveredconditionals="9" methods="6" coveredmethods="4"/>
      <file name="consts.js" path="P:\Projects\Datetime\src\helpers\consts.js">
        <metrics statements="8" coveredstatements="8" conditionals="0" coveredconditionals="0" methods="0" coveredmethods="0"/>
        <line num="1" count="30" type="stmt"/>
        <line num="2" count="30" type="stmt"/>
        <line num="3" count="30" type="stmt"/>
        <line num="4" count="30" type="stmt"/>
        <line num="5" count="30" type="stmt"/>
        <line num="6" count="30" type="stmt"/>
        <line num="15" count="30" type="stmt"/>
        <line num="28" count="30" type="stmt"/>
      </file>
      <file name="extend.js" path="P:\Projects\Datetime\src\helpers\extend.js">
        <metrics statements="8" coveredstatements="1" conditionals="4" coveredconditionals="0" methods="1" coveredmethods="0"/>
        <line num="1" count="30" type="stmt"/>
        <line num="3" count="0" type="stmt"/>
        <line num="5" count="0" type="stmt"/>
        <line num="6" count="0" type="cond" truecount="0" falsecount="2"/>
        <line num="7" count="0" type="stmt"/>
        <line num="8" count="0" type="cond" truecount="0" falsecount="2"/>
        <line num="9" count="0" type="stmt"/>
        <line num="14" count="0" type="stmt"/>
      </file>
      <file name="is-num.js" path="P:\Projects\Datetime\src\helpers\is-num.js">
        <metrics statements="1" coveredstatements="1" conditionals="0" coveredconditionals="0" methods="1" coveredmethods="1"/>
        <line num="1" count="438" type="stmt"/>
      </file>
      <file name="isset.js" path="P:\Projects\Datetime\src\helpers\isset.js">
        <metrics statements="4" coveredstatements="3" conditionals="5" coveredconditionals="3" methods="1" coveredmethods="1"/>
        <line num="1" count="30" type="cond" truecount="0" falsecount="1"/>
        <line num="2" count="211" type="stmt"/>
        <line num="3" count="211" type="cond" truecount="3" falsecount="1"/>
        <line num="5" count="0" type="stmt"/>
      </file>
      <file name="lpad.js" path="P:\Projects\Datetime\src\helpers\lpad.js">
        <metrics statements="5" coveredstatements="5" conditionals="4" coveredconditionals="4" methods="1" coveredmethods="1"/>
        <line num="1" count="30" type="stmt"/>
        <line num="2" count="1168" type="stmt"/>
        <line num="3" count="1168" type="cond" truecount="4" falsecount="0"/>
        <line num="4" count="299" type="stmt"/>
        <line num="6" count="869" type="stmt"/>
      </file>
      <file name="not.js" path="P:\Projects\Datetime\src\helpers\not.js">
        <metrics statements="1" coveredstatements="1" conditionals="2" coveredconditionals="2" methods="1" coveredmethods="1"/>
        <line num="1" count="51" type="cond" truecount="2" falsecount="0"/>
      </file>
      <file name="required.js" path="P:\Projects\Datetime\src\helpers\required.js">
        <metrics statements="2" coveredstatements="1" conditionals="1" coveredconditionals="0" methods="1" coveredmethods="0"/>
        <line num="1" count="30" type="cond" truecount="0" falsecount="1"/>
        <line num="2" count="0" type="stmt"/>
      </file>
    </package>
    <package name="src.i18n">
      <metrics statements="1" coveredstatements="1" conditionals="0" coveredconditionals="0" methods="0" coveredmethods="0"/>
      <file name="ru.js" path="P:\Projects\Datetime\src\i18n\ru.js">
        <metrics statements="1" coveredstatements="1" conditionals="0" coveredconditionals="0" methods="0" coveredmethods="0"/>
        <line num="3" count="7" type="stmt"/>
      </file>
    </package>
    <package name="src.plugins">
      <metrics statements="365" coveredstatements="365" conditionals="222" coveredconditionals="215" methods="99" coveredmethods="99"/>
      <file name="buddhist.js" path="P:\Projects\Datetime\src\plugins\buddhist.js">
        <metrics statements="8" coveredstatements="8" conditionals="4" coveredconditionals="4" methods="3" coveredmethods="3"/>
        <line num="4" count="1" type="stmt"/>
        <line num="6" count="1" type="stmt"/>
        <line num="8" count="7" type="stmt"/>
        <line num="12" count="3" type="cond" truecount="2" falsecount="0"/>
        <line num="13" count="3" type="stmt"/>
        <line num="17" count="3" type="cond" truecount="2" falsecount="0"/>
        <line num="19" count="3" type="stmt"/>
        <line num="23" count="1" type="stmt"/>
      </file>
      <file name="calendar.js" path="P:\Projects\Datetime\src\plugins\calendar.js">
        <metrics statements="29" coveredstatements="29" conditionals="18" coveredconditionals="18" methods="4" coveredmethods="4"/>
        <line num="3" count="1" type="stmt"/>
        <line num="4" count="3" type="stmt"/>
        <line num="5" count="3" type="cond" truecount="4" falsecount="0"/>
        <line num="6" count="3" type="cond" truecount="2" falsecount="0"/>
        <line num="7" count="3" type="stmt"/>
        <line num="8" count="3" type="stmt"/>
        <line num="10" count="3" type="stmt"/>
        <line num="11" count="3" type="cond" truecount="2" falsecount="0"/>
        <line num="12" count="2" type="stmt"/>
        <line num="14" count="1" type="stmt"/>
        <line num="15" count="1" type="stmt"/>
        <line num="18" count="3" type="stmt"/>
        <line num="29" count="3" type="cond" truecount="2" falsecount="0"/>
        <line num="31" count="3" type="stmt"/>
        <line num="32" count="126" type="stmt"/>
        <line num="33" count="126" type="stmt"/>
        <line num="36" count="3" type="stmt"/>
        <line num="37" count="126" type="stmt"/>
        <line num="38" count="126" type="stmt"/>
        <line num="40" count="126" type="cond" truecount="2" falsecount="0"/>
        <line num="43" count="3" type="stmt"/>
        <line num="44" count="3" type="cond" truecount="2" falsecount="0"/>
        <line num="45" count="3" type="cond" truecount="2" falsecount="0"/>
        <line num="46" count="3" type="stmt"/>
        <line num="47" count="21" type="stmt"/>
        <line num="48" count="21" type="stmt"/>
        <line num="51" count="3" type="stmt"/>
        <line num="54" count="1" type="stmt"/>
        <line num="57" count="3" type="stmt"/>
      </file>
      <file name="century.js" path="P:\Projects\Datetime\src\plugins\century.js">
        <metrics statements="7" coveredstatements="7" conditionals="4" coveredconditionals="3" methods="3" coveredmethods="3"/>
        <line num="4" count="2" type="stmt"/>
        <line num="6" count="2" type="stmt"/>
        <line num="8" count="6" type="stmt"/>
        <line num="12" count="1" type="cond" truecount="1" falsecount="1"/>
        <line num="14" count="1" type="stmt"/>
        <line num="18" count="1" type="cond" truecount="2" falsecount="0"/>
        <line num="20" count="1" type="stmt"/>
      </file>
      <file name="compare.js" path="P:\Projects\Datetime\src\plugins\compare.js">
        <metrics statements="29" coveredstatements="29" conditionals="15" coveredconditionals="14" methods="11" coveredmethods="11"/>
        <line num="3" count="1" type="stmt"/>
        <line num="5" count="2" type="stmt"/>
        <line num="12" count="20" type="stmt"/>
        <line num="13" count="20" type="stmt"/>
        <line num="16" count="20" type="cond" truecount="2" falsecount="0"/>
        <line num="18" count="20" type="cond" truecount="2" falsecount="0"/>
        <line num="19" count="1" type="stmt"/>
        <line num="22" count="20" type="cond" truecount="2" falsecount="0"/>
        <line num="24" count="20" type="stmt"/>
        <line num="25" count="20" type="stmt"/>
        <line num="27" count="20" type="cond" truecount="6" falsecount="0"/>
        <line num="29" count="3" type="stmt"/>
        <line num="31" count="3" type="stmt"/>
        <line num="33" count="3" type="stmt"/>
        <line num="35" count="3" type="stmt"/>
        <line num="37" count="5" type="stmt"/>
        <line num="39" count="3" type="stmt"/>
        <line num="44" count="1" type="cond" truecount="2" falsecount="0"/>
        <line num="48" count="3" type="stmt"/>
        <line num="52" count="3" type="stmt"/>
        <line num="56" count="3" type="stmt"/>
        <line num="60" count="3" type="stmt"/>
        <line num="64" count="3" type="stmt"/>
        <line num="68" count="3" type="stmt"/>
        <line num="72" count="2" type="stmt"/>
        <line num="73" count="2" type="stmt"/>
        <line num="74" count="2" type="stmt"/>
        <line num="76" count="2" type="stmt"/>
        <line num="88" count="1" type="stmt"/>
      </file>
      <file name="dayofyear.js" path="P:\Projects\Datetime\src\plugins\dayofyear.js">
        <metrics statements="5" coveredstatements="5" conditionals="4" coveredconditionals="4" methods="1" coveredmethods="1"/>
        <line num="4" count="2" type="stmt"/>
        <line num="6" count="5" type="stmt"/>
        <line num="7" count="5" type="stmt"/>
        <line num="8" count="5" type="stmt"/>
        <line num="9" count="5" type="cond" truecount="4" falsecount="0"/>
      </file>
      <file name="daysin.js" path="P:\Projects\Datetime\src\plugins\daysin.js">
        <metrics statements="17" coveredstatements="17" conditionals="6" coveredconditionals="6" methods="5" coveredmethods="5"/>
        <line num="4" count="1" type="stmt"/>
        <line num="6" count="1" type="stmt"/>
        <line num="7" count="1" type="stmt"/>
        <line num="11" count="2" type="cond" truecount="2" falsecount="0"/>
        <line num="15" count="3" type="stmt"/>
        <line num="16" count="3" type="stmt"/>
        <line num="18" count="3" type="stmt"/>
        <line num="20" count="3" type="stmt"/>
        <line num="21" count="36" type="stmt"/>
        <line num="22" count="36" type="stmt"/>
        <line num="23" count="36" type="stmt"/>
        <line num="25" count="3" type="stmt"/>
        <line num="29" count="2" type="stmt"/>
        <line num="30" count="2" type="stmt"/>
        <line num="31" count="2" type="cond" truecount="2" falsecount="0"/>
        <line num="33" count="24" type="cond" truecount="2" falsecount="0"/>
        <line num="35" count="2" type="stmt"/>
      </file>
      <file name="decade.js" path="P:\Projects\Datetime\src\plugins\decade.js">
        <metrics statements="13" coveredstatements="13" conditionals="8" coveredconditionals="8" methods="4" coveredmethods="4"/>
        <line num="3" count="1" type="stmt"/>
        <line num="5" count="5" type="stmt"/>
        <line num="9" count="2" type="stmt"/>
        <line num="10" count="2" type="cond" truecount="2" falsecount="0"/>
        <line num="12" count="2" type="stmt"/>
        <line num="16" count="2" type="stmt"/>
        <line num="17" count="2" type="cond" truecount="2" falsecount="0"/>
        <line num="19" count="2" type="stmt"/>
        <line num="23" count="4" type="stmt"/>
        <line num="24" count="4" type="stmt"/>
        <line num="26" count="4" type="cond" truecount="2" falsecount="0"/>
        <line num="27" count="3" type="cond" truecount="2" falsecount="0"/>
        <line num="28" count="1" type="stmt"/>
      </file>
      <file name="from.js" path="P:\Projects\Datetime\src\plugins\from.js">
        <metrics statements="57" coveredstatements="57" conditionals="58" coveredconditionals="57" methods="5" coveredmethods="5"/>
        <line num="5" count="1" type="stmt"/>
        <line num="12" count="20" type="stmt"/>
        <line num="13" count="14" type="stmt"/>
        <line num="14" count="168" type="stmt"/>
        <line num="18" count="20" type="stmt"/>
        <line num="19" count="7" type="stmt"/>
        <line num="20" count="7" type="cond" truecount="2" falsecount="0"/>
        <line num="22" count="7" type="cond" truecount="1" falsecount="1"/>
        <line num="24" count="7" type="stmt"/>
        <line num="26" count="7" type="cond" truecount="4" falsecount="0"/>
        <line num="27" count="1" type="stmt"/>
        <line num="30" count="7" type="cond" truecount="2" falsecount="0"/>
        <line num="31" count="6" type="stmt"/>
        <line num="32" count="6" type="stmt"/>
        <line num="35" count="7" type="cond" truecount="2" falsecount="0"/>
        <line num="38" count="20" type="stmt"/>
        <line num="39" count="126" type="stmt"/>
        <line num="49" count="126" type="stmt"/>
        <line num="51" count="126" type="stmt"/>
        <line num="52" count="354" type="stmt"/>
        <line num="53" count="354" type="stmt"/>
        <line num="54" count="354" type="cond" truecount="2" falsecount="0"/>
        <line num="55" count="55" type="stmt"/>
        <line num="56" count="55" type="stmt"/>
        <line num="60" count="126" type="stmt"/>
        <line num="63" count="20" type="cond" truecount="2" falsecount="0"/>
        <line num="64" count="1" type="stmt"/>
        <line num="68" count="19" type="stmt"/>
        <line num="70" count="19" type="stmt"/>
        <line num="71" count="19" type="stmt"/>
        <line num="72" count="19" type="stmt"/>
        <line num="74" count="19" type="cond" truecount="2" falsecount="0"/>
        <line num="75" count="1" type="stmt"/>
        <line num="78" count="18" type="stmt"/>
        <line num="79" count="18" type="stmt"/>
        <line num="80" count="18" type="stmt"/>
        <line num="81" count="18" type="stmt"/>
        <line num="82" count="18" type="stmt"/>
        <line num="83" count="18" type="stmt"/>
        <line num="84" count="18" type="stmt"/>
        <line num="86" count="18" type="cond" truecount="4" falsecount="0"/>
        <line num="87" count="14" type="cond" truecount="2" falsecount="0"/>
        <line num="88" count="7" type="stmt"/>
        <line num="89" count="7" type="cond" truecount="2" falsecount="0"/>
        <line num="90" count="1" type="stmt"/>
        <line num="93" count="7" type="stmt"/>
        <line num="94" count="7" type="cond" truecount="4" falsecount="0"/>
        <line num="95" count="1" type="stmt"/>
        <line num="99" count="4" type="stmt"/>
        <line num="102" count="18" type="cond" truecount="4" falsecount="0"/>
        <line num="103" count="18" type="cond" truecount="4" falsecount="0"/>
        <line num="104" count="18" type="cond" truecount="4" falsecount="0"/>
        <line num="106" count="18" type="cond" truecount="4" falsecount="0"/>
        <line num="107" count="18" type="cond" truecount="4" falsecount="0"/>
        <line num="108" count="18" type="cond" truecount="4" falsecount="0"/>
        <line num="109" count="18" type="cond" truecount="4" falsecount="0"/>
        <line num="111" count="18" type="stmt"/>
      </file>
      <file name="hour12.js" path="P:\Projects\Datetime\src\plugins\hour12.js">
        <metrics statements="16" coveredstatements="16" conditionals="14" coveredconditionals="14" methods="4" coveredmethods="4"/>
        <line num="5" count="2" type="stmt"/>
        <line num="7" count="2" type="stmt"/>
        <line num="9" count="15" type="cond" truecount="2" falsecount="0"/>
        <line num="10" count="15" type="cond" truecount="2" falsecount="0"/>
        <line num="14" count="8" type="stmt"/>
        <line num="16" count="8" type="cond" truecount="2" falsecount="0"/>
        <line num="17" count="6" type="stmt"/>
        <line num="20" count="2" type="cond" truecount="2" falsecount="0"/>
        <line num="22" count="2" type="cond" truecount="2" falsecount="0"/>
        <line num="23" count="1" type="stmt"/>
        <line num="26" count="2" type="stmt"/>
        <line num="30" count="2" type="stmt"/>
        <line num="32" count="2" type="cond" truecount="2" falsecount="0"/>
        <line num="34" count="2" type="stmt"/>
        <line num="41" count="2" type="cond" truecount="2" falsecount="0"/>
        <line num="43" count="2" type="stmt"/>
      </file>
      <file name="isleapyear.js" path="P:\Projects\Datetime\src\plugins\isleapyear.js">
        <metrics statements="3" coveredstatements="3" conditionals="3" coveredconditionals="3" methods="1" coveredmethods="1"/>
        <line num="3" count="4" type="stmt"/>
        <line num="5" count="9" type="stmt"/>
        <line num="6" count="9" type="cond" truecount="3" falsecount="0"/>
      </file>
      <file name="iso.js" path="P:\Projects\Datetime\src\plugins\iso.js">
        <metrics statements="28" coveredstatements="28" conditionals="12" coveredconditionals="12" methods="5" coveredmethods="5"/>
        <line num="5" count="3" type="stmt"/>
        <line num="6" count="3" type="stmt"/>
        <line num="7" count="3" type="stmt"/>
        <line num="9" count="3" type="stmt"/>
        <line num="10" count="4" type="stmt"/>
        <line num="12" count="4" type="cond" truecount="2" falsecount="0"/>
        <line num="14" count="1" type="stmt"/>
        <line num="15" count="1" type="stmt"/>
        <line num="16" count="1" type="stmt"/>
        <line num="18" count="3" type="stmt"/>
        <line num="21" count="4" type="stmt"/>
        <line num="24" count="3" type="stmt"/>
        <line num="25" count="5" type="stmt"/>
        <line num="27" count="5" type="cond" truecount="2" falsecount="0"/>
        <line num="29" count="1" type="stmt"/>
        <line num="30" count="1" type="stmt"/>
        <line num="31" count="1" type="stmt"/>
        <line num="33" count="4" type="stmt"/>
        <line num="36" count="5" type="stmt"/>
        <line num="39" count="3" type="stmt"/>
        <line num="41" count="165" type="stmt"/>
        <line num="43" count="165" type="cond" truecount="4" falsecount="0"/>
        <line num="44" count="163" type="stmt"/>
        <line num="47" count="2" type="stmt"/>
        <line num="51" count="154" type="cond" truecount="2" falsecount="0"/>
        <line num="52" count="154" type="stmt"/>
        <line num="55" count="154" type="cond" truecount="2" falsecount="0"/>
        <line num="56" count="154" type="stmt"/>
      </file>
      <file name="max.js" path="P:\Projects\Datetime\src\plugins\max.js">
        <metrics statements="5" coveredstatements="5" conditionals="0" coveredconditionals="0" methods="4" coveredmethods="4"/>
        <line num="3" count="1" type="stmt"/>
        <line num="5" count="2" type="stmt"/>
        <line num="6" count="6" type="stmt"/>
        <line num="10" count="1" type="stmt"/>
        <line num="12" count="1" type="stmt"/>
      </file>
      <file name="min.js" path="P:\Projects\Datetime\src\plugins\min.js">
        <metrics statements="5" coveredstatements="5" conditionals="0" coveredconditionals="0" methods="4" coveredmethods="4"/>
        <line num="4" count="1" type="stmt"/>
        <line num="6" count="2" type="stmt"/>
        <line num="7" count="8" type="stmt"/>
        <line num="11" count="1" type="stmt"/>
        <line num="13" count="1" type="stmt"/>
      </file>
      <file name="quarter.js" path="P:\Projects\Datetime\src\plugins\quarter.js">
        <metrics statements="24" coveredstatements="24" conditionals="12" coveredconditionals="12" methods="5" coveredmethods="5"/>
        <line num="3" count="1" type="stmt"/>
        <line num="4" count="1" type="stmt"/>
        <line num="5" count="1" type="stmt"/>
        <line num="7" count="1" type="stmt"/>
        <line num="9" count="20" type="stmt"/>
        <line num="11" count="20" type="cond" truecount="2" falsecount="0"/>
        <line num="12" count="4" type="stmt"/>
        <line num="13" count="16" type="stmt"/>
        <line num="16" count="20" type="stmt"/>
        <line num="20" count="8" type="stmt"/>
        <line num="22" count="8" type="cond" truecount="2" falsecount="0"/>
        <line num="23" count="2" type="stmt"/>
        <line num="24" count="6" type="stmt"/>
        <line num="27" count="8" type="stmt"/>
        <line num="31" count="1" type="stmt"/>
        <line num="33" count="8" type="stmt"/>
        <line num="35" count="8" type="cond" truecount="2" falsecount="0"/>
        <line num="36" count="7" type="cond" truecount="2" falsecount="0"/>
        <line num="37" count="2" type="cond" truecount="2" falsecount="0"/>
        <line num="38" count="1" type="stmt"/>
        <line num="42" count="9" type="cond" truecount="2" falsecount="0"/>
        <line num="43" count="2" type="stmt"/>
        <line num="45" count="7" type="stmt"/>
        <line num="49" count="1" type="stmt"/>
      </file>
      <file name="sort.js" path="P:\Projects\Datetime\src\plugins\sort.js">
        <metrics statements="19" coveredstatements="19" conditionals="22" coveredconditionals="22" methods="5" coveredmethods="5"/>
        <line num="5" count="1" type="stmt"/>
        <line num="8" count="7" type="stmt"/>
        <line num="10" count="7" type="cond" truecount="5" falsecount="0"/>
        <line num="11" count="2" type="stmt"/>
        <line num="12" count="2" type="cond" truecount="4" falsecount="0"/>
        <line num="13" count="2" type="stmt"/>
        <line num="15" count="5" type="cond" truecount="2" falsecount="0"/>
        <line num="16" count="5" type="cond" truecount="2" falsecount="0"/>
        <line num="17" count="5" type="cond" truecount="4" falsecount="0"/>
        <line num="20" count="28" type="stmt"/>
        <line num="22" count="7" type="cond" truecount="2" falsecount="0"/>
        <line num="23" count="2" type="stmt"/>
        <line num="26" count="7" type="cond" truecount="3" falsecount="0"/>
        <line num="28" count="3" type="stmt"/>
        <line num="29" count="1" type="stmt"/>
        <line num="31" count="3" type="stmt"/>
        <line num="32" count="1" type="stmt"/>
        <line num="34" count="5" type="stmt"/>
        <line num="37" count="7" type="stmt"/>
      </file>
      <file name="strftime.js" path="P:\Projects\Datetime\src\plugins\strftime.js">
        <metrics statements="18" coveredstatements="18" conditionals="8" coveredconditionals="7" methods="3" coveredmethods="3"/>
        <line num="12" count="1" type="stmt"/>
        <line num="14" count="3" type="cond" truecount="2" falsecount="0"/>
        <line num="15" count="3" type="cond" truecount="2" falsecount="0"/>
        <line num="16" count="3" type="stmt"/>
        <line num="17" count="3" type="stmt"/>
        <line num="18" count="3" type="stmt"/>
        <line num="19" count="3" type="stmt"/>
        <line num="20" count="3" type="stmt"/>
        <line num="21" count="3" type="stmt"/>
        <line num="22" count="3" type="stmt"/>
        <line num="23" count="3" type="stmt"/>
        <line num="24" count="3" type="stmt"/>
        <line num="26" count="3" type="stmt"/>
        <line num="28" count="3" type="stmt"/>
        <line num="29" count="6" type="stmt"/>
        <line num="32" count="3" type="stmt"/>
        <line num="75" count="3" type="stmt"/>
        <line num="77" count="14" type="cond" truecount="3" falsecount="1"/>
      </file>
      <file name="timezone.js" path="P:\Projects\Datetime\src\plugins\timezone.js">
        <metrics statements="9" coveredstatements="9" conditionals="6" coveredconditionals="6" methods="5" coveredmethods="5"/>
        <line num="4" count="3" type="stmt"/>
        <line num="6" count="3" type="stmt"/>
        <line num="8" count="29" type="stmt"/>
        <line num="12" count="24" type="stmt"/>
        <line num="16" count="9" type="stmt"/>
        <line num="20" count="6" type="cond" truecount="2" falsecount="0"/>
        <line num="22" count="6" type="stmt"/>
        <line num="29" count="6" type="cond" truecount="2" falsecount="0"/>
        <line num="31" count="6" type="stmt"/>
      </file>
      <file name="today.js" path="P:\Projects\Datetime\src\plugins\today.js">
        <metrics statements="10" coveredstatements="10" conditionals="2" coveredconditionals="2" methods="3" coveredmethods="3"/>
        <line num="3" count="1" type="stmt"/>
        <line num="5" count="3" type="stmt"/>
        <line num="6" count="3" type="stmt"/>
        <line num="8" count="3" type="stmt"/>
        <line num="12" count="1" type="stmt"/>
        <line num="14" count="2" type="stmt"/>
        <line num="18" count="3" type="stmt"/>
        <line num="20" count="3" type="cond" truecount="2" falsecount="0"/>
        <line num="21" count="1" type="stmt"/>
        <line num="23" count="2" type="stmt"/>
      </file>
      <file name="tomorrow.js" path="P:\Projects\Datetime\src\plugins\tomorrow.js">
        <metrics statements="9" coveredstatements="9" conditionals="2" coveredconditionals="2" methods="3" coveredmethods="3"/>
        <line num="3" count="1" type="stmt"/>
        <line num="5" count="3" type="stmt"/>
        <line num="6" count="3" type="stmt"/>
        <line num="8" count="3" type="stmt"/>
        <line num="12" count="1" type="stmt"/>
        <line num="14" count="2" type="stmt"/>
        <line num="18" count="2" type="cond" truecount="2" falsecount="0"/>
        <line num="19" count="1" type="stmt"/>
        <line num="21" count="1" type="stmt"/>
      </file>
      <file name="transform.js" path="P:\Projects\Datetime\src\plugins\transform.js">
        <metrics statements="11" coveredstatements="11" conditionals="0" coveredconditionals="0" methods="10" coveredmethods="10"/>
        <line num="3" count="4" type="stmt"/>
        <line num="5" count="1" type="stmt"/>
        <line num="9" count="1" type="stmt"/>
        <line num="13" count="1" type="stmt"/>
        <line num="17" count="1" type="stmt"/>
        <line num="21" count="4" type="stmt"/>
        <line num="25" count="1" type="stmt"/>
        <line num="29" count="4" type="stmt"/>
        <line num="33" count="34" type="stmt"/>
        <line num="37" count="1" type="stmt"/>
        <line num="41" count="1" type="stmt"/>
      </file>
      <file name="unix.js" path="P:\Projects\Datetime\src\plugins\unix.js">
        <metrics statements="10" coveredstatements="10" conditionals="6" coveredconditionals="6" methods="3" coveredmethods="3"/>
        <line num="4" count="1" type="stmt"/>
        <line num="6" count="1" type="stmt"/>
        <line num="10" count="1" type="stmt"/>
        <line num="14" count="8" type="cond" truecount="4" falsecount="0"/>
        <line num="15" count="6" type="stmt"/>
        <line num="18" count="2" type="stmt"/>
        <line num="20" count="2" type="cond" truecount="2" falsecount="0"/>
        <line num="21" count="1" type="stmt"/>
        <line num="24" count="1" type="stmt"/>
        <line num="28" count="1" type="stmt"/>
      </file>
      <file name="weeknumber.js" path="P:\Projects\Datetime\src\plugins\weeknumber.js">
        <metrics statements="24" coveredstatements="24" conditionals="16" coveredconditionals="13" methods="5" coveredmethods="5"/>
        <line num="6" count="2" type="stmt"/>
        <line num="8" count="2" type="stmt"/>
        <line num="13" count="14" type="cond" truecount="2" falsecount="0"/>
        <line num="14" count="14" type="stmt"/>
        <line num="15" count="14" type="stmt"/>
        <line num="16" count="14" type="cond" truecount="1" falsecount="1"/>
        <line num="17" count="14" type="stmt"/>
        <line num="21" count="14" type="cond" truecount="2" falsecount="0"/>
        <line num="22" count="13" type="stmt"/>
        <line num="23" count="13" type="cond" truecount="2" falsecount="0"/>
        <line num="24" count="7" type="stmt"/>
        <line num="25" count="7" type="stmt"/>
        <line num="26" count="7" type="cond" truecount="1" falsecount="1"/>
        <line num="27" count="7" type="cond" truecount="1" falsecount="1"/>
        <line num="31" count="1" type="stmt"/>
        <line num="33" count="14" type="stmt"/>
        <line num="37" count="7" type="stmt"/>
        <line num="41" count="1" type="stmt"/>
        <line num="42" count="1" type="stmt"/>
        <line num="46" count="3" type="stmt"/>
        <line num="48" count="3" type="cond" truecount="2" falsecount="0"/>
        <line num="50" count="3" type="stmt"/>
        <line num="57" count="8" type="cond" truecount="2" falsecount="0"/>
        <line num="59" count="3" type="stmt"/>
      </file>
      <file name="yesterday.js" path="P:\Projects\Datetime\src\plugins\yesterday.js">
        <metrics statements="9" coveredstatements="9" conditionals="2" coveredconditionals="2" methods="3" coveredmethods="3"/>
        <line num="3" count="1" type="stmt"/>
        <line num="5" count="3" type="stmt"/>
        <line num="6" count="3" type="stmt"/>
        <line num="8" count="3" type="stmt"/>
        <line num="12" count="1" type="stmt"/>
        <line num="14" count="2" type="stmt"/>
        <line num="18" count="2" type="cond" truecount="2" falsecount="0"/>
        <line num="19" count="1" type="stmt"/>
        <line num="21" count="1" type="stmt"/>
      </file>
    </package>
  </project>
</coverage>
