<?xml version="1.0" encoding="UTF-8"?>
<coverage generated="1659354325659" clover="3.2.0">
  <project timestamp="1659354325659" name="All files">
    <metrics statements="548" coveredstatements="544" conditionals="357" coveredconditionals="327" methods="154" coveredmethods="153" elements="1059" coveredelements="1024" complexity="0" loc="548" ncloc="548" packages="5" files="34" classes="34"/>
    <package name="src">
      <metrics statements="0" coveredstatements="0" conditionals="0" coveredconditionals="0" methods="0" coveredmethods="0"/>
      <file name="index.js" path="C:\Projects\Datetime\src\index.js">
        <metrics statements="0" coveredstatements="0" conditionals="0" coveredconditionals="0" methods="0" coveredmethods="0"/>
      </file>
    </package>
    <package name="src.core">
      <metrics statements="124" coveredstatements="124" conditionals="83" coveredconditionals="78" methods="45" coveredmethods="45"/>
      <file name="class.js" path="C:\Projects\Datetime\src\core\class.js">
        <metrics statements="124" coveredstatements="124" conditionals="83" coveredconditionals="78" methods="45" coveredmethods="45"/>
        <line num="10" count="837" type="stmt"/>
        <line num="11" count="837" type="stmt"/>
        <line num="12" count="837" type="stmt"/>
        <line num="13" count="837" type="stmt"/>
        <line num="14" count="837" type="stmt"/>
        <line num="15" count="837" type="stmt"/>
        <line num="17" count="837" type="cond" truecount="2" falsecount="0"/>
        <line num="18" count="3" type="stmt"/>
        <line num="22" count="32" type="stmt"/>
        <line num="27" count="1" type="stmt"/>
        <line num="31" count="2" type="cond" truecount="2" falsecount="0"/>
        <line num="35" count="1" type="stmt"/>
        <line num="39" count="6" type="stmt"/>
        <line num="43" count="209" type="cond" truecount="2" falsecount="0"/>
        <line num="47" count="190" type="stmt"/>
        <line num="50" count="190" type="cond" truecount="8" falsecount="0"/>
        <line num="51" count="36" type="stmt"/>
        <line num="52" count="35" type="stmt"/>
        <line num="53" count="34" type="stmt"/>
        <line num="54" count="33" type="stmt"/>
        <line num="55" count="8" type="stmt"/>
        <line num="56" count="7" type="stmt"/>
        <line num="58" count="1" type="stmt"/>
        <line num="59" count="1" type="stmt"/>
        <line num="60" count="1" type="stmt"/>
        <line num="62" count="36" type="stmt"/>
        <line num="64" count="190" type="stmt"/>
        <line num="68" count="57" type="stmt"/>
        <line num="71" count="57" type="cond" truecount="9" falsecount="0"/>
        <line num="72" count="11" type="stmt"/>
        <line num="73" count="11" type="stmt"/>
        <line num="74" count="11" type="stmt"/>
        <line num="75" count="9" type="stmt"/>
        <line num="76" count="8" type="stmt"/>
        <line num="77" count="2" type="stmt"/>
        <line num="78" count="3" type="stmt"/>
        <line num="80" count="1" type="stmt"/>
        <line num="81" count="1" type="stmt"/>
        <line num="82" count="1" type="stmt"/>
        <line num="85" count="1" type="stmt"/>
        <line num="88" count="57" type="stmt"/>
        <line num="92" count="25" type="cond" truecount="2" falsecount="0"/>
        <line num="93" count="25" type="stmt"/>
        <line num="97" count="20" type="stmt"/>
        <line num="98" count="20" type="stmt"/>
        <line num="102" count="1" type="stmt"/>
        <line num="103" count="1" type="stmt"/>
        <line num="107" count="2" type="cond" truecount="2" falsecount="0"/>
        <line num="108" count="2" type="stmt"/>
        <line num="109" count="2" type="stmt"/>
        <line num="113" count="26" type="stmt"/>
        <line num="114" count="26" type="stmt"/>
        <line num="115" count="26" type="stmt"/>
        <line num="116" count="26" type="stmt"/>
        <line num="117" count="26" type="stmt"/>
        <line num="121" count="68" type="cond" truecount="2" falsecount="0"/>
        <line num="122" count="67" type="stmt"/>
        <line num="123" count="67" type="stmt"/>
        <line num="126" count="1" type="stmt"/>
        <line num="130" count="12" type="cond" truecount="2" falsecount="0"/>
        <line num="131" count="11" type="stmt"/>
        <line num="132" count="11" type="stmt"/>
        <line num="135" count="1" type="stmt"/>
        <line num="139" count="91" type="cond" truecount="2" falsecount="0"/>
        <line num="140" count="86" type="stmt"/>
        <line num="142" count="5" type="cond" truecount="2" falsecount="0"/>
        <line num="143" count="4" type="stmt"/>
        <line num="144" count="4" type="stmt"/>
        <line num="147" count="1" type="stmt"/>
        <line num="151" count="193" type="stmt"/>
        <line num="157" count="618" type="cond" truecount="4" falsecount="0"/>
        <line num="158" count="618" type="cond" truecount="2" falsecount="0"/>
        <line num="159" count="607" type="stmt"/>
        <line num="160" count="607" type="stmt"/>
        <line num="162" count="11" type="stmt"/>
        <line num="163" count="11" type="stmt"/>
        <line num="164" count="11" type="stmt"/>
        <line num="168" count="4528" type="cond" truecount="4" falsecount="0"/>
        <line num="169" count="4528" type="stmt"/>
        <line num="173" count="5146" type="cond" truecount="5" falsecount="0"/>
        <line num="174" count="4528" type="stmt"/>
        <line num="176" count="618" type="stmt"/>
        <line num="179" count="251" type="stmt"/>
        <line num="180" count="250" type="stmt"/>
        <line num="181" count="247" type="stmt"/>
        <line num="182" count="831" type="stmt"/>
        <line num="183" count="796" type="stmt"/>
        <line num="184" count="430" type="stmt"/>
        <line num="185" count="1433" type="stmt"/>
        <line num="186" count="908" type="stmt"/>
        <line num="189" count="830" type="cond" truecount="4" falsecount="0"/>
        <line num="190" count="828" type="cond" truecount="2" falsecount="0"/>
        <line num="193" count="2" type="stmt"/>
        <line num="194" count="2" type="stmt"/>
        <line num="196" count="2" type="stmt"/>
        <line num="198" count="2" type="stmt"/>
        <line num="202" count="20" type="cond" truecount="2" falsecount="0"/>
        <line num="206" count="20" type="cond" truecount="2" falsecount="0"/>
        <line num="210" count="318" type="cond" truecount="8" falsecount="0"/>
        <line num="211" count="2" type="stmt"/>
        <line num="212" count="2" type="stmt"/>
        <line num="213" count="2" type="stmt"/>
        <line num="214" count="4" type="stmt"/>
        <line num="215" count="221" type="stmt"/>
        <line num="216" count="2" type="stmt"/>
        <line num="217" count="83" type="stmt"/>
        <line num="218" count="2" type="stmt"/>
        <line num="222" count="1" type="stmt"/>
        <line num="223" count="1" type="stmt"/>
        <line num="224" count="1" type="stmt"/>
        <line num="225" count="1" type="stmt"/>
        <line num="226" count="17" type="stmt"/>
        <line num="227" count="1" type="stmt"/>
        <line num="228" count="1" type="stmt"/>
        <line num="229" count="1" type="stmt"/>
        <line num="232" count="189" type="cond" truecount="1" falsecount="1"/>
        <line num="233" count="189" type="cond" truecount="2" falsecount="0"/>
        <line num="234" count="189" type="stmt"/>
        <line num="235" count="189" type="stmt"/>
        <line num="236" count="189" type="stmt"/>
        <line num="258" count="629" type="cond" truecount="2" falsecount="0"/>
        <line num="262" count="67" type="stmt"/>
        <line num="266" count="7" type="stmt"/>
        <line num="270" count="1589" type="cond" truecount="4" falsecount="0"/>
      </file>
    </package>
    <package name="src.helpers">
      <metrics statements="21" coveredstatements="19" conditionals="12" coveredconditionals="9" methods="5" coveredmethods="4"/>
      <file name="consts.js" path="C:\Projects\Datetime\src\helpers\consts.js">
        <metrics statements="8" coveredstatements="8" conditionals="0" coveredconditionals="0" methods="0" coveredmethods="0"/>
        <line num="1" count="32" type="stmt"/>
        <line num="2" count="32" type="stmt"/>
        <line num="3" count="32" type="stmt"/>
        <line num="4" count="32" type="stmt"/>
        <line num="5" count="32" type="stmt"/>
        <line num="6" count="32" type="stmt"/>
        <line num="15" count="32" type="stmt"/>
        <line num="28" count="32" type="stmt"/>
      </file>
      <file name="is-num.js" path="C:\Projects\Datetime\src\helpers\is-num.js">
        <metrics statements="1" coveredstatements="1" conditionals="0" coveredconditionals="0" methods="1" coveredmethods="1"/>
        <line num="1" count="837" type="stmt"/>
      </file>
      <file name="isset.js" path="C:\Projects\Datetime\src\helpers\isset.js">
        <metrics statements="4" coveredstatements="3" conditionals="5" coveredconditionals="3" methods="1" coveredmethods="1"/>
        <line num="1" count="32" type="cond" truecount="0" falsecount="1"/>
        <line num="2" count="211" type="stmt"/>
        <line num="3" count="211" type="cond" truecount="3" falsecount="1"/>
        <line num="5" count="0" type="stmt"/>
      </file>
      <file name="lpad.js" path="C:\Projects\Datetime\src\helpers\lpad.js">
        <metrics statements="5" coveredstatements="5" conditionals="4" coveredconditionals="4" methods="1" coveredmethods="1"/>
        <line num="1" count="32" type="stmt"/>
        <line num="2" count="1728" type="stmt"/>
        <line num="3" count="1728" type="cond" truecount="4" falsecount="0"/>
        <line num="4" count="370" type="stmt"/>
        <line num="6" count="1358" type="stmt"/>
      </file>
      <file name="not.js" path="C:\Projects\Datetime\src\helpers\not.js">
        <metrics statements="1" coveredstatements="1" conditionals="2" coveredconditionals="2" methods="1" coveredmethods="1"/>
        <line num="1" count="51" type="cond" truecount="2" falsecount="0"/>
      </file>
      <file name="required.js" path="C:\Projects\Datetime\src\helpers\required.js">
        <metrics statements="2" coveredstatements="1" conditionals="1" coveredconditionals="0" methods="1" coveredmethods="0"/>
        <line num="1" count="32" type="cond" truecount="0" falsecount="1"/>
        <line num="2" count="0" type="stmt"/>
      </file>
    </package>
    <package name="src.i18n">
      <metrics statements="0" coveredstatements="0" conditionals="0" coveredconditionals="0" methods="0" coveredmethods="0"/>
      <file name="ru.js" path="C:\Projects\Datetime\src\i18n\ru.js">
        <metrics statements="0" coveredstatements="0" conditionals="0" coveredconditionals="0" methods="0" coveredmethods="0"/>
      </file>
    </package>
    <package name="src.plugins">
      <metrics statements="403" coveredstatements="401" conditionals="262" coveredconditionals="240" methods="104" coveredmethods="104"/>
      <file name="buddhist.js" path="C:\Projects\Datetime\src\plugins\buddhist.js">
        <metrics statements="8" coveredstatements="8" conditionals="4" coveredconditionals="3" methods="3" coveredmethods="3"/>
        <line num="4" count="32" type="stmt"/>
        <line num="6" count="32" type="stmt"/>
        <line num="8" count="379" type="stmt"/>
        <line num="12" count="189" type="cond" truecount="1" falsecount="1"/>
        <line num="13" count="189" type="stmt"/>
        <line num="17" count="189" type="cond" truecount="2" falsecount="0"/>
        <line num="19" count="189" type="stmt"/>
        <line num="23" count="32" type="stmt"/>
      </file>
      <file name="calendar.js" path="C:\Projects\Datetime\src\plugins\calendar.js">
        <metrics statements="29" coveredstatements="29" conditionals="18" coveredconditionals="18" methods="4" coveredmethods="4"/>
        <line num="3" count="32" type="stmt"/>
        <line num="4" count="3" type="stmt"/>
        <line num="5" count="3" type="cond" truecount="4" falsecount="0"/>
        <line num="6" count="3" type="cond" truecount="2" falsecount="0"/>
        <line num="7" count="3" type="stmt"/>
        <line num="8" count="3" type="stmt"/>
        <line num="10" count="3" type="stmt"/>
        <line num="11" count="3" type="cond" truecount="2" falsecount="0"/>
        <line num="12" count="2" type="stmt"/>
        <line num="14" count="1" type="stmt"/>
        <line num="15" count="1" type="stmt"/>
        <line num="18" count="3" type="stmt"/>
        <line num="29" count="3" type="cond" truecount="2" falsecount="0"/>
        <line num="31" count="3" type="stmt"/>
        <line num="32" count="126" type="stmt"/>
        <line num="33" count="126" type="stmt"/>
        <line num="36" count="3" type="stmt"/>
        <line num="37" count="126" type="stmt"/>
        <line num="38" count="126" type="stmt"/>
        <line num="40" count="126" type="cond" truecount="2" falsecount="0"/>
        <line num="43" count="3" type="stmt"/>
        <line num="44" count="3" type="cond" truecount="2" falsecount="0"/>
        <line num="45" count="3" type="cond" truecount="2" falsecount="0"/>
        <line num="46" count="3" type="stmt"/>
        <line num="47" count="21" type="stmt"/>
        <line num="48" count="21" type="stmt"/>
        <line num="51" count="3" type="stmt"/>
        <line num="54" count="32" type="stmt"/>
        <line num="57" count="3" type="stmt"/>
      </file>
      <file name="century.js" path="C:\Projects\Datetime\src\plugins\century.js">
        <metrics statements="7" coveredstatements="7" conditionals="4" coveredconditionals="3" methods="3" coveredmethods="3"/>
        <line num="4" count="32" type="stmt"/>
        <line num="6" count="32" type="stmt"/>
        <line num="8" count="194" type="stmt"/>
        <line num="12" count="189" type="cond" truecount="1" falsecount="1"/>
        <line num="14" count="189" type="stmt"/>
        <line num="18" count="189" type="cond" truecount="2" falsecount="0"/>
        <line num="20" count="189" type="stmt"/>
      </file>
      <file name="compare.js" path="C:\Projects\Datetime\src\plugins\compare.js">
        <metrics statements="29" coveredstatements="29" conditionals="15" coveredconditionals="14" methods="11" coveredmethods="11"/>
        <line num="3" count="32" type="stmt"/>
        <line num="5" count="2" type="stmt"/>
        <line num="12" count="20" type="stmt"/>
        <line num="13" count="20" type="stmt"/>
        <line num="16" count="20" type="cond" truecount="2" falsecount="0"/>
        <line num="18" count="20" type="cond" truecount="2" falsecount="0"/>
        <line num="19" count="1" type="stmt"/>
        <line num="22" count="20" type="cond" truecount="2" falsecount="0"/>
        <line num="24" count="20" type="stmt"/>
        <line num="25" count="20" type="stmt"/>
        <line num="27" count="20" type="cond" truecount="6" falsecount="0"/>
        <line num="29" count="3" type="stmt"/>
        <line num="31" count="3" type="stmt"/>
        <line num="33" count="3" type="stmt"/>
        <line num="35" count="3" type="stmt"/>
        <line num="37" count="5" type="stmt"/>
        <line num="39" count="3" type="stmt"/>
        <line num="44" count="1" type="cond" truecount="2" falsecount="0"/>
        <line num="48" count="3" type="stmt"/>
        <line num="52" count="3" type="stmt"/>
        <line num="56" count="3" type="stmt"/>
        <line num="60" count="3" type="stmt"/>
        <line num="64" count="3" type="stmt"/>
        <line num="68" count="3" type="stmt"/>
        <line num="72" count="2" type="stmt"/>
        <line num="73" count="2" type="stmt"/>
        <line num="74" count="2" type="stmt"/>
        <line num="76" count="2" type="stmt"/>
        <line num="88" count="1" type="stmt"/>
      </file>
      <file name="dayofyear.js" path="C:\Projects\Datetime\src\plugins\dayofyear.js">
        <metrics statements="5" coveredstatements="5" conditionals="4" coveredconditionals="4" methods="1" coveredmethods="1"/>
        <line num="4" count="32" type="stmt"/>
        <line num="6" count="5" type="stmt"/>
        <line num="7" count="5" type="stmt"/>
        <line num="8" count="5" type="stmt"/>
        <line num="9" count="5" type="cond" truecount="4" falsecount="0"/>
      </file>
      <file name="daysin.js" path="C:\Projects\Datetime\src\plugins\daysin.js">
        <metrics statements="17" coveredstatements="17" conditionals="6" coveredconditionals="6" methods="5" coveredmethods="5"/>
        <line num="4" count="32" type="stmt"/>
        <line num="6" count="1" type="stmt"/>
        <line num="7" count="1" type="stmt"/>
        <line num="11" count="2" type="cond" truecount="2" falsecount="0"/>
        <line num="15" count="3" type="stmt"/>
        <line num="16" count="3" type="stmt"/>
        <line num="18" count="3" type="stmt"/>
        <line num="20" count="3" type="stmt"/>
        <line num="21" count="36" type="stmt"/>
        <line num="22" count="36" type="stmt"/>
        <line num="23" count="36" type="stmt"/>
        <line num="25" count="3" type="stmt"/>
        <line num="29" count="2" type="stmt"/>
        <line num="30" count="2" type="stmt"/>
        <line num="31" count="2" type="cond" truecount="2" falsecount="0"/>
        <line num="33" count="24" type="cond" truecount="2" falsecount="0"/>
        <line num="35" count="2" type="stmt"/>
      </file>
      <file name="decade.js" path="C:\Projects\Datetime\src\plugins\decade.js">
        <metrics statements="13" coveredstatements="13" conditionals="8" coveredconditionals="8" methods="4" coveredmethods="4"/>
        <line num="3" count="32" type="stmt"/>
        <line num="5" count="5" type="stmt"/>
        <line num="9" count="2" type="stmt"/>
        <line num="10" count="2" type="cond" truecount="2" falsecount="0"/>
        <line num="12" count="2" type="stmt"/>
        <line num="16" count="2" type="stmt"/>
        <line num="17" count="2" type="cond" truecount="2" falsecount="0"/>
        <line num="19" count="2" type="stmt"/>
        <line num="23" count="4" type="stmt"/>
        <line num="24" count="4" type="stmt"/>
        <line num="26" count="4" type="cond" truecount="2" falsecount="0"/>
        <line num="27" count="3" type="cond" truecount="2" falsecount="0"/>
        <line num="28" count="1" type="stmt"/>
      </file>
      <file name="from.js" path="C:\Projects\Datetime\src\plugins\from.js">
        <metrics statements="57" coveredstatements="57" conditionals="58" coveredconditionals="57" methods="5" coveredmethods="5"/>
        <line num="5" count="32" type="stmt"/>
        <line num="12" count="20" type="stmt"/>
        <line num="13" count="14" type="stmt"/>
        <line num="14" count="168" type="stmt"/>
        <line num="18" count="20" type="stmt"/>
        <line num="19" count="7" type="stmt"/>
        <line num="20" count="7" type="cond" truecount="2" falsecount="0"/>
        <line num="22" count="7" type="cond" truecount="1" falsecount="1"/>
        <line num="24" count="7" type="stmt"/>
        <line num="26" count="7" type="cond" truecount="4" falsecount="0"/>
        <line num="27" count="1" type="stmt"/>
        <line num="30" count="7" type="cond" truecount="2" falsecount="0"/>
        <line num="31" count="6" type="stmt"/>
        <line num="32" count="6" type="stmt"/>
        <line num="35" count="7" type="cond" truecount="2" falsecount="0"/>
        <line num="38" count="20" type="stmt"/>
        <line num="39" count="126" type="stmt"/>
        <line num="49" count="126" type="stmt"/>
        <line num="51" count="126" type="stmt"/>
        <line num="52" count="354" type="stmt"/>
        <line num="53" count="354" type="stmt"/>
        <line num="54" count="354" type="cond" truecount="2" falsecount="0"/>
        <line num="55" count="55" type="stmt"/>
        <line num="56" count="55" type="stmt"/>
        <line num="60" count="126" type="stmt"/>
        <line num="63" count="20" type="cond" truecount="2" falsecount="0"/>
        <line num="64" count="1" type="stmt"/>
        <line num="68" count="19" type="stmt"/>
        <line num="70" count="19" type="stmt"/>
        <line num="71" count="19" type="stmt"/>
        <line num="72" count="19" type="stmt"/>
        <line num="74" count="19" type="cond" truecount="2" falsecount="0"/>
        <line num="75" count="1" type="stmt"/>
        <line num="78" count="18" type="stmt"/>
        <line num="79" count="18" type="stmt"/>
        <line num="80" count="18" type="stmt"/>
        <line num="81" count="18" type="stmt"/>
        <line num="82" count="18" type="stmt"/>
        <line num="83" count="18" type="stmt"/>
        <line num="84" count="18" type="stmt"/>
        <line num="86" count="18" type="cond" truecount="4" falsecount="0"/>
        <line num="87" count="14" type="cond" truecount="2" falsecount="0"/>
        <line num="88" count="7" type="stmt"/>
        <line num="89" count="7" type="cond" truecount="2" falsecount="0"/>
        <line num="90" count="1" type="stmt"/>
        <line num="93" count="7" type="stmt"/>
        <line num="94" count="7" type="cond" truecount="4" falsecount="0"/>
        <line num="95" count="1" type="stmt"/>
        <line num="99" count="4" type="stmt"/>
        <line num="102" count="18" type="cond" truecount="4" falsecount="0"/>
        <line num="103" count="18" type="cond" truecount="4" falsecount="0"/>
        <line num="104" count="18" type="cond" truecount="4" falsecount="0"/>
        <line num="106" count="18" type="cond" truecount="4" falsecount="0"/>
        <line num="107" count="18" type="cond" truecount="4" falsecount="0"/>
        <line num="108" count="18" type="cond" truecount="4" falsecount="0"/>
        <line num="109" count="18" type="cond" truecount="4" falsecount="0"/>
        <line num="111" count="18" type="stmt"/>
      </file>
      <file name="hour12.js" path="C:\Projects\Datetime\src\plugins\hour12.js">
        <metrics statements="16" coveredstatements="16" conditionals="14" coveredconditionals="13" methods="4" coveredmethods="4"/>
        <line num="5" count="32" type="stmt"/>
        <line num="7" count="32" type="stmt"/>
        <line num="9" count="389" type="cond" truecount="2" falsecount="0"/>
        <line num="10" count="389" type="cond" truecount="2" falsecount="0"/>
        <line num="14" count="195" type="stmt"/>
        <line num="16" count="195" type="cond" truecount="2" falsecount="0"/>
        <line num="17" count="193" type="stmt"/>
        <line num="20" count="2" type="cond" truecount="2" falsecount="0"/>
        <line num="22" count="2" type="cond" truecount="2" falsecount="0"/>
        <line num="23" count="1" type="stmt"/>
        <line num="26" count="2" type="stmt"/>
        <line num="30" count="189" type="stmt"/>
        <line num="32" count="189" type="cond" truecount="1" falsecount="1"/>
        <line num="34" count="189" type="stmt"/>
        <line num="41" count="189" type="cond" truecount="2" falsecount="0"/>
        <line num="43" count="189" type="stmt"/>
      </file>
      <file name="isleapyear.js" path="C:\Projects\Datetime\src\plugins\isleapyear.js">
        <metrics statements="3" coveredstatements="3" conditionals="3" coveredconditionals="3" methods="1" coveredmethods="1"/>
        <line num="3" count="32" type="stmt"/>
        <line num="5" count="9" type="stmt"/>
        <line num="6" count="9" type="cond" truecount="3" falsecount="0"/>
      </file>
      <file name="iso.js" path="C:\Projects\Datetime\src\plugins\iso.js">
        <metrics statements="27" coveredstatements="27" conditionals="12" coveredconditionals="11" methods="5" coveredmethods="5"/>
        <line num="5" count="32" type="stmt"/>
        <line num="6" count="32" type="stmt"/>
        <line num="7" count="32" type="stmt"/>
        <line num="9" count="32" type="stmt"/>
        <line num="11" count="190" type="stmt"/>
        <line num="13" count="190" type="cond" truecount="2" falsecount="0"/>
        <line num="15" count="1" type="stmt"/>
        <line num="16" count="1" type="stmt"/>
        <line num="17" count="1" type="stmt"/>
        <line num="19" count="189" type="stmt"/>
        <line num="22" count="190" type="stmt"/>
        <line num="26" count="57" type="stmt"/>
        <line num="28" count="57" type="cond" truecount="2" falsecount="0"/>
        <line num="30" count="1" type="stmt"/>
        <line num="31" count="1" type="stmt"/>
        <line num="32" count="1" type="stmt"/>
        <line num="34" count="56" type="stmt"/>
        <line num="37" count="57" type="stmt"/>
        <line num="41" count="32" type="stmt"/>
        <line num="43" count="200" type="stmt"/>
        <line num="45" count="200" type="cond" truecount="4" falsecount="0"/>
        <line num="46" count="198" type="stmt"/>
        <line num="49" count="2" type="stmt"/>
        <line num="53" count="189" type="cond" truecount="1" falsecount="1"/>
        <line num="54" count="189" type="stmt"/>
        <line num="57" count="189" type="cond" truecount="2" falsecount="0"/>
        <line num="58" count="189" type="stmt"/>
      </file>
      <file name="max.js" path="C:\Projects\Datetime\src\plugins\max.js">
        <metrics statements="5" coveredstatements="5" conditionals="0" coveredconditionals="0" methods="4" coveredmethods="4"/>
        <line num="3" count="32" type="stmt"/>
        <line num="5" count="2" type="stmt"/>
        <line num="6" count="6" type="stmt"/>
        <line num="10" count="32" type="stmt"/>
        <line num="12" count="1" type="stmt"/>
      </file>
      <file name="min.js" path="C:\Projects\Datetime\src\plugins\min.js">
        <metrics statements="5" coveredstatements="5" conditionals="0" coveredconditionals="0" methods="4" coveredmethods="4"/>
        <line num="4" count="32" type="stmt"/>
        <line num="6" count="2" type="stmt"/>
        <line num="7" count="8" type="stmt"/>
        <line num="11" count="32" type="stmt"/>
        <line num="13" count="1" type="stmt"/>
      </file>
      <file name="parse-time.js" path="C:\Projects\Datetime\src\plugins\parse-time.js">
        <metrics statements="15" coveredstatements="13" conditionals="10" coveredconditionals="6" methods="2" coveredmethods="2"/>
        <line num="3" count="32" type="stmt"/>
        <line num="5" count="2" type="cond" truecount="1" falsecount="1"/>
        <line num="6" count="2" type="stmt"/>
        <line num="7" count="2" type="stmt"/>
        <line num="8" count="2" type="stmt"/>
        <line num="11" count="2" type="cond" truecount="1" falsecount="1"/>
        <line num="12" count="0" type="stmt"/>
        <line num="13" count="2" type="cond" truecount="1" falsecount="1"/>
        <line num="14" count="0" type="stmt"/>
        <line num="15" count="2" type="cond" truecount="2" falsecount="0"/>
        <line num="16" count="1" type="stmt"/>
        <line num="17" count="1" type="cond" truecount="1" falsecount="1"/>
        <line num="18" count="1" type="stmt"/>
        <line num="21" count="2" type="stmt"/>
        <line num="26" count="32" type="stmt"/>
      </file>
      <file name="quarter.js" path="C:\Projects\Datetime\src\plugins\quarter.js">
        <metrics statements="24" coveredstatements="24" conditionals="12" coveredconditionals="12" methods="5" coveredmethods="5"/>
        <line num="3" count="32" type="stmt"/>
        <line num="4" count="32" type="stmt"/>
        <line num="5" count="32" type="stmt"/>
        <line num="7" count="32" type="stmt"/>
        <line num="9" count="194" type="stmt"/>
        <line num="11" count="194" type="cond" truecount="2" falsecount="0"/>
        <line num="12" count="4" type="stmt"/>
        <line num="13" count="190" type="stmt"/>
        <line num="16" count="194" type="stmt"/>
        <line num="20" count="59" type="stmt"/>
        <line num="22" count="59" type="cond" truecount="2" falsecount="0"/>
        <line num="23" count="2" type="stmt"/>
        <line num="24" count="57" type="stmt"/>
        <line num="27" count="59" type="stmt"/>
        <line num="31" count="32" type="stmt"/>
        <line num="33" count="8" type="stmt"/>
        <line num="35" count="8" type="cond" truecount="2" falsecount="0"/>
        <line num="36" count="7" type="cond" truecount="2" falsecount="0"/>
        <line num="37" count="2" type="cond" truecount="2" falsecount="0"/>
        <line num="38" count="1" type="stmt"/>
        <line num="42" count="320" type="cond" truecount="2" falsecount="0"/>
        <line num="43" count="2" type="stmt"/>
        <line num="45" count="318" type="stmt"/>
        <line num="49" count="1" type="stmt"/>
      </file>
      <file name="sort.js" path="C:\Projects\Datetime\src\plugins\sort.js">
        <metrics statements="19" coveredstatements="19" conditionals="22" coveredconditionals="22" methods="5" coveredmethods="5"/>
        <line num="5" count="32" type="stmt"/>
        <line num="8" count="7" type="stmt"/>
        <line num="10" count="7" type="cond" truecount="5" falsecount="0"/>
        <line num="11" count="2" type="stmt"/>
        <line num="12" count="2" type="cond" truecount="4" falsecount="0"/>
        <line num="13" count="2" type="stmt"/>
        <line num="15" count="5" type="cond" truecount="2" falsecount="0"/>
        <line num="16" count="5" type="cond" truecount="2" falsecount="0"/>
        <line num="17" count="5" type="cond" truecount="4" falsecount="0"/>
        <line num="20" count="28" type="stmt"/>
        <line num="22" count="7" type="cond" truecount="2" falsecount="0"/>
        <line num="23" count="2" type="stmt"/>
        <line num="26" count="7" type="cond" truecount="3" falsecount="0"/>
        <line num="28" count="3" type="stmt"/>
        <line num="29" count="1" type="stmt"/>
        <line num="31" count="3" type="stmt"/>
        <line num="32" count="1" type="stmt"/>
        <line num="34" count="5" type="stmt"/>
        <line num="37" count="7" type="stmt"/>
      </file>
      <file name="strftime.js" path="C:\Projects\Datetime\src\plugins\strftime.js">
        <metrics statements="18" coveredstatements="18" conditionals="8" coveredconditionals="7" methods="3" coveredmethods="3"/>
        <line num="12" count="32" type="stmt"/>
        <line num="14" count="3" type="cond" truecount="2" falsecount="0"/>
        <line num="15" count="3" type="cond" truecount="2" falsecount="0"/>
        <line num="16" count="3" type="stmt"/>
        <line num="17" count="3" type="stmt"/>
        <line num="18" count="3" type="stmt"/>
        <line num="19" count="3" type="stmt"/>
        <line num="20" count="3" type="stmt"/>
        <line num="21" count="3" type="stmt"/>
        <line num="22" count="3" type="stmt"/>
        <line num="23" count="3" type="stmt"/>
        <line num="24" count="3" type="stmt"/>
        <line num="26" count="3" type="stmt"/>
        <line num="28" count="3" type="stmt"/>
        <line num="29" count="6" type="stmt"/>
        <line num="32" count="3" type="stmt"/>
        <line num="75" count="3" type="stmt"/>
        <line num="77" count="14" type="cond" truecount="3" falsecount="1"/>
      </file>
      <file name="time-lapse.js" path="C:\Projects\Datetime\src\plugins\time-lapse.js">
        <metrics statements="24" coveredstatements="24" conditionals="30" coveredconditionals="22" methods="3" coveredmethods="3"/>
        <line num="3" count="32" type="stmt"/>
        <line num="5" count="2" type="stmt"/>
        <line num="6" count="2" type="stmt"/>
        <line num="7" count="2" type="stmt"/>
        <line num="8" count="2" type="stmt"/>
        <line num="9" count="2" type="stmt"/>
        <line num="10" count="2" type="stmt"/>
        <line num="12" count="2" type="cond" truecount="1" falsecount="1"/>
        <line num="13" count="2" type="cond" truecount="3" falsecount="1"/>
        <line num="14" count="2" type="cond" truecount="3" falsecount="1"/>
        <line num="15" count="2" type="cond" truecount="3" falsecount="1"/>
        <line num="16" count="2" type="cond" truecount="4" falsecount="1"/>
        <line num="17" count="2" type="cond" truecount="3" falsecount="1"/>
        <line num="18" count="2" type="cond" truecount="4" falsecount="1"/>
        <line num="19" count="2" type="cond" truecount="1" falsecount="1"/>
        <line num="21" count="2" type="stmt"/>
        <line num="24" count="32" type="stmt"/>
        <line num="26" count="1" type="stmt"/>
        <line num="27" count="1" type="stmt"/>
        <line num="28" count="1" type="stmt"/>
        <line num="30" count="1" type="stmt"/>
        <line num="34" count="32" type="stmt"/>
        <line num="36" count="1" type="stmt"/>
        <line num="37" count="1" type="stmt"/>
      </file>
      <file name="timezone.js" path="C:\Projects\Datetime\src\plugins\timezone.js">
        <metrics statements="9" coveredstatements="9" conditionals="6" coveredconditionals="5" methods="5" coveredmethods="5"/>
        <line num="4" count="32" type="stmt"/>
        <line num="6" count="32" type="stmt"/>
        <line num="8" count="773" type="stmt"/>
        <line num="12" count="573" type="stmt"/>
        <line num="16" count="192" type="stmt"/>
        <line num="20" count="189" type="cond" truecount="1" falsecount="1"/>
        <line num="22" count="189" type="stmt"/>
        <line num="29" count="189" type="cond" truecount="2" falsecount="0"/>
        <line num="31" count="189" type="stmt"/>
      </file>
      <file name="today.js" path="C:\Projects\Datetime\src\plugins\today.js">
        <metrics statements="10" coveredstatements="10" conditionals="2" coveredconditionals="2" methods="3" coveredmethods="3"/>
        <line num="3" count="32" type="stmt"/>
        <line num="5" count="3" type="stmt"/>
        <line num="6" count="3" type="stmt"/>
        <line num="8" count="3" type="stmt"/>
        <line num="12" count="32" type="stmt"/>
        <line num="14" count="2" type="stmt"/>
        <line num="18" count="3" type="stmt"/>
        <line num="20" count="3" type="cond" truecount="2" falsecount="0"/>
        <line num="21" count="1" type="stmt"/>
        <line num="23" count="2" type="stmt"/>
      </file>
      <file name="tomorrow.js" path="C:\Projects\Datetime\src\plugins\tomorrow.js">
        <metrics statements="9" coveredstatements="9" conditionals="2" coveredconditionals="2" methods="3" coveredmethods="3"/>
        <line num="3" count="32" type="stmt"/>
        <line num="5" count="3" type="stmt"/>
        <line num="6" count="3" type="stmt"/>
        <line num="8" count="3" type="stmt"/>
        <line num="12" count="32" type="stmt"/>
        <line num="14" count="2" type="stmt"/>
        <line num="18" count="2" type="cond" truecount="2" falsecount="0"/>
        <line num="19" count="1" type="stmt"/>
        <line num="21" count="1" type="stmt"/>
      </file>
      <file name="transform.js" path="C:\Projects\Datetime\src\plugins\transform.js">
        <metrics statements="11" coveredstatements="11" conditionals="0" coveredconditionals="0" methods="10" coveredmethods="10"/>
        <line num="3" count="32" type="stmt"/>
        <line num="5" count="1" type="stmt"/>
        <line num="9" count="1" type="stmt"/>
        <line num="13" count="1" type="stmt"/>
        <line num="17" count="1" type="stmt"/>
        <line num="21" count="4" type="stmt"/>
        <line num="25" count="1" type="stmt"/>
        <line num="29" count="4" type="stmt"/>
        <line num="33" count="766" type="stmt"/>
        <line num="37" count="1" type="stmt"/>
        <line num="41" count="1" type="stmt"/>
      </file>
      <file name="unix.js" path="C:\Projects\Datetime\src\plugins\unix.js">
        <metrics statements="10" coveredstatements="10" conditionals="6" coveredconditionals="6" methods="3" coveredmethods="3"/>
        <line num="4" count="32" type="stmt"/>
        <line num="6" count="1" type="stmt"/>
        <line num="10" count="32" type="stmt"/>
        <line num="14" count="8" type="cond" truecount="4" falsecount="0"/>
        <line num="15" count="6" type="stmt"/>
        <line num="18" count="2" type="stmt"/>
        <line num="20" count="2" type="cond" truecount="2" falsecount="0"/>
        <line num="21" count="1" type="stmt"/>
        <line num="24" count="1" type="stmt"/>
        <line num="28" count="1" type="stmt"/>
      </file>
      <file name="weeknumber.js" path="C:\Projects\Datetime\src\plugins\weeknumber.js">
        <metrics statements="24" coveredstatements="24" conditionals="16" coveredconditionals="14" methods="5" coveredmethods="5"/>
        <line num="6" count="32" type="stmt"/>
        <line num="8" count="32" type="stmt"/>
        <line num="13" count="386" type="cond" truecount="2" falsecount="0"/>
        <line num="14" count="386" type="stmt"/>
        <line num="15" count="386" type="stmt"/>
        <line num="16" count="386" type="cond" truecount="1" falsecount="1"/>
        <line num="17" count="386" type="stmt"/>
        <line num="21" count="386" type="cond" truecount="2" falsecount="0"/>
        <line num="22" count="331" type="stmt"/>
        <line num="23" count="331" type="cond" truecount="2" falsecount="0"/>
        <line num="24" count="30" type="stmt"/>
        <line num="25" count="30" type="stmt"/>
        <line num="26" count="30" type="cond" truecount="1" falsecount="1"/>
        <line num="27" count="30" type="cond" truecount="2" falsecount="0"/>
        <line num="31" count="55" type="stmt"/>
        <line num="33" count="386" type="stmt"/>
        <line num="37" count="193" type="stmt"/>
        <line num="41" count="1" type="stmt"/>
        <line num="42" count="1" type="stmt"/>
        <line num="46" count="189" type="stmt"/>
        <line num="48" count="189" type="cond" truecount="2" falsecount="0"/>
        <line num="50" count="189" type="stmt"/>
        <line num="57" count="189" type="cond" truecount="2" falsecount="0"/>
        <line num="59" count="189" type="stmt"/>
      </file>
      <file name="yesterday.js" path="C:\Projects\Datetime\src\plugins\yesterday.js">
        <metrics statements="9" coveredstatements="9" conditionals="2" coveredconditionals="2" methods="3" coveredmethods="3"/>
        <line num="3" count="32" type="stmt"/>
        <line num="5" count="3" type="stmt"/>
        <line num="6" count="3" type="stmt"/>
        <line num="8" count="3" type="stmt"/>
        <line num="12" count="32" type="stmt"/>
        <line num="14" count="2" type="stmt"/>
        <line num="18" count="2" type="cond" truecount="2" falsecount="0"/>
        <line num="19" count="1" type="stmt"/>
        <line num="21" count="1" type="stmt"/>
      </file>
    </package>
  </project>
</coverage>
