{"C:\\Projects\\Datetime\\src\\index.js": {"path":"C:\\Projects\\Datetime\\src\\index.js","statementMap":{},"fnMap":{},"branchMap":{},"s":{},"f":{},"b":{},"_coverageSchema":"1a1c01bbd47fc00a2c39e90264f33305004495a9","hash":"5fbd7c99032d005333e2145997ca2697fa6076c3"}
,"C:\\Projects\\Datetime\\src\\core\\class.js": {"path":"C:\\Projects\\Datetime\\src\\core\\class.js","statementMap":{"0":{"start":{"line":10,"column":21},"end":{"line":10,"column":45}},"1":{"start":{"line":11,"column":8},"end":{"line":11,"column":87}},"2":{"start":{"line":12,"column":8},"end":{"line":12,"column":27}},"3":{"start":{"line":13,"column":8},"end":{"line":13,"column":58}},"4":{"start":{"line":14,"column":8},"end":{"line":14,"column":29}},"5":{"start":{"line":15,"column":8},"end":{"line":15,"column":28}},"6":{"start":{"line":17,"column":8},"end":{"line":19,"column":9}},"7":{"start":{"line":18,"column":12},"end":{"line":18,"column":42}},"8":{"start":{"line":22,"column":21},"end":{"line":24,"column":5}},"9":{"start":{"line":27,"column":8},"end":{"line":27,"column":39}},"10":{"start":{"line":31,"column":8},"end":{"line":31,"column":53}},"11":{"start":{"line":35,"column":8},"end":{"line":35,"column":41}},"12":{"start":{"line":39,"column":8},"end":{"line":39,"column":40}},"13":{"start":{"line":43,"column":8},"end":{"line":43,"column":102}},"14":{"start":{"line":47,"column":20},"end":{"line":47,"column":34}},"15":{"start":{"line":50,"column":8},"end":{"line":63,"column":9}},"16":{"start":{"line":51,"column":23},"end":{"line":51,"column":44}},"17":{"start":{"line":51,"column":45},"end":{"line":51,"column":51}},"18":{"start":{"line":52,"column":23},"end":{"line":52,"column":67}},"19":{"start":{"line":52,"column":68},"end":{"line":52,"column":74}},"20":{"start":{"line":53,"column":23},"end":{"line":53,"column":67}},"21":{"start":{"line":53,"column":68},"end":{"line":53,"column":74}},"22":{"start":{"line":54,"column":23},"end":{"line":54,"column":67}},"23":{"start":{"line":54,"column":68},"end":{"line":54,"column":74}},"24":{"start":{"line":55,"column":23},"end":{"line":55,"column":67}},"25":{"start":{"line":55,"column":68},"end":{"line":55,"column":74}},"26":{"start":{"line":56,"column":23},"end":{"line":56,"column":67}},"27":{"start":{"line":56,"column":68},"end":{"line":56,"column":74}},"28":{"start":{"line":58,"column":16},"end":{"line":58,"column":39}},"29":{"start":{"line":59,"column":16},"end":{"line":59,"column":65}},"30":{"start":{"line":60,"column":16},"end":{"line":60,"column":22}},"31":{"start":{"line":62,"column":21},"end":{"line":62,"column":36}},"32":{"start":{"line":64,"column":8},"end":{"line":64,"column":22}},"33":{"start":{"line":68,"column":20},"end":{"line":68,"column":34}},"34":{"start":{"line":71,"column":8},"end":{"line":86,"column":9}},"35":{"start":{"line":72,"column":23},"end":{"line":72,"column":46}},"36":{"start":{"line":72,"column":47},"end":{"line":72,"column":53}},"37":{"start":{"line":73,"column":23},"end":{"line":73,"column":63}},"38":{"start":{"line":73,"column":64},"end":{"line":73,"column":70}},"39":{"start":{"line":74,"column":23},"end":{"line":74,"column":71}},"40":{"start":{"line":74,"column":72},"end":{"line":74,"column":78}},"41":{"start":{"line":75,"column":23},"end":{"line":75,"column":71}},"42":{"start":{"line":75,"column":72},"end":{"line":75,"column":78}},"43":{"start":{"line":76,"column":23},"end":{"line":76,"column":71}},"44":{"start":{"line":76,"column":72},"end":{"line":76,"column":78}},"45":{"start":{"line":77,"column":23},"end":{"line":77,"column":95}},"46":{"start":{"line":77,"column":96},"end":{"line":77,"column":102}},"47":{"start":{"line":78,"column":23},"end":{"line":78,"column":80}},"48":{"start":{"line":78,"column":81},"end":{"line":78,"column":87}},"49":{"start":{"line":80,"column":16},"end":{"line":80,"column":39}},"50":{"start":{"line":81,"column":16},"end":{"line":81,"column":74}},"51":{"start":{"line":82,"column":16},"end":{"line":82,"column":22}},"52":{"start":{"line":85,"column":21},"end":{"line":85,"column":35}},"53":{"start":{"line":88,"column":8},"end":{"line":88,"column":22}},"54":{"start":{"line":92,"column":8},"end":{"line":92,"column":44}},"55":{"start":{"line":93,"column":8},"end":{"line":93,"column":20}},"56":{"start":{"line":97,"column":8},"end":{"line":97,"column":28}},"57":{"start":{"line":98,"column":8},"end":{"line":98,"column":20}},"58":{"start":{"line":102,"column":8},"end":{"line":102,"column":28}},"59":{"start":{"line":103,"column":8},"end":{"line":103,"column":20}},"60":{"start":{"line":107,"column":8},"end":{"line":107,"column":72}},"61":{"start":{"line":108,"column":8},"end":{"line":108,"column":67}},"62":{"start":{"line":109,"column":8},"end":{"line":109,"column":20}},"63":{"start":{"line":113,"column":18},"end":{"line":113,"column":38}},"64":{"start":{"line":114,"column":8},"end":{"line":114,"column":31}},"65":{"start":{"line":115,"column":8},"end":{"line":115,"column":37}},"66":{"start":{"line":116,"column":8},"end":{"line":116,"column":33}},"67":{"start":{"line":117,"column":8},"end":{"line":117,"column":17}},"68":{"start":{"line":121,"column":8},"end":{"line":124,"column":9}},"69":{"start":{"line":122,"column":12},"end":{"line":122,"column":56}},"70":{"start":{"line":123,"column":12},"end":{"line":123,"column":24}},"71":{"start":{"line":126,"column":8},"end":{"line":126,"column":80}},"72":{"start":{"line":130,"column":8},"end":{"line":133,"column":9}},"73":{"start":{"line":131,"column":12},"end":{"line":131,"column":59}},"74":{"start":{"line":132,"column":12},"end":{"line":132,"column":24}},"75":{"start":{"line":135,"column":8},"end":{"line":135,"column":83}},"76":{"start":{"line":139,"column":8},"end":{"line":140,"column":30}},"77":{"start":{"line":140,"column":12},"end":{"line":140,"column":30}},"78":{"start":{"line":142,"column":8},"end":{"line":145,"column":9}},"79":{"start":{"line":143,"column":12},"end":{"line":143,"column":29}},"80":{"start":{"line":144,"column":12},"end":{"line":144,"column":24}},"81":{"start":{"line":147,"column":8},"end":{"line":147,"column":29}},"82":{"start":{"line":151,"column":8},"end":{"line":151,"column":44}},"83":{"start":{"line":157,"column":19},"end":{"line":157,"column":74}},"84":{"start":{"line":158,"column":8},"end":{"line":161,"column":9}},"85":{"start":{"line":159,"column":12},"end":{"line":159,"column":30}},"86":{"start":{"line":160,"column":12},"end":{"line":160,"column":24}},"87":{"start":{"line":162,"column":22},"end":{"line":162,"column":34}},"88":{"start":{"line":163,"column":8},"end":{"line":163,"column":27}},"89":{"start":{"line":164,"column":8},"end":{"line":164,"column":21}},"90":{"start":{"line":168,"column":19},"end":{"line":168,"column":74}},"91":{"start":{"line":169,"column":8},"end":{"line":169,"column":32}},"92":{"start":{"line":173,"column":8},"end":{"line":175,"column":9}},"93":{"start":{"line":174,"column":12},"end":{"line":174,"column":35}},"94":{"start":{"line":176,"column":8},"end":{"line":176,"column":36}},"95":{"start":{"line":179,"column":13},"end":{"line":179,"column":42}},"96":{"start":{"line":180,"column":16},"end":{"line":180,"column":44}},"97":{"start":{"line":181,"column":16},"end":{"line":181,"column":44}},"98":{"start":{"line":182,"column":14},"end":{"line":182,"column":42}},"99":{"start":{"line":183,"column":13},"end":{"line":183,"column":41}},"100":{"start":{"line":184,"column":15},"end":{"line":184,"column":43}},"101":{"start":{"line":185,"column":14},"end":{"line":185,"column":42}},"102":{"start":{"line":186,"column":14},"end":{"line":186,"column":42}},"103":{"start":{"line":189,"column":8},"end":{"line":191,"column":9}},"104":{"start":{"line":190,"column":12},"end":{"line":190,"column":79}},"105":{"start":{"line":193,"column":21},"end":{"line":193,"column":35}},"106":{"start":{"line":194,"column":21},"end":{"line":194,"column":31}},"107":{"start":{"line":196,"column":8},"end":{"line":196,"column":36}},"108":{"start":{"line":198,"column":8},"end":{"line":198,"column":20}},"109":{"start":{"line":202,"column":8},"end":{"line":202,"column":70}},"110":{"start":{"line":206,"column":8},"end":{"line":206,"column":73}},"111":{"start":{"line":210,"column":8},"end":{"line":219,"column":9}},"112":{"start":{"line":211,"column":22},"end":{"line":211,"column":77}},"113":{"start":{"line":212,"column":22},"end":{"line":212,"column":72}},"114":{"start":{"line":213,"column":22},"end":{"line":213,"column":67}},"115":{"start":{"line":214,"column":23},"end":{"line":214,"column":61}},"116":{"start":{"line":215,"column":22},"end":{"line":215,"column":56}},"117":{"start":{"line":216,"column":22},"end":{"line":216,"column":60}},"118":{"start":{"line":217,"column":22},"end":{"line":217,"column":60}},"119":{"start":{"line":218,"column":22},"end":{"line":218,"column":58}},"120":{"start":{"line":222,"column":15},"end":{"line":222,"column":38}},"121":{"start":{"line":223,"column":17},"end":{"line":223,"column":40}},"122":{"start":{"line":224,"column":17},"end":{"line":224,"column":41}},"123":{"start":{"line":225,"column":13},"end":{"line":225,"column":38}},"124":{"start":{"line":226,"column":14},"end":{"line":226,"column":37}},"125":{"start":{"line":227,"column":15},"end":{"line":227,"column":38}},"126":{"start":{"line":228,"column":16},"end":{"line":228,"column":40}},"127":{"start":{"line":229,"column":15},"end":{"line":229,"column":39}},"128":{"start":{"line":232,"column":23},"end":{"line":232,"column":44}},"129":{"start":{"line":233,"column":22},"end":{"line":233,"column":63}},"130":{"start":{"line":234,"column":21},"end":{"line":234,"column":32}},"131":{"start":{"line":234,"column":42},"end":{"line":234,"column":54}},"132":{"start":{"line":234,"column":64},"end":{"line":234,"column":76}},"133":{"start":{"line":234,"column":84},"end":{"line":234,"column":94}},"134":{"start":{"line":234,"column":106},"end":{"line":234,"column":120}},"135":{"start":{"line":235,"column":21},"end":{"line":235,"column":32}},"136":{"start":{"line":235,"column":43},"end":{"line":235,"column":56}},"137":{"start":{"line":235,"column":67},"end":{"line":235,"column":80}},"138":{"start":{"line":235,"column":87},"end":{"line":235,"column":96}},"139":{"start":{"line":236,"column":24},"end":{"line":256,"column":9}},"140":{"start":{"line":258,"column":8},"end":{"line":258,"column":81}},"141":{"start":{"line":258,"column":59},"end":{"line":258,"column":79}},"142":{"start":{"line":262,"column":8},"end":{"line":262,"column":36}},"143":{"start":{"line":266,"column":8},"end":{"line":266,"column":37}},"144":{"start":{"line":270,"column":17},"end":{"line":270,"column":99}},"145":{"start":{"line":270,"column":30},"end":{"line":270,"column":99}}},"fnMap":{"0":{"name":"(anonymous_0)","decl":{"start":{"line":9,"column":4},"end":{"line":9,"column":5}},"loc":{"start":{"line":9,"column":18},"end":{"line":20,"column":5}},"line":9},"1":{"name":"(anonymous_1)","decl":{"start":{"line":26,"column":4},"end":{"line":26,"column":5}},"loc":{"start":{"line":26,"column":26},"end":{"line":28,"column":5}},"line":26},"2":{"name":"(anonymous_2)","decl":{"start":{"line":30,"column":4},"end":{"line":30,"column":5}},"loc":{"start":{"line":30,"column":30},"end":{"line":32,"column":5}},"line":30},"3":{"name":"(anonymous_3)","decl":{"start":{"line":34,"column":4},"end":{"line":34,"column":5}},"loc":{"start":{"line":34,"column":34},"end":{"line":36,"column":5}},"line":34},"4":{"name":"(anonymous_4)","decl":{"start":{"line":38,"column":4},"end":{"line":38,"column":5}},"loc":{"start":{"line":38,"column":60},"end":{"line":40,"column":5}},"line":38},"5":{"name":"(anonymous_5)","decl":{"start":{"line":42,"column":4},"end":{"line":42,"column":5}},"loc":{"start":{"line":42,"column":33},"end":{"line":44,"column":5}},"line":42},"6":{"name":"(anonymous_6)","decl":{"start":{"line":46,"column":4},"end":{"line":46,"column":5}},"loc":{"start":{"line":46,"column":29},"end":{"line":65,"column":5}},"line":46},"7":{"name":"(anonymous_7)","decl":{"start":{"line":67,"column":4},"end":{"line":67,"column":5}},"loc":{"start":{"line":67,"column":32},"end":{"line":89,"column":5}},"line":67},"8":{"name":"(anonymous_8)","decl":{"start":{"line":91,"column":4},"end":{"line":91,"column":5}},"loc":{"start":{"line":91,"column":16},"end":{"line":94,"column":5}},"line":91},"9":{"name":"(anonymous_9)","decl":{"start":{"line":96,"column":4},"end":{"line":96,"column":5}},"loc":{"start":{"line":96,"column":9},"end":{"line":99,"column":5}},"line":96},"10":{"name":"(anonymous_10)","decl":{"start":{"line":101,"column":4},"end":{"line":101,"column":5}},"loc":{"start":{"line":101,"column":11},"end":{"line":104,"column":5}},"line":101},"11":{"name":"(anonymous_11)","decl":{"start":{"line":106,"column":4},"end":{"line":106,"column":5}},"loc":{"start":{"line":106,"column":18},"end":{"line":110,"column":5}},"line":106},"12":{"name":"(anonymous_12)","decl":{"start":{"line":112,"column":4},"end":{"line":112,"column":5}},"loc":{"start":{"line":112,"column":11},"end":{"line":118,"column":5}},"line":112},"13":{"name":"(anonymous_13)","decl":{"start":{"line":120,"column":4},"end":{"line":120,"column":5}},"loc":{"start":{"line":120,"column":13},"end":{"line":127,"column":5}},"line":120},"14":{"name":"(anonymous_14)","decl":{"start":{"line":129,"column":4},"end":{"line":129,"column":5}},"loc":{"start":{"line":129,"column":16},"end":{"line":136,"column":5}},"line":129},"15":{"name":"(anonymous_15)","decl":{"start":{"line":138,"column":4},"end":{"line":138,"column":5}},"loc":{"start":{"line":138,"column":12},"end":{"line":148,"column":5}},"line":138},"16":{"name":"(anonymous_16)","decl":{"start":{"line":150,"column":4},"end":{"line":150,"column":5}},"loc":{"start":{"line":150,"column":11},"end":{"line":152,"column":5}},"line":150},"17":{"name":"(anonymous_17)","decl":{"start":{"line":156,"column":4},"end":{"line":156,"column":5}},"loc":{"start":{"line":156,"column":14},"end":{"line":165,"column":5}},"line":156},"18":{"name":"(anonymous_18)","decl":{"start":{"line":167,"column":4},"end":{"line":167,"column":5}},"loc":{"start":{"line":167,"column":11},"end":{"line":170,"column":5}},"line":167},"19":{"name":"(anonymous_19)","decl":{"start":{"line":172,"column":4},"end":{"line":172,"column":5}},"loc":{"start":{"line":172,"column":20},"end":{"line":177,"column":5}},"line":172},"20":{"name":"(anonymous_20)","decl":{"start":{"line":179,"column":4},"end":{"line":179,"column":5}},"loc":{"start":{"line":179,"column":11},"end":{"line":179,"column":43}},"line":179},"21":{"name":"(anonymous_21)","decl":{"start":{"line":180,"column":4},"end":{"line":180,"column":5}},"loc":{"start":{"line":180,"column":15},"end":{"line":180,"column":45}},"line":180},"22":{"name":"(anonymous_22)","decl":{"start":{"line":181,"column":4},"end":{"line":181,"column":5}},"loc":{"start":{"line":181,"column":15},"end":{"line":181,"column":46}},"line":181},"23":{"name":"(anonymous_23)","decl":{"start":{"line":182,"column":4},"end":{"line":182,"column":5}},"loc":{"start":{"line":182,"column":13},"end":{"line":182,"column":43}},"line":182},"24":{"name":"(anonymous_24)","decl":{"start":{"line":183,"column":4},"end":{"line":183,"column":5}},"loc":{"start":{"line":183,"column":12},"end":{"line":183,"column":42}},"line":183},"25":{"name":"(anonymous_25)","decl":{"start":{"line":184,"column":4},"end":{"line":184,"column":5}},"loc":{"start":{"line":184,"column":14},"end":{"line":184,"column":44}},"line":184},"26":{"name":"(anonymous_26)","decl":{"start":{"line":185,"column":4},"end":{"line":185,"column":5}},"loc":{"start":{"line":185,"column":13},"end":{"line":185,"column":43}},"line":185},"27":{"name":"(anonymous_27)","decl":{"start":{"line":186,"column":4},"end":{"line":186,"column":5}},"loc":{"start":{"line":186,"column":13},"end":{"line":186,"column":43}},"line":186},"28":{"name":"(anonymous_28)","decl":{"start":{"line":188,"column":4},"end":{"line":188,"column":5}},"loc":{"start":{"line":188,"column":16},"end":{"line":199,"column":5}},"line":188},"29":{"name":"(anonymous_29)","decl":{"start":{"line":201,"column":4},"end":{"line":201,"column":5}},"loc":{"start":{"line":201,"column":13},"end":{"line":203,"column":5}},"line":201},"30":{"name":"(anonymous_30)","decl":{"start":{"line":205,"column":4},"end":{"line":205,"column":5}},"loc":{"start":{"line":205,"column":18},"end":{"line":207,"column":5}},"line":205},"31":{"name":"(anonymous_31)","decl":{"start":{"line":209,"column":4},"end":{"line":209,"column":5}},"loc":{"start":{"line":209,"column":16},"end":{"line":220,"column":5}},"line":209},"32":{"name":"(anonymous_32)","decl":{"start":{"line":222,"column":4},"end":{"line":222,"column":5}},"loc":{"start":{"line":222,"column":14},"end":{"line":222,"column":39}},"line":222},"33":{"name":"(anonymous_33)","decl":{"start":{"line":223,"column":4},"end":{"line":223,"column":5}},"loc":{"start":{"line":223,"column":16},"end":{"line":223,"column":41}},"line":223},"34":{"name":"(anonymous_34)","decl":{"start":{"line":224,"column":4},"end":{"line":224,"column":5}},"loc":{"start":{"line":224,"column":16},"end":{"line":224,"column":42}},"line":224},"35":{"name":"(anonymous_35)","decl":{"start":{"line":225,"column":4},"end":{"line":225,"column":5}},"loc":{"start":{"line":225,"column":12},"end":{"line":225,"column":39}},"line":225},"36":{"name":"(anonymous_36)","decl":{"start":{"line":226,"column":4},"end":{"line":226,"column":5}},"loc":{"start":{"line":226,"column":13},"end":{"line":226,"column":38}},"line":226},"37":{"name":"(anonymous_37)","decl":{"start":{"line":227,"column":4},"end":{"line":227,"column":5}},"loc":{"start":{"line":227,"column":14},"end":{"line":227,"column":39}},"line":227},"38":{"name":"(anonymous_38)","decl":{"start":{"line":228,"column":4},"end":{"line":228,"column":5}},"loc":{"start":{"line":228,"column":15},"end":{"line":228,"column":41}},"line":228},"39":{"name":"(anonymous_39)","decl":{"start":{"line":229,"column":4},"end":{"line":229,"column":5}},"loc":{"start":{"line":229,"column":14},"end":{"line":229,"column":40}},"line":229},"40":{"name":"(anonymous_40)","decl":{"start":{"line":231,"column":4},"end":{"line":231,"column":5}},"loc":{"start":{"line":231,"column":23},"end":{"line":259,"column":5}},"line":231},"41":{"name":"(anonymous_41)","decl":{"start":{"line":258,"column":44},"end":{"line":258,"column":45}},"loc":{"start":{"line":258,"column":59},"end":{"line":258,"column":79}},"line":258},"42":{"name":"(anonymous_42)","decl":{"start":{"line":261,"column":4},"end":{"line":261,"column":5}},"loc":{"start":{"line":261,"column":13},"end":{"line":263,"column":5}},"line":261},"43":{"name":"(anonymous_43)","decl":{"start":{"line":265,"column":4},"end":{"line":265,"column":5}},"loc":{"start":{"line":265,"column":14},"end":{"line":267,"column":5}},"line":265},"44":{"name":"(anonymous_44)","decl":{"start":{"line":270,"column":17},"end":{"line":270,"column":18}},"loc":{"start":{"line":270,"column":30},"end":{"line":270,"column":99}},"line":270}},"branchMap":{"0":{"loc":{"start":{"line":17,"column":8},"end":{"line":19,"column":9}},"type":"if","locations":[{"start":{"line":17,"column":8},"end":{"line":19,"column":9}},{"start":{},"end":{}}],"line":17},"1":{"loc":{"start":{"line":30,"column":15},"end":{"line":30,"column":29}},"type":"default-arg","locations":[{"start":{"line":30,"column":24},"end":{"line":30,"column":29}}],"line":30},"2":{"loc":{"start":{"line":31,"column":26},"end":{"line":31,"column":49}},"type":"cond-expr","locations":[{"start":{"line":31,"column":35},"end":{"line":31,"column":40}},{"start":{"line":31,"column":43},"end":{"line":31,"column":49}}],"line":31},"3":{"loc":{"start":{"line":34,"column":17},"end":{"line":34,"column":33}},"type":"default-arg","locations":[{"start":{"line":34,"column":23},"end":{"line":34,"column":33}}],"line":34},"4":{"loc":{"start":{"line":38,"column":21},"end":{"line":38,"column":38}},"type":"default-arg","locations":[{"start":{"line":38,"column":28},"end":{"line":38,"column":38}}],"line":38},"5":{"loc":{"start":{"line":38,"column":40},"end":{"line":38,"column":59}},"type":"default-arg","locations":[{"start":{"line":38,"column":49},"end":{"line":38,"column":59}}],"line":38},"6":{"loc":{"start":{"line":42,"column":21},"end":{"line":42,"column":32}},"type":"default-arg","locations":[{"start":{"line":42,"column":28},"end":{"line":42,"column":32}}],"line":42},"7":{"loc":{"start":{"line":43,"column":15},"end":{"line":43,"column":101}},"type":"cond-expr","locations":[{"start":{"line":43,"column":54},"end":{"line":43,"column":76}},{"start":{"line":43,"column":79},"end":{"line":43,"column":101}}],"line":43},"8":{"loc":{"start":{"line":50,"column":8},"end":{"line":63,"column":9}},"type":"switch","locations":[{"start":{"line":51,"column":12},"end":{"line":51,"column":51}},{"start":{"line":52,"column":12},"end":{"line":52,"column":74}},{"start":{"line":53,"column":12},"end":{"line":53,"column":74}},{"start":{"line":54,"column":12},"end":{"line":54,"column":74}},{"start":{"line":55,"column":12},"end":{"line":55,"column":74}},{"start":{"line":56,"column":12},"end":{"line":56,"column":74}},{"start":{"line":57,"column":12},"end":{"line":61,"column":13}},{"start":{"line":62,"column":12},"end":{"line":62,"column":36}}],"line":50},"9":{"loc":{"start":{"line":71,"column":8},"end":{"line":86,"column":9}},"type":"switch","locations":[{"start":{"line":72,"column":12},"end":{"line":72,"column":53}},{"start":{"line":73,"column":12},"end":{"line":73,"column":70}},{"start":{"line":74,"column":12},"end":{"line":74,"column":78}},{"start":{"line":75,"column":12},"end":{"line":75,"column":78}},{"start":{"line":76,"column":12},"end":{"line":76,"column":78}},{"start":{"line":77,"column":12},"end":{"line":77,"column":102}},{"start":{"line":78,"column":12},"end":{"line":78,"column":87}},{"start":{"line":79,"column":12},"end":{"line":83,"column":13}},{"start":{"line":85,"column":12},"end":{"line":85,"column":35}}],"line":71},"10":{"loc":{"start":{"line":92,"column":25},"end":{"line":92,"column":42}},"type":"cond-expr","locations":[{"start":{"line":92,"column":34},"end":{"line":92,"column":38}},{"start":{"line":92,"column":41},"end":{"line":92,"column":42}}],"line":92},"11":{"loc":{"start":{"line":107,"column":22},"end":{"line":107,"column":71}},"type":"cond-expr","locations":[{"start":{"line":107,"column":61},"end":{"line":107,"column":65}},{"start":{"line":107,"column":68},"end":{"line":107,"column":71}}],"line":107},"12":{"loc":{"start":{"line":121,"column":8},"end":{"line":124,"column":9}},"type":"if","locations":[{"start":{"line":121,"column":8},"end":{"line":124,"column":9}},{"start":{},"end":{}}],"line":121},"13":{"loc":{"start":{"line":130,"column":8},"end":{"line":133,"column":9}},"type":"if","locations":[{"start":{"line":130,"column":8},"end":{"line":133,"column":9}},{"start":{},"end":{}}],"line":130},"14":{"loc":{"start":{"line":139,"column":8},"end":{"line":140,"column":30}},"type":"if","locations":[{"start":{"line":139,"column":8},"end":{"line":140,"column":30}},{"start":{},"end":{}}],"line":139},"15":{"loc":{"start":{"line":142,"column":8},"end":{"line":145,"column":9}},"type":"if","locations":[{"start":{"line":142,"column":8},"end":{"line":145,"column":9}},{"start":{},"end":{}}],"line":142},"16":{"loc":{"start":{"line":157,"column":28},"end":{"line":157,"column":66}},"type":"cond-expr","locations":[{"start":{"line":157,"column":56},"end":{"line":157,"column":61}},{"start":{"line":157,"column":64},"end":{"line":157,"column":66}}],"line":157},"17":{"loc":{"start":{"line":157,"column":28},"end":{"line":157,"column":53}},"type":"binary-expr","locations":[{"start":{"line":157,"column":28},"end":{"line":157,"column":40}},{"start":{"line":157,"column":44},"end":{"line":157,"column":53}}],"line":157},"18":{"loc":{"start":{"line":158,"column":8},"end":{"line":161,"column":9}},"type":"if","locations":[{"start":{"line":158,"column":8},"end":{"line":161,"column":9}},{"start":{},"end":{}}],"line":158},"19":{"loc":{"start":{"line":168,"column":28},"end":{"line":168,"column":66}},"type":"cond-expr","locations":[{"start":{"line":168,"column":56},"end":{"line":168,"column":61}},{"start":{"line":168,"column":64},"end":{"line":168,"column":66}}],"line":168},"20":{"loc":{"start":{"line":168,"column":28},"end":{"line":168,"column":53}},"type":"binary-expr","locations":[{"start":{"line":168,"column":28},"end":{"line":168,"column":40}},{"start":{"line":168,"column":44},"end":{"line":168,"column":53}}],"line":168},"21":{"loc":{"start":{"line":173,"column":8},"end":{"line":175,"column":9}},"type":"if","locations":[{"start":{"line":173,"column":8},"end":{"line":175,"column":9}},{"start":{},"end":{}}],"line":173},"22":{"loc":{"start":{"line":173,"column":12},"end":{"line":173,"column":77}},"type":"binary-expr","locations":[{"start":{"line":173,"column":12},"end":{"line":173,"column":29}},{"start":{"line":173,"column":34},"end":{"line":173,"column":60}},{"start":{"line":173,"column":64},"end":{"line":173,"column":76}}],"line":173},"23":{"loc":{"start":{"line":189,"column":8},"end":{"line":191,"column":9}},"type":"if","locations":[{"start":{"line":189,"column":8},"end":{"line":191,"column":9}},{"start":{},"end":{}}],"line":189},"24":{"loc":{"start":{"line":189,"column":12},"end":{"line":189,"column":43}},"type":"binary-expr","locations":[{"start":{"line":189,"column":12},"end":{"line":189,"column":29}},{"start":{"line":189,"column":34},"end":{"line":189,"column":42}}],"line":189},"25":{"loc":{"start":{"line":190,"column":19},"end":{"line":190,"column":78}},"type":"cond-expr","locations":[{"start":{"line":190,"column":34},"end":{"line":190,"column":56}},{"start":{"line":190,"column":59},"end":{"line":190,"column":78}}],"line":190},"26":{"loc":{"start":{"line":202,"column":15},"end":{"line":202,"column":69}},"type":"cond-expr","locations":[{"start":{"line":202,"column":50},"end":{"line":202,"column":54}},{"start":{"line":202,"column":57},"end":{"line":202,"column":69}}],"line":202},"27":{"loc":{"start":{"line":206,"column":15},"end":{"line":206,"column":72}},"type":"cond-expr","locations":[{"start":{"line":206,"column":50},"end":{"line":206,"column":54}},{"start":{"line":206,"column":57},"end":{"line":206,"column":72}}],"line":206},"28":{"loc":{"start":{"line":210,"column":8},"end":{"line":219,"column":9}},"type":"switch","locations":[{"start":{"line":211,"column":12},"end":{"line":211,"column":77}},{"start":{"line":212,"column":12},"end":{"line":212,"column":72}},{"start":{"line":213,"column":12},"end":{"line":213,"column":67}},{"start":{"line":214,"column":12},"end":{"line":214,"column":61}},{"start":{"line":215,"column":12},"end":{"line":215,"column":56}},{"start":{"line":216,"column":12},"end":{"line":216,"column":60}},{"start":{"line":217,"column":12},"end":{"line":217,"column":60}},{"start":{"line":218,"column":12},"end":{"line":218,"column":58}}],"line":210},"29":{"loc":{"start":{"line":232,"column":23},"end":{"line":232,"column":44}},"type":"binary-expr","locations":[{"start":{"line":232,"column":23},"end":{"line":232,"column":26}},{"start":{"line":232,"column":30},"end":{"line":232,"column":44}}],"line":232},"30":{"loc":{"start":{"line":233,"column":41},"end":{"line":233,"column":62}},"type":"binary-expr","locations":[{"start":{"line":233,"column":41},"end":{"line":233,"column":47}},{"start":{"line":233,"column":51},"end":{"line":233,"column":62}}],"line":233},"31":{"loc":{"start":{"line":258,"column":59},"end":{"line":258,"column":79}},"type":"binary-expr","locations":[{"start":{"line":258,"column":59},"end":{"line":258,"column":61}},{"start":{"line":258,"column":65},"end":{"line":258,"column":79}}],"line":258},"32":{"loc":{"start":{"line":270,"column":30},"end":{"line":270,"column":99}},"type":"cond-expr","locations":[{"start":{"line":270,"column":68},"end":{"line":270,"column":75}},{"start":{"line":270,"column":78},"end":{"line":270,"column":99}}],"line":270},"33":{"loc":{"start":{"line":270,"column":30},"end":{"line":270,"column":65}},"type":"binary-expr","locations":[{"start":{"line":270,"column":30},"end":{"line":270,"column":34}},{"start":{"line":270,"column":38},"end":{"line":270,"column":65}}],"line":270}},"s":{"0":837,"1":837,"2":837,"3":837,"4":837,"5":837,"6":837,"7":3,"8":32,"9":1,"10":2,"11":1,"12":6,"13":209,"14":190,"15":190,"16":36,"17":36,"18":35,"19":35,"20":34,"21":34,"22":33,"23":33,"24":8,"25":8,"26":7,"27":7,"28":1,"29":1,"30":1,"31":36,"32":190,"33":57,"34":57,"35":11,"36":11,"37":11,"38":11,"39":11,"40":11,"41":9,"42":9,"43":8,"44":8,"45":2,"46":2,"47":3,"48":3,"49":1,"50":1,"51":1,"52":1,"53":57,"54":25,"55":25,"56":20,"57":20,"58":1,"59":1,"60":2,"61":2,"62":2,"63":26,"64":26,"65":26,"66":26,"67":26,"68":68,"69":67,"70":67,"71":1,"72":12,"73":11,"74":11,"75":1,"76":91,"77":86,"78":5,"79":4,"80":4,"81":1,"82":193,"83":618,"84":618,"85":607,"86":607,"87":11,"88":11,"89":11,"90":4528,"91":4528,"92":5146,"93":4528,"94":618,"95":251,"96":250,"97":247,"98":831,"99":796,"100":430,"101":1433,"102":908,"103":830,"104":828,"105":2,"106":2,"107":2,"108":2,"109":20,"110":20,"111":318,"112":2,"113":2,"114":2,"115":4,"116":221,"117":2,"118":83,"119":2,"120":1,"121":1,"122":1,"123":1,"124":17,"125":1,"126":1,"127":1,"128":189,"129":189,"130":189,"131":189,"132":189,"133":189,"134":189,"135":189,"136":189,"137":189,"138":189,"139":189,"140":189,"141":629,"142":67,"143":7,"144":32,"145":1589},"f":{"0":837,"1":1,"2":2,"3":1,"4":6,"5":209,"6":190,"7":57,"8":25,"9":20,"10":1,"11":2,"12":26,"13":68,"14":12,"15":91,"16":193,"17":618,"18":4528,"19":5146,"20":251,"21":250,"22":247,"23":831,"24":796,"25":430,"26":1433,"27":908,"28":830,"29":20,"30":20,"31":318,"32":1,"33":1,"34":1,"35":1,"36":17,"37":1,"38":1,"39":1,"40":189,"41":629,"42":67,"43":7,"44":1589},"b":{"0":[3,834],"1":[0],"2":[1,1],"3":[0],"4":[0],"5":[0],"6":[1],"7":[208,1],"8":[36,35,34,33,8,7,1,36],"9":[11,11,11,9,8,2,3,1,1],"10":[15,10],"11":[1,1],"12":[67,1],"13":[11,1],"14":[86,5],"15":[4,1],"16":[8,610],"17":[618,9],"18":[607,11],"19":[33,4495],"20":[4528,37],"21":[4528,618],"22":[5146,5146,618],"23":[828,2],"24":[830,3],"25":[5,823],"26":[1,19],"27":[1,19],"28":[2,2,2,4,221,2,83,2],"29":[189,0],"30":[189,189],"31":[629,629],"32":[753,836],"33":[1589,1589]},"_coverageSchema":"1a1c01bbd47fc00a2c39e90264f33305004495a9","hash":"36e21454e9b2c86fa096b9440128586f9b5a8dd1"}
,"C:\\Projects\\Datetime\\src\\helpers\\consts.js": {"path":"C:\\Projects\\Datetime\\src\\helpers\\consts.js","statementMap":{"0":{"start":{"line":1,"column":30},"end":{"line":1,"column":55}},"1":{"start":{"line":2,"column":28},"end":{"line":2,"column":42}},"2":{"start":{"line":3,"column":28},"end":{"line":3,"column":91}},"3":{"start":{"line":4,"column":37},"end":{"line":4,"column":49}},"4":{"start":{"line":5,"column":39},"end":{"line":5,"column":63}},"5":{"start":{"line":6,"column":30},"end":{"line":13,"column":1}},"6":{"start":{"line":15,"column":17},"end":{"line":26,"column":1}},"7":{"start":{"line":28,"column":17},"end":{"line":42,"column":1}}},"fnMap":{},"branchMap":{},"s":{"0":32,"1":32,"2":32,"3":32,"4":32,"5":32,"6":32,"7":32},"f":{},"b":{},"_coverageSchema":"1a1c01bbd47fc00a2c39e90264f33305004495a9","hash":"3e7ef2faa1d04160f13d6eda3ad0b4b76542c139"}
,"C:\\Projects\\Datetime\\src\\helpers\\is-num.js": {"path":"C:\\Projects\\Datetime\\src\\helpers\\is-num.js","statementMap":{"0":{"start":{"line":1,"column":21},"end":{"line":1,"column":35}},"1":{"start":{"line":1,"column":26},"end":{"line":1,"column":35}}},"fnMap":{"0":{"name":"(anonymous_0)","decl":{"start":{"line":1,"column":21},"end":{"line":1,"column":22}},"loc":{"start":{"line":1,"column":26},"end":{"line":1,"column":35}},"line":1}},"branchMap":{},"s":{"0":32,"1":837},"f":{"0":837},"b":{},"_coverageSchema":"1a1c01bbd47fc00a2c39e90264f33305004495a9","hash":"9af2384fbe09b5d569341e8d1b93d62342b1a716"}
,"C:\\Projects\\Datetime\\src\\helpers\\isset.js": {"path":"C:\\Projects\\Datetime\\src\\helpers\\isset.js","statementMap":{"0":{"start":{"line":1,"column":21},"end":{"line":7,"column":1}},"1":{"start":{"line":2,"column":4},"end":{"line":6,"column":5}},"2":{"start":{"line":3,"column":8},"end":{"line":3,"column":91}},"3":{"start":{"line":5,"column":8},"end":{"line":5,"column":20}}},"fnMap":{"0":{"name":"(anonymous_0)","decl":{"start":{"line":1,"column":21},"end":{"line":1,"column":22}},"loc":{"start":{"line":1,"column":45},"end":{"line":7,"column":1}},"line":1}},"branchMap":{"0":{"loc":{"start":{"line":1,"column":25},"end":{"line":1,"column":40}},"type":"default-arg","locations":[{"start":{"line":1,"column":36},"end":{"line":1,"column":40}}],"line":1},"1":{"loc":{"start":{"line":3,"column":15},"end":{"line":3,"column":91}},"type":"cond-expr","locations":[{"start":{"line":3,"column":26},"end":{"line":3,"column":50}},{"start":{"line":3,"column":53},"end":{"line":3,"column":91}}],"line":3},"2":{"loc":{"start":{"line":3,"column":53},"end":{"line":3,"column":91}},"type":"binary-expr","locations":[{"start":{"line":3,"column":53},"end":{"line":3,"column":77}},{"start":{"line":3,"column":81},"end":{"line":3,"column":91}}],"line":3}},"s":{"0":32,"1":211,"2":211,"3":0},"f":{"0":211},"b":{"0":[0],"1":[0,211],"2":[211,209]},"_coverageSchema":"1a1c01bbd47fc00a2c39e90264f33305004495a9","hash":"7079ed7f571621a682083306c5e59672e8330905"}
,"C:\\Projects\\Datetime\\src\\helpers\\lpad.js": {"path":"C:\\Projects\\Datetime\\src\\helpers\\lpad.js","statementMap":{"0":{"start":{"line":1,"column":20},"end":{"line":7,"column":1}},"1":{"start":{"line":2,"column":15},"end":{"line":2,"column":21}},"2":{"start":{"line":3,"column":4},"end":{"line":5,"column":5}},"3":{"start":{"line":4,"column":8},"end":{"line":4,"column":20}},"4":{"start":{"line":6,"column":4},"end":{"line":6,"column":62}}},"fnMap":{"0":{"name":"(anonymous_0)","decl":{"start":{"line":1,"column":20},"end":{"line":1,"column":21}},"loc":{"start":{"line":1,"column":46},"end":{"line":7,"column":1}},"line":1}},"branchMap":{"0":{"loc":{"start":{"line":3,"column":4},"end":{"line":5,"column":5}},"type":"if","locations":[{"start":{"line":3,"column":4},"end":{"line":5,"column":5}},{"start":{},"end":{}}],"line":3},"1":{"loc":{"start":{"line":3,"column":8},"end":{"line":3,"column":39}},"type":"binary-expr","locations":[{"start":{"line":3,"column":8},"end":{"line":3,"column":14}},{"start":{"line":3,"column":18},"end":{"line":3,"column":39}}],"line":3}},"s":{"0":32,"1":1728,"2":1728,"3":346,"4":1382},"f":{"0":1728},"b":{"0":[346,1382],"1":[1728,1728]},"_coverageSchema":"1a1c01bbd47fc00a2c39e90264f33305004495a9","hash":"1a99b58827ff700e17707d2346b5c1b7a189c8c2"}
,"C:\\Projects\\Datetime\\src\\helpers\\not.js": {"path":"C:\\Projects\\Datetime\\src\\helpers\\not.js","statementMap":{"0":{"start":{"line":1,"column":19},"end":{"line":1,"column":62}},"1":{"start":{"line":1,"column":24},"end":{"line":1,"column":62}}},"fnMap":{"0":{"name":"(anonymous_0)","decl":{"start":{"line":1,"column":19},"end":{"line":1,"column":20}},"loc":{"start":{"line":1,"column":24},"end":{"line":1,"column":62}},"line":1}},"branchMap":{"0":{"loc":{"start":{"line":1,"column":24},"end":{"line":1,"column":62}},"type":"binary-expr","locations":[{"start":{"line":1,"column":24},"end":{"line":1,"column":48}},{"start":{"line":1,"column":52},"end":{"line":1,"column":62}}],"line":1}},"s":{"0":32,"1":51},"f":{"0":51},"b":{"0":[51,34]},"_coverageSchema":"1a1c01bbd47fc00a2c39e90264f33305004495a9","hash":"741393d02151192dad28a37b0191218bb47585a0"}
,"C:\\Projects\\Datetime\\src\\helpers\\required.js": {"path":"C:\\Projects\\Datetime\\src\\helpers\\required.js","statementMap":{"0":{"start":{"line":1,"column":24},"end":{"line":3,"column":1}},"1":{"start":{"line":2,"column":4},"end":{"line":2,"column":49}}},"fnMap":{"0":{"name":"(anonymous_0)","decl":{"start":{"line":1,"column":24},"end":{"line":1,"column":25}},"loc":{"start":{"line":1,"column":36},"end":{"line":3,"column":1}},"line":1}},"branchMap":{"0":{"loc":{"start":{"line":1,"column":25},"end":{"line":1,"column":31}},"type":"default-arg","locations":[{"start":{"line":1,"column":29},"end":{"line":1,"column":31}}],"line":1}},"s":{"0":32,"1":0},"f":{"0":0},"b":{"0":[0]},"_coverageSchema":"1a1c01bbd47fc00a2c39e90264f33305004495a9","hash":"285062bf7837b24ea5752252f943d0ce1a71b1e5"}
,"C:\\Projects\\Datetime\\src\\i18n\\ru.js": {"path":"C:\\Projects\\Datetime\\src\\i18n\\ru.js","statementMap":{},"fnMap":{},"branchMap":{},"s":{},"f":{},"b":{},"_coverageSchema":"1a1c01bbd47fc00a2c39e90264f33305004495a9","hash":"2542a41061ef0473ec7658afdb162df5770aece8"}
,"C:\\Projects\\Datetime\\src\\plugins\\buddhist.js": {"path":"C:\\Projects\\Datetime\\src\\plugins\\buddhist.js","statementMap":{"0":{"start":{"line":4,"column":17},"end":{"line":4,"column":42}},"1":{"start":{"line":6,"column":22},"end":{"line":21,"column":1}},"2":{"start":{"line":8,"column":8},"end":{"line":8,"column":33}},"3":{"start":{"line":12,"column":8},"end":{"line":12,"column":42}},"4":{"start":{"line":13,"column":24},"end":{"line":16,"column":9}},"5":{"start":{"line":17,"column":21},"end":{"line":17,"column":98}},"6":{"start":{"line":17,"column":77},"end":{"line":17,"column":97}},"7":{"start":{"line":19,"column":8},"end":{"line":19,"column":50}},"8":{"start":{"line":23,"column":0},"end":{"line":23,"column":48}}},"fnMap":{"0":{"name":"(anonymous_0)","decl":{"start":{"line":7,"column":4},"end":{"line":7,"column":5}},"loc":{"start":{"line":7,"column":15},"end":{"line":9,"column":5}},"line":7},"1":{"name":"(anonymous_1)","decl":{"start":{"line":11,"column":4},"end":{"line":11,"column":5}},"loc":{"start":{"line":11,"column":27},"end":{"line":20,"column":5}},"line":11},"2":{"name":"(anonymous_2)","decl":{"start":{"line":17,"column":62},"end":{"line":17,"column":63}},"loc":{"start":{"line":17,"column":77},"end":{"line":17,"column":97}},"line":17}},"branchMap":{"0":{"loc":{"start":{"line":12,"column":17},"end":{"line":12,"column":41}},"type":"binary-expr","locations":[{"start":{"line":12,"column":17},"end":{"line":12,"column":23}},{"start":{"line":12,"column":27},"end":{"line":12,"column":41}}],"line":12},"1":{"loc":{"start":{"line":17,"column":77},"end":{"line":17,"column":97}},"type":"binary-expr","locations":[{"start":{"line":17,"column":77},"end":{"line":17,"column":79}},{"start":{"line":17,"column":83},"end":{"line":17,"column":97}}],"line":17}},"s":{"0":32,"1":32,"2":379,"3":189,"4":189,"5":189,"6":2,"7":189,"8":32},"f":{"0":379,"1":189,"2":2},"b":{"0":[189,0],"1":[2,2]},"_coverageSchema":"1a1c01bbd47fc00a2c39e90264f33305004495a9","hash":"37b576eb1c8a9cb563e533ccb75723fae2a54ad7"}
,"C:\\Projects\\Datetime\\src\\plugins\\calendar.js": {"path":"C:\\Projects\\Datetime\\src\\plugins\\calendar.js","statementMap":{"0":{"start":{"line":3,"column":23},"end":{"line":52,"column":1}},"1":{"start":{"line":4,"column":16},"end":{"line":4,"column":30}},"2":{"start":{"line":5,"column":13},"end":{"line":5,"column":52}},"3":{"start":{"line":6,"column":13},"end":{"line":6,"column":54}},"4":{"start":{"line":7,"column":16},"end":{"line":7,"column":48}},"5":{"start":{"line":8,"column":14},"end":{"line":8,"column":24}},"6":{"start":{"line":10,"column":24},"end":{"line":16,"column":5}},"7":{"start":{"line":11,"column":8},"end":{"line":13,"column":9}},"8":{"start":{"line":12,"column":12},"end":{"line":12,"column":22}},"9":{"start":{"line":14,"column":17},"end":{"line":14,"column":22}},"10":{"start":{"line":15,"column":8},"end":{"line":15,"column":40}},"11":{"start":{"line":18,"column":19},"end":{"line":26,"column":5}},"12":{"start":{"line":29,"column":4},"end":{"line":29,"column":35}},"13":{"start":{"line":31,"column":4},"end":{"line":34,"column":5}},"14":{"start":{"line":32,"column":8},"end":{"line":32,"column":53}},"15":{"start":{"line":33,"column":8},"end":{"line":33,"column":28}},"16":{"start":{"line":36,"column":4},"end":{"line":41,"column":7}},"17":{"start":{"line":37,"column":20},"end":{"line":37,"column":54}},"18":{"start":{"line":38,"column":20},"end":{"line":38,"column":55}},"19":{"start":{"line":40,"column":8},"end":{"line":40,"column":60}},"20":{"start":{"line":43,"column":4},"end":{"line":43,"column":24}},"21":{"start":{"line":44,"column":4},"end":{"line":44,"column":51}},"22":{"start":{"line":45,"column":4},"end":{"line":45,"column":35}},"23":{"start":{"line":46,"column":4},"end":{"line":49,"column":5}},"24":{"start":{"line":47,"column":8},"end":{"line":47,"column":53}},"25":{"start":{"line":48,"column":8},"end":{"line":48,"column":28}},"26":{"start":{"line":51,"column":4},"end":{"line":51,"column":18}},"27":{"start":{"line":54,"column":0},"end":{"line":59,"column":3}},"28":{"start":{"line":57,"column":8},"end":{"line":57,"column":47}}},"fnMap":{"0":{"name":"(anonymous_0)","decl":{"start":{"line":3,"column":23},"end":{"line":3,"column":24}},"loc":{"start":{"line":3,"column":38},"end":{"line":52,"column":1}},"line":3},"1":{"name":"(anonymous_1)","decl":{"start":{"line":10,"column":24},"end":{"line":10,"column":25}},"loc":{"start":{"line":10,"column":36},"end":{"line":16,"column":5}},"line":10},"2":{"name":"(anonymous_2)","decl":{"start":{"line":36,"column":41},"end":{"line":36,"column":42}},"loc":{"start":{"line":36,"column":55},"end":{"line":41,"column":5}},"line":36},"3":{"name":"(anonymous_3)","decl":{"start":{"line":56,"column":4},"end":{"line":56,"column":5}},"loc":{"start":{"line":56,"column":23},"end":{"line":58,"column":5}},"line":56}},"branchMap":{"0":{"loc":{"start":{"line":5,"column":13},"end":{"line":5,"column":52}},"type":"cond-expr","locations":[{"start":{"line":5,"column":32},"end":{"line":5,"column":35}},{"start":{"line":5,"column":38},"end":{"line":5,"column":52}}],"line":5},"1":{"loc":{"start":{"line":5,"column":13},"end":{"line":5,"column":29}},"type":"binary-expr","locations":[{"start":{"line":5,"column":13},"end":{"line":5,"column":22}},{"start":{"line":5,"column":26},"end":{"line":5,"column":29}}],"line":5},"2":{"loc":{"start":{"line":6,"column":13},"end":{"line":6,"column":54}},"type":"cond-expr","locations":[{"start":{"line":6,"column":18},"end":{"line":6,"column":36}},{"start":{"line":6,"column":39},"end":{"line":6,"column":54}}],"line":6},"3":{"loc":{"start":{"line":11,"column":8},"end":{"line":13,"column":9}},"type":"if","locations":[{"start":{"line":11,"column":8},"end":{"line":13,"column":9}},{"start":{},"end":{}}],"line":11},"4":{"loc":{"start":{"line":21,"column":19},"end":{"line":21,"column":30}},"type":"cond-expr","locations":[{"start":{"line":21,"column":25},"end":{"line":21,"column":26}},{"start":{"line":21,"column":29},"end":{"line":21,"column":30}}],"line":21},"5":{"loc":{"start":{"line":29,"column":17},"end":{"line":29,"column":33}},"type":"cond-expr","locations":[{"start":{"line":29,"column":22},"end":{"line":29,"column":27}},{"start":{"line":29,"column":30},"end":{"line":29,"column":33}}],"line":29},"6":{"loc":{"start":{"line":40,"column":15},"end":{"line":40,"column":59}},"type":"cond-expr","locations":[{"start":{"line":40,"column":26},"end":{"line":40,"column":41}},{"start":{"line":40,"column":44},"end":{"line":40,"column":59}}],"line":40},"7":{"loc":{"start":{"line":44,"column":9},"end":{"line":44,"column":50}},"type":"cond-expr","locations":[{"start":{"line":44,"column":14},"end":{"line":44,"column":32}},{"start":{"line":44,"column":35},"end":{"line":44,"column":50}}],"line":44},"8":{"loc":{"start":{"line":45,"column":17},"end":{"line":45,"column":33}},"type":"cond-expr","locations":[{"start":{"line":45,"column":22},"end":{"line":45,"column":27}},{"start":{"line":45,"column":30},"end":{"line":45,"column":33}}],"line":45}},"s":{"0":32,"1":3,"2":3,"3":3,"4":3,"5":3,"6":3,"7":3,"8":2,"9":1,"10":1,"11":3,"12":3,"13":3,"14":126,"15":126,"16":3,"17":126,"18":126,"19":126,"20":3,"21":3,"22":3,"23":3,"24":21,"25":21,"26":3,"27":32,"28":3},"f":{"0":3,"1":3,"2":126,"3":3},"b":{"0":[1,2],"1":[3,3],"2":[1,2],"3":[2,1],"4":[1,2],"5":[1,2],"6":[84,42],"7":[1,2],"8":[1,2]},"_coverageSchema":"1a1c01bbd47fc00a2c39e90264f33305004495a9","hash":"85a81e966a393c29a5a26dc122db9648c053f2de"}
,"C:\\Projects\\Datetime\\src\\plugins\\century.js": {"path":"C:\\Projects\\Datetime\\src\\plugins\\century.js","statementMap":{"0":{"start":{"line":4,"column":17},"end":{"line":4,"column":42}},"1":{"start":{"line":6,"column":0},"end":{"line":22,"column":2}},"2":{"start":{"line":8,"column":8},"end":{"line":8,"column":42}},"3":{"start":{"line":12,"column":8},"end":{"line":12,"column":42}},"4":{"start":{"line":14,"column":24},"end":{"line":16,"column":9}},"5":{"start":{"line":18,"column":18},"end":{"line":18,"column":87}},"6":{"start":{"line":18,"column":66},"end":{"line":18,"column":86}},"7":{"start":{"line":20,"column":8},"end":{"line":20,"column":47}}},"fnMap":{"0":{"name":"(anonymous_0)","decl":{"start":{"line":7,"column":4},"end":{"line":7,"column":5}},"loc":{"start":{"line":7,"column":13},"end":{"line":9,"column":5}},"line":7},"1":{"name":"(anonymous_1)","decl":{"start":{"line":11,"column":4},"end":{"line":11,"column":5}},"loc":{"start":{"line":11,"column":26},"end":{"line":21,"column":5}},"line":11},"2":{"name":"(anonymous_2)","decl":{"start":{"line":18,"column":51},"end":{"line":18,"column":52}},"loc":{"start":{"line":18,"column":66},"end":{"line":18,"column":86}},"line":18}},"branchMap":{"0":{"loc":{"start":{"line":12,"column":17},"end":{"line":12,"column":41}},"type":"binary-expr","locations":[{"start":{"line":12,"column":17},"end":{"line":12,"column":23}},{"start":{"line":12,"column":27},"end":{"line":12,"column":41}}],"line":12},"1":{"loc":{"start":{"line":18,"column":66},"end":{"line":18,"column":86}},"type":"binary-expr","locations":[{"start":{"line":18,"column":66},"end":{"line":18,"column":68}},{"start":{"line":18,"column":72},"end":{"line":18,"column":86}}],"line":18}},"s":{"0":32,"1":32,"2":194,"3":189,"4":189,"5":189,"6":1,"7":189},"f":{"0":194,"1":189,"2":1},"b":{"0":[189,0],"1":[1,1]},"_coverageSchema":"1a1c01bbd47fc00a2c39e90264f33305004495a9","hash":"80cd29c6b1f6cd9e94f75de017eae6f9aad93013"}
,"C:\\Projects\\Datetime\\src\\plugins\\compare.js": {"path":"C:\\Projects\\Datetime\\src\\plugins\\compare.js","statementMap":{"0":{"start":{"line":3,"column":0},"end":{"line":90,"column":2}},"1":{"start":{"line":5,"column":8},"end":{"line":5,"column":50}},"2":{"start":{"line":12,"column":21},"end":{"line":12,"column":32}},"3":{"start":{"line":13,"column":21},"end":{"line":13,"column":41}},"4":{"start":{"line":16,"column":8},"end":{"line":16,"column":35}},"5":{"start":{"line":18,"column":8},"end":{"line":20,"column":9}},"6":{"start":{"line":19,"column":12},"end":{"line":19,"column":27}},"7":{"start":{"line":22,"column":8},"end":{"line":22,"column":46}},"8":{"start":{"line":24,"column":8},"end":{"line":24,"column":38}},"9":{"start":{"line":25,"column":8},"end":{"line":25,"column":38}},"10":{"start":{"line":27,"column":8},"end":{"line":40,"column":9}},"11":{"start":{"line":29,"column":16},"end":{"line":29,"column":31}},"12":{"start":{"line":31,"column":16},"end":{"line":31,"column":31}},"13":{"start":{"line":33,"column":16},"end":{"line":33,"column":32}},"14":{"start":{"line":35,"column":16},"end":{"line":35,"column":32}},"15":{"start":{"line":37,"column":16},"end":{"line":37,"column":33}},"16":{"start":{"line":39,"column":16},"end":{"line":39,"column":33}},"17":{"start":{"line":44,"column":8},"end":{"line":44,"column":50}},"18":{"start":{"line":48,"column":8},"end":{"line":48,"column":46}},"19":{"start":{"line":52,"column":8},"end":{"line":52,"column":47}},"20":{"start":{"line":56,"column":8},"end":{"line":56,"column":46}},"21":{"start":{"line":60,"column":8},"end":{"line":60,"column":47}},"22":{"start":{"line":64,"column":8},"end":{"line":64,"column":46}},"23":{"start":{"line":68,"column":8},"end":{"line":68,"column":47}},"24":{"start":{"line":72,"column":21},"end":{"line":72,"column":32}},"25":{"start":{"line":73,"column":21},"end":{"line":73,"column":56}},"26":{"start":{"line":74,"column":26},"end":{"line":74,"column":100}},"27":{"start":{"line":76,"column":8},"end":{"line":84,"column":9}},"28":{"start":{"line":88,"column":8},"end":{"line":88,"column":35}}},"fnMap":{"0":{"name":"(anonymous_0)","decl":{"start":{"line":4,"column":4},"end":{"line":4,"column":5}},"loc":{"start":{"line":4,"column":11},"end":{"line":6,"column":5}},"line":4},"1":{"name":"(anonymous_1)","decl":{"start":{"line":11,"column":4},"end":{"line":11,"column":5}},"loc":{"start":{"line":11,"column":37},"end":{"line":41,"column":5}},"line":11},"2":{"name":"(anonymous_2)","decl":{"start":{"line":43,"column":4},"end":{"line":43,"column":5}},"loc":{"start":{"line":43,"column":19},"end":{"line":45,"column":5}},"line":43},"3":{"name":"(anonymous_3)","decl":{"start":{"line":47,"column":4},"end":{"line":47,"column":5}},"loc":{"start":{"line":47,"column":22},"end":{"line":49,"column":5}},"line":47},"4":{"name":"(anonymous_4)","decl":{"start":{"line":51,"column":4},"end":{"line":51,"column":5}},"loc":{"start":{"line":51,"column":29},"end":{"line":53,"column":5}},"line":51},"5":{"name":"(anonymous_5)","decl":{"start":{"line":55,"column":4},"end":{"line":55,"column":5}},"loc":{"start":{"line":55,"column":24},"end":{"line":57,"column":5}},"line":55},"6":{"name":"(anonymous_6)","decl":{"start":{"line":59,"column":4},"end":{"line":59,"column":5}},"loc":{"start":{"line":59,"column":31},"end":{"line":61,"column":5}},"line":59},"7":{"name":"(anonymous_7)","decl":{"start":{"line":63,"column":4},"end":{"line":63,"column":5}},"loc":{"start":{"line":63,"column":22},"end":{"line":65,"column":5}},"line":63},"8":{"name":"(anonymous_8)","decl":{"start":{"line":67,"column":4},"end":{"line":67,"column":5}},"loc":{"start":{"line":67,"column":25},"end":{"line":69,"column":5}},"line":67},"9":{"name":"(anonymous_9)","decl":{"start":{"line":71,"column":4},"end":{"line":71,"column":5}},"loc":{"start":{"line":71,"column":11},"end":{"line":85,"column":5}},"line":71},"10":{"name":"(anonymous_10)","decl":{"start":{"line":87,"column":4},"end":{"line":87,"column":5}},"loc":{"start":{"line":87,"column":22},"end":{"line":89,"column":5}},"line":87}},"branchMap":{"0":{"loc":{"start":{"line":11,"column":22},"end":{"line":11,"column":36}},"type":"default-arg","locations":[{"start":{"line":11,"column":33},"end":{"line":11,"column":36}}],"line":11},"1":{"loc":{"start":{"line":16,"column":19},"end":{"line":16,"column":34}},"type":"binary-expr","locations":[{"start":{"line":16,"column":19},"end":{"line":16,"column":27}},{"start":{"line":16,"column":31},"end":{"line":16,"column":34}}],"line":16},"2":{"loc":{"start":{"line":18,"column":8},"end":{"line":20,"column":9}},"type":"if","locations":[{"start":{"line":18,"column":8},"end":{"line":20,"column":9}},{"start":{},"end":{}}],"line":18},"3":{"loc":{"start":{"line":22,"column":17},"end":{"line":22,"column":30}},"type":"binary-expr","locations":[{"start":{"line":22,"column":17},"end":{"line":22,"column":22}},{"start":{"line":22,"column":26},"end":{"line":22,"column":30}}],"line":22},"4":{"loc":{"start":{"line":27,"column":8},"end":{"line":40,"column":9}},"type":"switch","locations":[{"start":{"line":28,"column":12},"end":{"line":29,"column":31}},{"start":{"line":30,"column":12},"end":{"line":31,"column":31}},{"start":{"line":32,"column":12},"end":{"line":33,"column":32}},{"start":{"line":34,"column":12},"end":{"line":35,"column":32}},{"start":{"line":36,"column":12},"end":{"line":37,"column":33}},{"start":{"line":38,"column":12},"end":{"line":39,"column":33}}],"line":27},"5":{"loc":{"start":{"line":44,"column":15},"end":{"line":44,"column":49}},"type":"binary-expr","locations":[{"start":{"line":44,"column":15},"end":{"line":44,"column":31}},{"start":{"line":44,"column":35},"end":{"line":44,"column":49}}],"line":44}},"s":{"0":32,"1":2,"2":20,"3":20,"4":20,"5":20,"6":1,"7":20,"8":20,"9":20,"10":20,"11":3,"12":3,"13":3,"14":3,"15":5,"16":3,"17":1,"18":3,"19":3,"20":3,"21":3,"22":3,"23":3,"24":2,"25":2,"26":2,"27":2,"28":1},"f":{"0":2,"1":20,"2":1,"3":3,"4":3,"5":3,"6":3,"7":3,"8":3,"9":2,"10":1},"b":{"0":[0],"1":[20,1],"2":[1,19],"3":[20,18],"4":[3,3,3,3,5,3],"5":[1,1]},"_coverageSchema":"1a1c01bbd47fc00a2c39e90264f33305004495a9","hash":"3cf2bec5eef393889ccce403c646e560573a8b2b"}
,"C:\\Projects\\Datetime\\src\\plugins\\dayofyear.js": {"path":"C:\\Projects\\Datetime\\src\\plugins\\dayofyear.js","statementMap":{"0":{"start":{"line":4,"column":0},"end":{"line":11,"column":2}},"1":{"start":{"line":6,"column":25},"end":{"line":6,"column":80}},"2":{"start":{"line":7,"column":22},"end":{"line":7,"column":34}},"3":{"start":{"line":8,"column":20},"end":{"line":8,"column":30}},"4":{"start":{"line":9,"column":8},"end":{"line":9,"column":82}}},"fnMap":{"0":{"name":"(anonymous_0)","decl":{"start":{"line":5,"column":4},"end":{"line":5,"column":5}},"loc":{"start":{"line":5,"column":15},"end":{"line":10,"column":5}},"line":5}},"branchMap":{"0":{"loc":{"start":{"line":9,"column":40},"end":{"line":9,"column":80}},"type":"cond-expr","locations":[{"start":{"line":9,"column":75},"end":{"line":9,"column":76}},{"start":{"line":9,"column":79},"end":{"line":9,"column":80}}],"line":9},"1":{"loc":{"start":{"line":9,"column":41},"end":{"line":9,"column":71}},"type":"binary-expr","locations":[{"start":{"line":9,"column":41},"end":{"line":9,"column":50}},{"start":{"line":9,"column":54},"end":{"line":9,"column":71}}],"line":9}},"s":{"0":32,"1":5,"2":5,"3":5,"4":5},"f":{"0":5},"b":{"0":[4,1],"1":[5,5]},"_coverageSchema":"1a1c01bbd47fc00a2c39e90264f33305004495a9","hash":"7f3190e35ede84f302295e60a783ddcbc2de5fec"}
,"C:\\Projects\\Datetime\\src\\plugins\\daysin.js": {"path":"C:\\Projects\\Datetime\\src\\plugins\\daysin.js","statementMap":{"0":{"start":{"line":4,"column":0},"end":{"line":37,"column":2}},"1":{"start":{"line":6,"column":21},"end":{"line":6,"column":41}},"2":{"start":{"line":7,"column":8},"end":{"line":7,"column":64}},"3":{"start":{"line":11,"column":8},"end":{"line":11,"column":45}},"4":{"start":{"line":15,"column":23},"end":{"line":15,"column":25}},"5":{"start":{"line":16,"column":21},"end":{"line":16,"column":41}},"6":{"start":{"line":18,"column":8},"end":{"line":18,"column":29}},"7":{"start":{"line":20,"column":8},"end":{"line":24,"column":9}},"8":{"start":{"line":20,"column":20},"end":{"line":20,"column":21}},"9":{"start":{"line":21,"column":12},"end":{"line":21,"column":48}},"10":{"start":{"line":22,"column":12},"end":{"line":22,"column":36}},"11":{"start":{"line":23,"column":12},"end":{"line":23,"column":40}},"12":{"start":{"line":25,"column":8},"end":{"line":25,"column":22}},"13":{"start":{"line":29,"column":20},"end":{"line":29,"column":40}},"14":{"start":{"line":30,"column":23},"end":{"line":30,"column":25}},"15":{"start":{"line":31,"column":22},"end":{"line":31,"column":63}},"16":{"start":{"line":33,"column":8},"end":{"line":33,"column":90}},"17":{"start":{"line":33,"column":30},"end":{"line":33,"column":88}},"18":{"start":{"line":35,"column":8},"end":{"line":35,"column":22}}},"fnMap":{"0":{"name":"(anonymous_0)","decl":{"start":{"line":5,"column":4},"end":{"line":5,"column":5}},"loc":{"start":{"line":5,"column":17},"end":{"line":8,"column":5}},"line":5},"1":{"name":"(anonymous_1)","decl":{"start":{"line":10,"column":4},"end":{"line":10,"column":5}},"loc":{"start":{"line":10,"column":16},"end":{"line":12,"column":5}},"line":10},"2":{"name":"(anonymous_2)","decl":{"start":{"line":14,"column":4},"end":{"line":14,"column":5}},"loc":{"start":{"line":14,"column":19},"end":{"line":26,"column":5}},"line":14},"3":{"name":"(anonymous_3)","decl":{"start":{"line":28,"column":4},"end":{"line":28,"column":5}},"loc":{"start":{"line":28,"column":36},"end":{"line":36,"column":5}},"line":28},"4":{"name":"(anonymous_4)","decl":{"start":{"line":33,"column":20},"end":{"line":33,"column":21}},"loc":{"start":{"line":33,"column":30},"end":{"line":33,"column":88}},"line":33}},"branchMap":{"0":{"loc":{"start":{"line":11,"column":15},"end":{"line":11,"column":44}},"type":"cond-expr","locations":[{"start":{"line":11,"column":35},"end":{"line":11,"column":38}},{"start":{"line":11,"column":41},"end":{"line":11,"column":44}}],"line":11},"1":{"loc":{"start":{"line":31,"column":41},"end":{"line":31,"column":62}},"type":"binary-expr","locations":[{"start":{"line":31,"column":41},"end":{"line":31,"column":47}},{"start":{"line":31,"column":51},"end":{"line":31,"column":62}}],"line":31},"2":{"loc":{"start":{"line":33,"column":43},"end":{"line":33,"column":79}},"type":"cond-expr","locations":[{"start":{"line":33,"column":55},"end":{"line":33,"column":68}},{"start":{"line":33,"column":71},"end":{"line":33,"column":79}}],"line":33}},"s":{"0":32,"1":1,"2":1,"3":2,"4":3,"5":3,"6":3,"7":3,"8":3,"9":36,"10":36,"11":36,"12":3,"13":2,"14":2,"15":2,"16":2,"17":24,"18":2},"f":{"0":1,"1":2,"2":3,"3":2,"4":24},"b":{"0":[1,1],"1":[2,1],"2":[12,12]},"_coverageSchema":"1a1c01bbd47fc00a2c39e90264f33305004495a9","hash":"7ff97551deb1c00c85c8c639a642b39fc5354461"}
,"C:\\Projects\\Datetime\\src\\plugins\\decade.js": {"path":"C:\\Projects\\Datetime\\src\\plugins\\decade.js","statementMap":{"0":{"start":{"line":3,"column":0},"end":{"line":30,"column":2}},"1":{"start":{"line":5,"column":8},"end":{"line":5,"column":47}},"2":{"start":{"line":9,"column":23},"end":{"line":9,"column":36}},"3":{"start":{"line":10,"column":23},"end":{"line":10,"column":57}},"4":{"start":{"line":12,"column":8},"end":{"line":12,"column":51}},"5":{"start":{"line":16,"column":23},"end":{"line":16,"column":40}},"6":{"start":{"line":17,"column":23},"end":{"line":17,"column":57}},"7":{"start":{"line":19,"column":8},"end":{"line":19,"column":53}},"8":{"start":{"line":23,"column":21},"end":{"line":23,"column":81}},"9":{"start":{"line":24,"column":20},"end":{"line":24,"column":30}},"10":{"start":{"line":26,"column":8},"end":{"line":26,"column":34}},"11":{"start":{"line":26,"column":25},"end":{"line":26,"column":34}},"12":{"start":{"line":27,"column":8},"end":{"line":27,"column":38}},"13":{"start":{"line":27,"column":29},"end":{"line":27,"column":38}},"14":{"start":{"line":28,"column":8},"end":{"line":28,"column":17}}},"fnMap":{"0":{"name":"(anonymous_0)","decl":{"start":{"line":4,"column":4},"end":{"line":4,"column":5}},"loc":{"start":{"line":4,"column":12},"end":{"line":6,"column":5}},"line":4},"1":{"name":"(anonymous_1)","decl":{"start":{"line":8,"column":4},"end":{"line":8,"column":5}},"loc":{"start":{"line":8,"column":17},"end":{"line":13,"column":5}},"line":8},"2":{"name":"(anonymous_2)","decl":{"start":{"line":15,"column":4},"end":{"line":15,"column":5}},"loc":{"start":{"line":15,"column":15},"end":{"line":20,"column":5}},"line":15},"3":{"name":"(anonymous_3)","decl":{"start":{"line":22,"column":4},"end":{"line":22,"column":5}},"loc":{"start":{"line":22,"column":19},"end":{"line":29,"column":5}},"line":22}},"branchMap":{"0":{"loc":{"start":{"line":10,"column":23},"end":{"line":10,"column":57}},"type":"cond-expr","locations":[{"start":{"line":10,"column":38},"end":{"line":10,"column":42}},{"start":{"line":10,"column":45},"end":{"line":10,"column":57}}],"line":10},"1":{"loc":{"start":{"line":17,"column":23},"end":{"line":17,"column":57}},"type":"cond-expr","locations":[{"start":{"line":17,"column":38},"end":{"line":17,"column":42}},{"start":{"line":17,"column":45},"end":{"line":17,"column":57}}],"line":17},"2":{"loc":{"start":{"line":26,"column":8},"end":{"line":26,"column":34}},"type":"if","locations":[{"start":{"line":26,"column":8},"end":{"line":26,"column":34}},{"start":{},"end":{}}],"line":26},"3":{"loc":{"start":{"line":27,"column":8},"end":{"line":27,"column":38}},"type":"if","locations":[{"start":{"line":27,"column":8},"end":{"line":27,"column":38}},{"start":{},"end":{}}],"line":27}},"s":{"0":32,"1":5,"2":2,"3":2,"4":2,"5":2,"6":2,"7":2,"8":4,"9":4,"10":4,"11":1,"12":3,"13":2,"14":1},"f":{"0":5,"1":2,"2":2,"3":4},"b":{"0":[1,1],"1":[1,1],"2":[1,3],"3":[2,1]},"_coverageSchema":"1a1c01bbd47fc00a2c39e90264f33305004495a9","hash":"d6e887d314e2a7c7d3a056d9a237f89dc5be7d4c"}
,"C:\\Projects\\Datetime\\src\\plugins\\from.js": {"path":"C:\\Projects\\Datetime\\src\\plugins\\from.js","statementMap":{"0":{"start":{"line":5,"column":0},"end":{"line":113,"column":2}},"1":{"start":{"line":12,"column":25},"end":{"line":16,"column":9}},"2":{"start":{"line":13,"column":12},"end":{"line":15,"column":43}},"3":{"start":{"line":14,"column":16},"end":{"line":14,"column":40}},"4":{"start":{"line":18,"column":34},"end":{"line":36,"column":9}},"5":{"start":{"line":19,"column":20},"end":{"line":19,"column":22}},"6":{"start":{"line":20,"column":26},"end":{"line":20,"column":60}},"7":{"start":{"line":22,"column":12},"end":{"line":22,"column":38}},"8":{"start":{"line":22,"column":28},"end":{"line":22,"column":38}},"9":{"start":{"line":24,"column":12},"end":{"line":24,"column":46}},"10":{"start":{"line":26,"column":12},"end":{"line":28,"column":13}},"11":{"start":{"line":27,"column":16},"end":{"line":27,"column":61}},"12":{"start":{"line":30,"column":12},"end":{"line":33,"column":13}},"13":{"start":{"line":31,"column":16},"end":{"line":31,"column":43}},"14":{"start":{"line":32,"column":16},"end":{"line":32,"column":55}},"15":{"start":{"line":35,"column":12},"end":{"line":35,"column":41}},"16":{"start":{"line":38,"column":29},"end":{"line":61,"column":9}},"17":{"start":{"line":39,"column":26},"end":{"line":47,"column":13}},"18":{"start":{"line":49,"column":25},"end":{"line":49,"column":27}},"19":{"start":{"line":51,"column":12},"end":{"line":58,"column":13}},"20":{"start":{"line":51,"column":24},"end":{"line":51,"column":25}},"21":{"start":{"line":52,"column":16},"end":{"line":52,"column":37}},"22":{"start":{"line":53,"column":16},"end":{"line":53,"column":44}},"23":{"start":{"line":54,"column":16},"end":{"line":57,"column":17}},"24":{"start":{"line":55,"column":20},"end":{"line":55,"column":35}},"25":{"start":{"line":56,"column":20},"end":{"line":56,"column":26}},"26":{"start":{"line":60,"column":12},"end":{"line":60,"column":26}},"27":{"start":{"line":63,"column":8},"end":{"line":65,"column":9}},"28":{"start":{"line":64,"column":12},"end":{"line":64,"column":30}},"29":{"start":{"line":68,"column":8},"end":{"line":68,"column":46}},"30":{"start":{"line":70,"column":8},"end":{"line":70,"column":73}},"31":{"start":{"line":71,"column":8},"end":{"line":71,"column":39}},"32":{"start":{"line":72,"column":8},"end":{"line":72,"column":33}},"33":{"start":{"line":74,"column":8},"end":{"line":76,"column":9}},"34":{"start":{"line":75,"column":12},"end":{"line":75,"column":42}},"35":{"start":{"line":78,"column":8},"end":{"line":78,"column":39}},"36":{"start":{"line":79,"column":8},"end":{"line":79,"column":35}},"37":{"start":{"line":80,"column":8},"end":{"line":80,"column":37}},"38":{"start":{"line":81,"column":8},"end":{"line":81,"column":37}},"39":{"start":{"line":82,"column":8},"end":{"line":82,"column":41}},"40":{"start":{"line":83,"column":8},"end":{"line":83,"column":41}},"41":{"start":{"line":84,"column":8},"end":{"line":84,"column":33}},"42":{"start":{"line":86,"column":8},"end":{"line":100,"column":9}},"43":{"start":{"line":87,"column":12},"end":{"line":97,"column":13}},"44":{"start":{"line":88,"column":16},"end":{"line":88,"column":67}},"45":{"start":{"line":89,"column":16},"end":{"line":91,"column":17}},"46":{"start":{"line":90,"column":20},"end":{"line":90,"column":32}},"47":{"start":{"line":93,"column":16},"end":{"line":93,"column":55}},"48":{"start":{"line":94,"column":16},"end":{"line":96,"column":17}},"49":{"start":{"line":95,"column":20},"end":{"line":95,"column":32}},"50":{"start":{"line":99,"column":12},"end":{"line":99,"column":24}},"51":{"start":{"line":102,"column":8},"end":{"line":102,"column":64}},"52":{"start":{"line":103,"column":8},"end":{"line":103,"column":67}},"53":{"start":{"line":104,"column":8},"end":{"line":104,"column":61}},"54":{"start":{"line":106,"column":8},"end":{"line":106,"column":66}},"55":{"start":{"line":107,"column":8},"end":{"line":107,"column":72}},"56":{"start":{"line":108,"column":8},"end":{"line":108,"column":72}},"57":{"start":{"line":109,"column":8},"end":{"line":109,"column":56}},"58":{"start":{"line":111,"column":8},"end":{"line":111,"column":70}}},"fnMap":{"0":{"name":"(anonymous_0)","decl":{"start":{"line":6,"column":4},"end":{"line":6,"column":5}},"loc":{"start":{"line":6,"column":29},"end":{"line":112,"column":5}},"line":6},"1":{"name":"(anonymous_1)","decl":{"start":{"line":12,"column":25},"end":{"line":12,"column":26}},"loc":{"start":{"line":12,"column":46},"end":{"line":16,"column":9}},"line":12},"2":{"name":"(anonymous_2)","decl":{"start":{"line":13,"column":29},"end":{"line":13,"column":30}},"loc":{"start":{"line":13,"column":41},"end":{"line":15,"column":13}},"line":13},"3":{"name":"(anonymous_3)","decl":{"start":{"line":18,"column":34},"end":{"line":18,"column":35}},"loc":{"start":{"line":18,"column":49},"end":{"line":36,"column":9}},"line":18},"4":{"name":"(anonymous_4)","decl":{"start":{"line":38,"column":29},"end":{"line":38,"column":30}},"loc":{"start":{"line":38,"column":43},"end":{"line":61,"column":9}},"line":38}},"branchMap":{"0":{"loc":{"start":{"line":20,"column":45},"end":{"line":20,"column":59}},"type":"binary-expr","locations":[{"start":{"line":20,"column":45},"end":{"line":20,"column":51}},{"start":{"line":20,"column":55},"end":{"line":20,"column":59}}],"line":20},"1":{"loc":{"start":{"line":22,"column":12},"end":{"line":22,"column":38}},"type":"if","locations":[{"start":{"line":22,"column":12},"end":{"line":22,"column":38}},{"start":{},"end":{}}],"line":22},"2":{"loc":{"start":{"line":26,"column":12},"end":{"line":28,"column":13}},"type":"if","locations":[{"start":{"line":26,"column":12},"end":{"line":28,"column":13}},{"start":{},"end":{}}],"line":26},"3":{"loc":{"start":{"line":26,"column":16},"end":{"line":26,"column":74}},"type":"binary-expr","locations":[{"start":{"line":26,"column":16},"end":{"line":26,"column":24}},{"start":{"line":26,"column":28},"end":{"line":26,"column":74}}],"line":26},"4":{"loc":{"start":{"line":30,"column":12},"end":{"line":33,"column":13}},"type":"if","locations":[{"start":{"line":30,"column":12},"end":{"line":33,"column":13}},{"start":{},"end":{}}],"line":30},"5":{"loc":{"start":{"line":35,"column":19},"end":{"line":35,"column":40}},"type":"cond-expr","locations":[{"start":{"line":35,"column":30},"end":{"line":35,"column":32}},{"start":{"line":35,"column":35},"end":{"line":35,"column":40}}],"line":35},"6":{"loc":{"start":{"line":54,"column":16},"end":{"line":57,"column":17}},"type":"if","locations":[{"start":{"line":54,"column":16},"end":{"line":57,"column":17}},{"start":{},"end":{}}],"line":54},"7":{"loc":{"start":{"line":63,"column":8},"end":{"line":65,"column":9}},"type":"if","locations":[{"start":{"line":63,"column":8},"end":{"line":65,"column":9}},{"start":{},"end":{}}],"line":63},"8":{"loc":{"start":{"line":74,"column":8},"end":{"line":76,"column":9}},"type":"if","locations":[{"start":{"line":74,"column":8},"end":{"line":76,"column":9}},{"start":{},"end":{}}],"line":74},"9":{"loc":{"start":{"line":86,"column":8},"end":{"line":100,"column":9}},"type":"if","locations":[{"start":{"line":86,"column":8},"end":{"line":100,"column":9}},{"start":{"line":98,"column":15},"end":{"line":100,"column":9}}],"line":86},"10":{"loc":{"start":{"line":86,"column":12},"end":{"line":86,"column":41}},"type":"binary-expr","locations":[{"start":{"line":86,"column":12},"end":{"line":86,"column":23}},{"start":{"line":86,"column":27},"end":{"line":86,"column":41}}],"line":86},"11":{"loc":{"start":{"line":87,"column":12},"end":{"line":97,"column":13}},"type":"if","locations":[{"start":{"line":87,"column":12},"end":{"line":97,"column":13}},{"start":{"line":92,"column":19},"end":{"line":97,"column":13}}],"line":87},"12":{"loc":{"start":{"line":89,"column":16},"end":{"line":91,"column":17}},"type":"if","locations":[{"start":{"line":89,"column":16},"end":{"line":91,"column":17}},{"start":{},"end":{}}],"line":89},"13":{"loc":{"start":{"line":94,"column":16},"end":{"line":96,"column":17}},"type":"if","locations":[{"start":{"line":94,"column":16},"end":{"line":96,"column":17}},{"start":{},"end":{}}],"line":94},"14":{"loc":{"start":{"line":94,"column":20},"end":{"line":94,"column":55}},"type":"binary-expr","locations":[{"start":{"line":94,"column":20},"end":{"line":94,"column":35}},{"start":{"line":94,"column":39},"end":{"line":94,"column":55}}],"line":94},"15":{"loc":{"start":{"line":102,"column":16},"end":{"line":102,"column":63}},"type":"cond-expr","locations":[{"start":{"line":102,"column":46},"end":{"line":102,"column":59}},{"start":{"line":102,"column":62},"end":{"line":102,"column":63}}],"line":102},"16":{"loc":{"start":{"line":102,"column":16},"end":{"line":102,"column":43}},"type":"binary-expr","locations":[{"start":{"line":102,"column":16},"end":{"line":102,"column":26}},{"start":{"line":102,"column":30},"end":{"line":102,"column":43}}],"line":102},"17":{"loc":{"start":{"line":103,"column":16},"end":{"line":103,"column":66}},"type":"cond-expr","locations":[{"start":{"line":103,"column":48},"end":{"line":103,"column":62}},{"start":{"line":103,"column":65},"end":{"line":103,"column":66}}],"line":103},"18":{"loc":{"start":{"line":103,"column":16},"end":{"line":103,"column":45}},"type":"binary-expr","locations":[{"start":{"line":103,"column":16},"end":{"line":103,"column":27}},{"start":{"line":103,"column":31},"end":{"line":103,"column":45}}],"line":103},"19":{"loc":{"start":{"line":104,"column":16},"end":{"line":104,"column":60}},"type":"cond-expr","locations":[{"start":{"line":104,"column":44},"end":{"line":104,"column":56}},{"start":{"line":104,"column":59},"end":{"line":104,"column":60}}],"line":104},"20":{"loc":{"start":{"line":104,"column":16},"end":{"line":104,"column":41}},"type":"binary-expr","locations":[{"start":{"line":104,"column":16},"end":{"line":104,"column":25}},{"start":{"line":104,"column":29},"end":{"line":104,"column":41}}],"line":104},"21":{"loc":{"start":{"line":106,"column":18},"end":{"line":106,"column":65}},"type":"cond-expr","locations":[{"start":{"line":106,"column":48},"end":{"line":106,"column":61}},{"start":{"line":106,"column":64},"end":{"line":106,"column":65}}],"line":106},"22":{"loc":{"start":{"line":106,"column":18},"end":{"line":106,"column":45}},"type":"binary-expr","locations":[{"start":{"line":106,"column":18},"end":{"line":106,"column":28}},{"start":{"line":106,"column":32},"end":{"line":106,"column":45}}],"line":106},"23":{"loc":{"start":{"line":107,"column":18},"end":{"line":107,"column":71}},"type":"cond-expr","locations":[{"start":{"line":107,"column":52},"end":{"line":107,"column":67}},{"start":{"line":107,"column":70},"end":{"line":107,"column":71}}],"line":107},"24":{"loc":{"start":{"line":107,"column":18},"end":{"line":107,"column":49}},"type":"binary-expr","locations":[{"start":{"line":107,"column":18},"end":{"line":107,"column":30}},{"start":{"line":107,"column":34},"end":{"line":107,"column":49}}],"line":107},"25":{"loc":{"start":{"line":108,"column":18},"end":{"line":108,"column":71}},"type":"cond-expr","locations":[{"start":{"line":108,"column":52},"end":{"line":108,"column":67}},{"start":{"line":108,"column":70},"end":{"line":108,"column":71}}],"line":108},"26":{"loc":{"start":{"line":108,"column":18},"end":{"line":108,"column":49}},"type":"binary-expr","locations":[{"start":{"line":108,"column":18},"end":{"line":108,"column":30}},{"start":{"line":108,"column":34},"end":{"line":108,"column":49}}],"line":108},"27":{"loc":{"start":{"line":109,"column":14},"end":{"line":109,"column":55}},"type":"cond-expr","locations":[{"start":{"line":109,"column":40},"end":{"line":109,"column":51}},{"start":{"line":109,"column":54},"end":{"line":109,"column":55}}],"line":109},"28":{"loc":{"start":{"line":109,"column":14},"end":{"line":109,"column":37}},"type":"binary-expr","locations":[{"start":{"line":109,"column":14},"end":{"line":109,"column":22}},{"start":{"line":109,"column":26},"end":{"line":109,"column":37}}],"line":109}},"s":{"0":32,"1":20,"2":14,"3":168,"4":20,"5":7,"6":7,"7":7,"8":0,"9":7,"10":7,"11":1,"12":7,"13":6,"14":6,"15":7,"16":20,"17":126,"18":126,"19":126,"20":126,"21":354,"22":354,"23":354,"24":55,"25":55,"26":126,"27":20,"28":1,"29":19,"30":19,"31":19,"32":19,"33":19,"34":1,"35":18,"36":18,"37":18,"38":18,"39":18,"40":18,"41":18,"42":18,"43":14,"44":7,"45":7,"46":1,"47":7,"48":7,"49":1,"50":4,"51":18,"52":18,"53":18,"54":18,"55":18,"56":18,"57":18,"58":18},"f":{"0":20,"1":14,"2":168,"3":7,"4":126},"b":{"0":[7,6],"1":[0,7],"2":[1,6],"3":[7,7],"4":[6,1],"5":[1,6],"6":[55,299],"7":[1,19],"8":[1,18],"9":[14,4],"10":[18,15],"11":[7,7],"12":[1,6],"13":[1,6],"14":[7,7],"15":[14,4],"16":[18,14],"17":[12,6],"18":[18,12],"19":[14,4],"20":[18,14],"21":[4,14],"22":[18,4],"23":[3,15],"24":[18,3],"25":[4,14],"26":[18,4],"27":[1,17],"28":[18,1]},"_coverageSchema":"1a1c01bbd47fc00a2c39e90264f33305004495a9","hash":"4f8caa96fcbb3b3d855d17517dc371867926bcaa"}
,"C:\\Projects\\Datetime\\src\\plugins\\hour12.js": {"path":"C:\\Projects\\Datetime\\src\\plugins\\hour12.js","statementMap":{"0":{"start":{"line":5,"column":17},"end":{"line":5,"column":42}},"1":{"start":{"line":7,"column":0},"end":{"line":45,"column":2}},"2":{"start":{"line":9,"column":18},"end":{"line":9,"column":48}},"3":{"start":{"line":10,"column":8},"end":{"line":10,"column":53}},"4":{"start":{"line":14,"column":19},"end":{"line":14,"column":20}},"5":{"start":{"line":16,"column":8},"end":{"line":18,"column":9}},"6":{"start":{"line":17,"column":12},"end":{"line":17,"column":36}},"7":{"start":{"line":20,"column":8},"end":{"line":20,"column":22}},"8":{"start":{"line":22,"column":8},"end":{"line":24,"column":9}},"9":{"start":{"line":23,"column":12},"end":{"line":23,"column":23}},"10":{"start":{"line":26,"column":8},"end":{"line":26,"column":31}},"11":{"start":{"line":30,"column":35},"end":{"line":30,"column":48}},"12":{"start":{"line":32,"column":8},"end":{"line":32,"column":42}},"13":{"start":{"line":34,"column":8},"end":{"line":39,"column":10}},"14":{"start":{"line":41,"column":8},"end":{"line":41,"column":96}},"15":{"start":{"line":41,"column":74},"end":{"line":41,"column":94}},"16":{"start":{"line":43,"column":8},"end":{"line":43,"column":50}}},"fnMap":{"0":{"name":"(anonymous_0)","decl":{"start":{"line":8,"column":4},"end":{"line":8,"column":5}},"loc":{"start":{"line":8,"column":21},"end":{"line":11,"column":5}},"line":8},"1":{"name":"(anonymous_1)","decl":{"start":{"line":13,"column":12},"end":{"line":13,"column":13}},"loc":{"start":{"line":13,"column":26},"end":{"line":27,"column":5}},"line":13},"2":{"name":"(anonymous_2)","decl":{"start":{"line":29,"column":12},"end":{"line":29,"column":13}},"loc":{"start":{"line":29,"column":36},"end":{"line":44,"column":5}},"line":29},"3":{"name":"(anonymous_3)","decl":{"start":{"line":41,"column":59},"end":{"line":41,"column":60}},"loc":{"start":{"line":41,"column":74},"end":{"line":41,"column":94}},"line":41}},"branchMap":{"0":{"loc":{"start":{"line":9,"column":18},"end":{"line":9,"column":48}},"type":"cond-expr","locations":[{"start":{"line":9,"column":37},"end":{"line":9,"column":41}},{"start":{"line":9,"column":44},"end":{"line":9,"column":48}}],"line":9},"1":{"loc":{"start":{"line":10,"column":15},"end":{"line":10,"column":52}},"type":"cond-expr","locations":[{"start":{"line":10,"column":29},"end":{"line":10,"column":46}},{"start":{"line":10,"column":49},"end":{"line":10,"column":52}}],"line":10},"2":{"loc":{"start":{"line":16,"column":8},"end":{"line":18,"column":9}},"type":"if","locations":[{"start":{"line":16,"column":8},"end":{"line":18,"column":9}},{"start":{},"end":{}}],"line":16},"3":{"loc":{"start":{"line":20,"column":12},"end":{"line":20,"column":21}},"type":"binary-expr","locations":[{"start":{"line":20,"column":12},"end":{"line":20,"column":13}},{"start":{"line":20,"column":17},"end":{"line":20,"column":21}}],"line":20},"4":{"loc":{"start":{"line":22,"column":8},"end":{"line":24,"column":9}},"type":"if","locations":[{"start":{"line":22,"column":8},"end":{"line":24,"column":9}},{"start":{},"end":{}}],"line":22},"5":{"loc":{"start":{"line":32,"column":17},"end":{"line":32,"column":41}},"type":"binary-expr","locations":[{"start":{"line":32,"column":17},"end":{"line":32,"column":23}},{"start":{"line":32,"column":27},"end":{"line":32,"column":41}}],"line":32},"6":{"loc":{"start":{"line":41,"column":74},"end":{"line":41,"column":94}},"type":"binary-expr","locations":[{"start":{"line":41,"column":74},"end":{"line":41,"column":76}},{"start":{"line":41,"column":80},"end":{"line":41,"column":94}}],"line":41}},"s":{"0":32,"1":32,"2":389,"3":389,"4":195,"5":195,"6":193,"7":2,"8":2,"9":1,"10":2,"11":189,"12":189,"13":189,"14":189,"15":1,"16":189},"f":{"0":389,"1":195,"2":189,"3":1},"b":{"0":[324,65],"1":[193,196],"2":[193,2],"3":[2,1],"4":[1,1],"5":[189,0],"6":[1,1]},"_coverageSchema":"1a1c01bbd47fc00a2c39e90264f33305004495a9","hash":"bd8fffa3b6ff5f6c3dae45abb1694435e391d20d"}
,"C:\\Projects\\Datetime\\src\\plugins\\isleapyear.js": {"path":"C:\\Projects\\Datetime\\src\\plugins\\isleapyear.js","statementMap":{"0":{"start":{"line":3,"column":0},"end":{"line":8,"column":2}},"1":{"start":{"line":5,"column":21},"end":{"line":5,"column":32}},"2":{"start":{"line":6,"column":8},"end":{"line":6,"column":72}}},"fnMap":{"0":{"name":"(anonymous_0)","decl":{"start":{"line":4,"column":4},"end":{"line":4,"column":5}},"loc":{"start":{"line":4,"column":16},"end":{"line":7,"column":5}},"line":4}},"branchMap":{"0":{"loc":{"start":{"line":6,"column":15},"end":{"line":6,"column":71}},"type":"binary-expr","locations":[{"start":{"line":6,"column":16},"end":{"line":6,"column":30}},{"start":{"line":6,"column":34},"end":{"line":6,"column":50}},{"start":{"line":6,"column":55},"end":{"line":6,"column":71}}],"line":6}},"s":{"0":32,"1":9,"2":9},"f":{"0":9},"b":{"0":[9,6,3]},"_coverageSchema":"1a1c01bbd47fc00a2c39e90264f33305004495a9","hash":"a3bf561cb854a9c36ff7fbef2aa7def1e2ee75d5"}
,"C:\\Projects\\Datetime\\src\\plugins\\iso.js": {"path":"C:\\Projects\\Datetime\\src\\plugins\\iso.js","statementMap":{"0":{"start":{"line":5,"column":17},"end":{"line":5,"column":42}},"1":{"start":{"line":6,"column":16},"end":{"line":6,"column":30}},"2":{"start":{"line":7,"column":19},"end":{"line":7,"column":36}},"3":{"start":{"line":9,"column":0},"end":{"line":39,"column":2}},"4":{"start":{"line":11,"column":19},"end":{"line":11,"column":30}},"5":{"start":{"line":13,"column":8},"end":{"line":20,"column":9}},"6":{"start":{"line":15,"column":16},"end":{"line":15,"column":41}},"7":{"start":{"line":16,"column":16},"end":{"line":16,"column":64}},"8":{"start":{"line":17,"column":16},"end":{"line":17,"column":22}},"9":{"start":{"line":19,"column":21},"end":{"line":19,"column":70}},"10":{"start":{"line":22,"column":8},"end":{"line":22,"column":22}},"11":{"start":{"line":26,"column":19},"end":{"line":26,"column":30}},"12":{"start":{"line":28,"column":8},"end":{"line":35,"column":9}},"13":{"start":{"line":30,"column":16},"end":{"line":30,"column":41}},"14":{"start":{"line":31,"column":16},"end":{"line":31,"column":66}},"15":{"start":{"line":32,"column":16},"end":{"line":32,"column":22}},"16":{"start":{"line":34,"column":21},"end":{"line":34,"column":73}},"17":{"start":{"line":37,"column":8},"end":{"line":37,"column":22}},"18":{"start":{"line":41,"column":0},"end":{"line":60,"column":2}},"19":{"start":{"line":43,"column":17},"end":{"line":43,"column":45}},"20":{"start":{"line":45,"column":8},"end":{"line":47,"column":9}},"21":{"start":{"line":46,"column":12},"end":{"line":46,"column":22}},"22":{"start":{"line":49,"column":8},"end":{"line":49,"column":37}},"23":{"start":{"line":53,"column":8},"end":{"line":53,"column":42}},"24":{"start":{"line":54,"column":24},"end":{"line":56,"column":9}},"25":{"start":{"line":57,"column":21},"end":{"line":57,"column":95}},"26":{"start":{"line":57,"column":74},"end":{"line":57,"column":94}},"27":{"start":{"line":58,"column":8},"end":{"line":58,"column":50}}},"fnMap":{"0":{"name":"(anonymous_0)","decl":{"start":{"line":10,"column":4},"end":{"line":10,"column":5}},"loc":{"start":{"line":10,"column":20},"end":{"line":23,"column":5}},"line":10},"1":{"name":"(anonymous_1)","decl":{"start":{"line":25,"column":4},"end":{"line":25,"column":5}},"loc":{"start":{"line":25,"column":24},"end":{"line":38,"column":5}},"line":25},"2":{"name":"(anonymous_2)","decl":{"start":{"line":42,"column":4},"end":{"line":42,"c
[...]
,"C:\\Projects\\Datetime\\src\\plugins\\timezone.js": {"path":"C:\\Projects\\Datetime\\src\\plugins\\timezone.js","statementMap":{"0":{"start":{"line":4,"column":17},"end":{"line":4,"column":42}},"1":{"start":{"line":6,"column":0},"end":{"line":33,"column":2}},"2":{"start":{"line":8,"column":8},"end":{"line":8,"column":46}},"3":{"start":{"line":12,"column":8},"end":{"line":12,"column":85}},"4":{"start":{"line":16,"column":8},"end":{"line":16,"column":65}},"5":{"start":{"line":20,"column":8},"end":{"line":20,"column":42}},"6":{"start":{"line":22,"column":24},"end":{"line":27,"column":9}},"7":{"start":{"line":29,"column":21},"end":{"line":29,"column":97}},"8":{"start":{"line":29,"column":76},"end":{"line":29,"column":96}},"9":{"start":{"line":31,"column":8},"end":{"line":31,"column":50}}},"fnMap":{"0":{"name":"(anonymous_0)","decl":{"start":{"line":7,"column":4},"end":{"line":7,"column":5}},"loc":{"start":{"line":7,"column":15},"end":{"line":9,"column":5}},"line":7},"1":{"name":"(anonymous_1)","decl":{"start":{"line":11,"column":4},"end":{"line":11,"column":5}},"loc":{"start":{"line":11,"column":14},"end":{"line":13,"column":5}},"line":11},"2":{"name":"(anonymous_2)","decl":{"start":{"line":15,"column":4},"end":{"line":15,"column":5}},"loc":{"start":{"line":15,"column":18},"end":{"line":17,"column":5}},"line":15},"3":{"name":"(anonymous_3)","decl":{"start":{"line":19,"column":4},"end":{"line":19,"column":5}},"loc":{"start":{"line":19,"column":26},"end":{"line":32,"column":5}},"line":19},"4":{"name":"(anonymous_4)","decl":{"start":{"line":29,"column":61},"end":{"line":29,"column":62}},"loc":{"start":{"line":29,"column":76},"end":{"line":29,"column":96}},"line":29}},"branchMap":{"0":{"loc":{"start":{"line":20,"column":17},"end":{"line":20,"column":41}},"type":"binary-expr","locations":[{"start":{"line":20,"column":17},"end":{"line":20,"column":23}},{"start":{"line":20,"column":27},"end":{"line":20,"column":41}}],"line":20},"1":{"loc":{"start":{"line":23,"column":15},"end":{"line":23,"column":51}},"type":"cond-expr","locations":[{"start":{"line":23,"column":30},"end":{"line":23,"column":33}},{"start":{"line":23,"column":36},"end":{"line":23,"column":51}}],"line":23},"2":{"loc":{"start":{"line":29,"column":76},"end":{"line":29,"column":96}},"type":"binary-expr","locations":[{"start":{"line":29,"column":76},"end":{"line":29,"column":78}},{"start":{"line":29,"column":82},"end":{"line":29,"column":96}}],"line":29}},"s":{"0":32,"1":32,"2":773,"3":573,"4":192,"5":189,"6":189,"7":189,"8":4,"9":189},"f":{"0":773,"1":573,"2":192,"3":189,"4":4},"b":{"0":[189,0],"1":[1,188],"2":[4,4]},"_coverageSchema":"1a1c01bbd47fc00a2c39e90264f33305004495a9","hash":"1bb5bb74a629c928e3abf70f9f136944af25ca97"}
,"C:\\Projects\\Datetime\\src\\plugins\\today.js": {"path":"C:\\Projects\\Datetime\\src\\plugins\\today.js","statementMap":{"0":{"start":{"line":3,"column":0},"end":{"line":10,"column":2}},"1":{"start":{"line":5,"column":18},"end":{"line":5,"column":45}},"2":{"start":{"line":6,"column":18},"end":{"line":6,"column":41}},"3":{"start":{"line":8,"column":8},"end":{"line":8,"column":37}},"4":{"start":{"line":12,"column":0},"end":{"line":25,"column":2}},"5":{"start":{"line":14,"column":8},"end":{"line":14,"column":38}},"6":{"start":{"line":18,"column":20},"end":{"line":18,"column":30}},"7":{"start":{"line":20,"column":8},"end":{"line":22,"column":9}},"8":{"start":{"line":21,"column":12},"end":{"line":21,"column":23}},"9":{"start":{"line":23,"column":8},"end":{"line":23,"column":35}}},"fnMap":{"0":{"name":"(anonymous_0)","decl":{"start":{"line":4,"column":4},"end":{"line":4,"column":5}},"loc":{"start":{"line":4,"column":17},"end":{"line":9,"column":5}},"line":4},"1":{"name":"(anonymous_1)","decl":{"start":{"line":13,"column":4},"end":{"line":13,"column":5}},"loc":{"start":{"line":13,"column":13},"end":{"line":15,"column":5}},"line":13},"2":{"name":"(anonymous_2)","decl":{"start":{"line":17,"column":4},"end":{"line":17,"column":5}},"loc":{"start":{"line":17,"column":11},"end":{"line":24,"column":5}},"line":17}},"branchMap":{"0":{"loc":{"start":{"line":20,"column":8},"end":{"line":22,"column":9}},"type":"if","locations":[{"start":{"line":20,"column":8},"end":{"line":22,"column":9}},{"start":{},"end":{}}],"line":20}},"s":{"0":32,"1":3,"2":3,"3":3,"4":32,"5":2,"6":3,"7":3,"8":1,"9":2},"f":{"0":3,"1":2,"2":3},"b":{"0":[1,2]},"_coverageSchema":"1a1c01bbd47fc00a2c39e90264f33305004495a9","hash":"cb5c18ca8ab14c9a68970c8a8a7aaacb524dccee"}
,"C:\\Projects\\Datetime\\src\\plugins\\tomorrow.js": {"path":"C:\\Projects\\Datetime\\src\\plugins\\tomorrow.js","statementMap":{"0":{"start":{"line":3,"column":0},"end":{"line":10,"column":3}},"1":{"start":{"line":5,"column":18},"end":{"line":5,"column":45}},"2":{"start":{"line":6,"column":18},"end":{"line":6,"column":55}},"3":{"start":{"line":8,"column":8},"end":{"line":8,"column":37}},"4":{"start":{"line":12,"column":0},"end":{"line":23,"column":3}},"5":{"start":{"line":14,"column":8},"end":{"line":14,"column":41}},"6":{"start":{"line":18,"column":8},"end":{"line":20,"column":9}},"7":{"start":{"line":19,"column":12},"end":{"line":19,"column":88}},"8":{"start":{"line":21,"column":8},"end":{"line":21,"column":34}}},"fnMap":{"0":{"name":"(anonymous_0)","decl":{"start":{"line":4,"column":4},"end":{"line":4,"column":5}},"loc":{"start":{"line":4,"column":20},"end":{"line":9,"column":5}},"line":4},"1":{"name":"(anonymous_1)","decl":{"start":{"line":13,"column":4},"end":{"line":13,"column":5}},"loc":{"start":{"line":13,"column":16},"end":{"line":15,"column":5}},"line":13},"2":{"name":"(anonymous_2)","decl":{"start":{"line":17,"column":4},"end":{"line":17,"column":5}},"loc":{"start":{"line":17,"column":14},"end":{"line":22,"column":5}},"line":17}},"branchMap":{"0":{"loc":{"start":{"line":18,"column":8},"end":{"line":20,"column":9}},"type":"if","locations":[{"start":{"line":18,"column":8},"end":{"line":20,"column":9}},{"start":{},"end":{}}],"line":18}},"s":{"0":32,"1":3,"2":3,"3":3,"4":32,"5":2,"6":2,"7":1,"8":1},"f":{"0":3,"1":2,"2":2},"b":{"0":[1,1]},"_coverageSchema":"1a1c01bbd47fc00a2c39e90264f33305004495a9","hash":"acc1a8477cb2e402703a107b8145490e9dc4bbd8"}
,"C:\\Projects\\Datetime\\src\\plugins\\transform.js": {"path":"C:\\Projects\\Datetime\\src\\plugins\\transform.js","statementMap":{"0":{"start":{"line":3,"column":0},"end":{"line":43,"column":3}},"1":{"start":{"line":5,"column":8},"end":{"line":5,"column":41}},"2":{"start":{"line":9,"column":8},"end":{"line":9,"column":40}},"3":{"start":{"line":13,"column":8},"end":{"line":13,"column":35}},"4":{"start":{"line":17,"column":8},"end":{"line":17,"column":40}},"5":{"start":{"line":21,"column":8},"end":{"line":21,"column":47}},"6":{"start":{"line":25,"column":8},"end":{"line":25,"column":43}},"7":{"start":{"line":29,"column":8},"end":{"line":29,"column":47}},"8":{"start":{"line":33,"column":8},"end":{"line":33,"column":41}},"9":{"start":{"line":37,"column":8},"end":{"line":37,"column":40}},"10":{"start":{"line":41,"column":8},"end":{"line":41,"column":36}}},"fnMap":{"0":{"name":"(anonymous_0)","decl":{"start":{"line":4,"column":4},"end":{"line":4,"column":5}},"loc":{"start":{"line":4,"column":18},"end":{"line":6,"column":5}},"line":4},"1":{"name":"(anonymous_1)","decl":{"start":{"line":8,"column":4},"end":{"line":8,"column":5}},"loc":{"start":{"line":8,"column":17},"end":{"line":10,"column":5}},"line":8},"2":{"name":"(anonymous_2)","decl":{"start":{"line":12,"column":4},"end":{"line":12,"column":5}},"loc":{"start":{"line":12,"column":12},"end":{"line":14,"column":5}},"line":12},"3":{"name":"(anonymous_3)","decl":{"start":{"line":16,"column":4},"end":{"line":16,"column":5}},"loc":{"start":{"line":16,"column":17},"end":{"line":18,"column":5}},"line":16},"4":{"name":"(anonymous_4)","decl":{"start":{"line":20,"column":4},"end":{"line":20,"column":5}},"loc":{"start":{"line":20,"column":24},"end":{"line":22,"column":5}},"line":20},"5":{"name":"(anonymous_5)","decl":{"start":{"line":24,"column":4},"end":{"line":24,"column":5}},"loc":{"start":{"line":24,"column":20},"end":{"line":26,"column":5}},"line":24},"6":{"name":"(anonymous_6)","decl":{"start":{"line":28,"column":4},"end":{"line":28,"column":5}},"loc":{"start":{"line":28,"column":24},"end":{"line":30,"column":5}},"line":28},"7":{"name":"(anonymous_7)","decl":{"start":{"line":32,"column":4},"end":{"line":32,"column":5}},"loc":{"start":{"line":32,"column":18},"end":{"line":34,"column":5}},"line":32},"8":{"name":"(anonymous_8)","decl":{"start":{"line":36,"column":4},"end":{"line":36,"column":5}},"loc":{"start":{"line":36,"column":17},"end":{"line":38,"column":5}},"line":36},"9":{"name":"(anonymous_9)","decl":{"start":{"line":40,"column":4},"end":{"line":40,"column":5}},"loc":{"start":{"line":40,"column":12},"end":{"line":42,"column":5}},"line":40}},"branchMap":{},"s":{"0":32,"1":1,"2":1,"3":1,"4":1,"5":4,"6":1,"7":4,"8":766,"9":1,"10":1},"f":{"0":1,"1":1,"2":1,"3":1,"4":4,"5":1,"6":4,"7":766,"8":1,"9":1},"b":{},"_coverageSchema":"1a1c01bbd47fc00a2c39e90264f33305004495a9","hash":"1a8cf3b62079ad18a10f635fa007bdd0003bea6d"}
,"C:\\Projects\\Datetime\\src\\plugins\\unix.js": {"path":"C:\\Projects\\Datetime\\src\\plugins\\unix.js","statementMap":{"0":{"start":{"line":4,"column":0},"end":{"line":8,"column":2}},"1":{"start":{"line":6,"column":8},"end":{"line":6,"column":43}},"2":{"start":{"line":10,"column":0},"end":{"line":30,"column":3}},"3":{"start":{"line":14,"column":8},"end":{"line":16,"column":9}},"4":{"start":{"line":15,"column":12},"end":{"line":15,"column":52}},"5":{"start":{"line":18,"column":8},"end":{"line":18,"column":26}},"6":{"start":{"line":20,"column":8},"end":{"line":22,"column":9}},"7":{"start":{"line":21,"column":12},"end":{"line":21,"column":35}},"8":{"start":{"line":24,"column":8},"end":{"line":24,"column":47}},"9":{"start":{"line":28,"column":8},"end":{"line":28,"column":27}}},"fnMap":{"0":{"name":"(anonymous_0)","decl":{"start":{"line":5,"column":4},"end":{"line":5,"column":5}},"loc":{"start":{"line":5,"column":15},"end":{"line":7,"column":5}},"line":5},"1":{"name":"(anonymous_1)","decl":{"start":{"line":11,"column":4},"end":{"line":11,"column":5}},"loc":{"start":{"line":11,"column":14},"end":{"line":25,"column":5}},"line":11},"2":{"name":"(anonymous_2)","decl":{"start":{"line":27,"column":4},"end":{"line":27,"column":5}},"loc":{"start":{"line":27,"column":15},"end":{"line":29,"column":5}},"line":27}},"branchMap":{"0":{"loc":{"start":{"line":14,"column":8},"end":{"line":16,"column":9}},"type":"if","locations":[{"start":{"line":14,"column":8},"end":{"line":16,"column":9}},{"start":{},"end":{}}],"line":14},"1":{"loc":{"start":{"line":14,"column":12},"end":{"line":14,"column":43}},"type":"binary-expr","locations":[{"start":{"line":14,"column":12},"end":{"line":14,"column":29}},{"start":{"line":14,"column":34},"end":{"line":14,"column":42}}],"line":14},"2":{"loc":{"start":{"line":20,"column":8},"end":{"line":22,"column":9}},"type":"if","locations":[{"start":{"line":20,"column":8},"end":{"line":22,"column":9}},{"start":{},"end":{}}],"line":20}},"s":{"0":32,"1":1,"2":32,"3":8,"4":6,"5":2,"6":2,"7":1,"8":1,"9":1},"f":{"0":1,"1":8,"2":1},"b":{"0":[6,2],"1":[8,3],"2":[1,1]},"_coverageSchema":"1a1c01bbd47fc00a2c39e90264f33305004495a9","hash":"bb9aa9c6b573b1de948f9fdb8fa9d5b44262e56c"}
,"C:\\Projects\\Datetime\\src\\plugins\\weeknumber.js": {"path":"C:\\Projects\\Datetime\\src\\plugins\\weeknumber.js","statementMap":{"0":{"start":{"line":6,"column":17},"end":{"line":6,"column":42}},"1":{"start":{"line":8,"column":0},"end":{"line":61,"column":2}},"2":{"start":{"line":13,"column":8},"end":{"line":13,"column":36}},"3":{"start":{"line":14,"column":8},"end":{"line":14,"column":46}},"4":{"start":{"line":15,"column":8},"end":{"line":15,"column":44}},"5":{"start":{"line":16,"column":8},"end":{"line":16,"column":41}},"6":{"start":{"line":17,"column":8},"end":{"line":19,"column":14}},"7":{"start":{"line":21,"column":8},"end":{"line":32,"column":9}},"8":{"start":{"line":22,"column":12},"end":{"line":22,"column":61}},"9":{"start":{"line":23,"column":12},"end":{"line":28,"column":13}},"10":{"start":{"line":24,"column":16},"end":{"line":24,"column":56}},"11":{"start":{"line":25,"column":16},"end":{"line":25,"column":51}},"12":{"start":{"line":26,"column":16},"end":{"line":26,"column":51}},"13":{"start":{"line":27,"column":16},"end":{"line":27,"column":44}},"14":{"start":{"line":31,"column":12},"end":{"line":31,"column":57}},"15":{"start":{"line":33,"column":8},"end":{"line":33,"column":23}},"16":{"start":{"line":37,"column":8},"end":{"line":37,"column":34}},"17":{"start":{"line":41,"column":21},"end":{"line":41,"column":41}},"18":{"start":{"line":42,"column":8},"end":{"line":42,"column":60}},"19":{"start":{"line":46,"column":34},"end":{"line":46,"column":51}},"20":{"start":{"line":46,"column":59},"end":{"line":46,"column":79}},"21":{"start":{"line":48,"column":8},"end":{"line":48,"column":42}},"22":{"start":{"line":50,"column":8},"end":{"line":55,"column":10}},"23":{"start":{"line":57,"column":8},"end":{"line":57,"column":92}},"24":{"start":{"line":57,"column":70},"end":{"line":57,"column":90}},"25":{"start":{"line":59,"column":8},"end":{"line":59,"column":50}}},"fnMap":{"0":{"name":"(anonymous_0)","decl":{"start":{"line":10,"column":4},"end":{"line":10,"column":5}},"loc":{"start":{"line":10,"column":27},"end":{"line":34,"column":5}},"line":10},"1":{"name":"(anonymous_1)","decl":{"start":{"line":36,"column":4},"end":{"line":36,"column":5}},"loc":{"start":{"line":36,"column":19},"end":{"line":38,"column":5}},"line":36},"2":{"name":"(anonymous_2)","decl":{"start":{"line":40,"column":4},"end":{"line":40,"column":5}},"loc":{"start":{"line":40,"column":26},"end":{"line":43,"column":5}},"line":40},"3":{"name":"(anonymous_3)","decl":{"start":{"line":45,"column":12},"end":{"line":45,"column":13}},"loc":{"start":{"line":45,"column":36},"end":{"line":60,"column":5}},"line":45},"4":{"name":"(anonymous_4)","decl":{"start":{"line":57,"column":55},"end":{"line":57,"column":56}},"loc":{"start":{"line":57,"column":70},"end":{"line":57,"column":90}},"line":57}},"branchMap":{"0":{"loc":{"start":{"line":13,"column":20},"end":{"line":13,"column":35}},"type":"binary-expr","locations":[{"start":{"line":13,"column":20},"end":{"line":13,"column":30}},{"start":{"line":13,"column":34},"end":{"line":13,"column":35}}],"line":13},"1":{"loc":{"start":{"line":16,"column":15},"end":{"line":16,"column":39}},"type":"cond-expr","locations":[{"start":{"line":16,"column":26},"end":{"line":16,"column":29}},{"start":{"line":16,"column":32},"end":{"line":16,"column":39}}],"line":16},"2":{"loc":{"start":{"line":21,"column":8},"end":{"line":32,"column":9}},"type":"if","locations":[{"start":{"line":21,"column":8},"end":{"line":32,"column":9}},{"start":{"line":30,"column":13},"end":{"line":32,"column":9}}],"line":21},"3":{"loc":{"start":{"line":23,"column":12},"end":{"line":28,"column":13}},"type":"if","locations":[{"start":{"line":23,"column":12},"end":{"line":28,"column":13}},{"start":{},"end":{}}],"line":23},"4":{"loc":{"start":{"line":26,"column":23},"end":{"line":26,"column":50}},"type":"cond-expr","locations":[{"start":{"line":26,"column":35},"end":{"line":26,"column":39}},{"start":{"line":26,"column":42},"end":{"line":26,"column":50}}],"line":26},"5":{"loc":{"start":{"line":27,"column":26},"end":{"line":27,"column":43}},"type":"cond-expr","locations":[{"start":{"line":27,"column":37},"end":{"line":27,"column":38}},{"start":{"line":27,"column":41},"end":{"line":27,"column":43}}],"line":27},"6":{"loc":{"start":{"line":48,"column":17},"end":{"line":48,"column":41}},"type":"binary-expr","locations":[{"start":{"line":48,"column":17},"end":{"line":48,"column":23}},{"start":{"line":48,"column":27},"end":{"line":48,"column":41}}],"line":48},"7":{"loc":{"start":{"line":57,"column":70},"end":{"line":57,"column":90}},"type":"binary-expr","locations":[{"start":{"line":57,"column":70},"end":{"line":57,"column":72}},{"start":{"line":57,"column":76},"end":{"line":57,"column":90}}],"line":57}},"s":{"0":32,"1":32,"2":386,"3":386,"4":386,"5":386,"6":386,"7":386,"8":331,"9":331,"10":30,"11":30,"12":30,"13":30,"14":55,"15":386,"16":193,"17":1,"18":1,"19":189,"20":189,"21":189,"22":189,"23":189,"24":8,"25":189},"f":{"0":386,"1":193,"2":1,"3":189,"4":8},"b":{"0":[386,191],"1":[386,0],"2":[331,55],"3":[30,301],"4":[30,0],"5":[16,14],"6":[189,8],"7":[8,8]},"_coverageSchema":"1a1c01bbd47fc00a2c39e90264f33305004495a9","hash":"b1b23b3dcc7a31d333d55ef67447c0d14b39181d"}
,"C:\\Projects\\Datetime\\src\\plugins\\yesterday.js": {"path":"C:\\Projects\\Datetime\\src\\plugins\\yesterday.js","statementMap":{"0":{"start":{"line":3,"column":0},"end":{"line":10,"column":3}},"1":{"start":{"line":5,"column":18},"end":{"line":5,"column":45}},"2":{"start":{"line":6,"column":18},"end":{"line":6,"column":56}},"3":{"start":{"line":8,"column":8},"end":{"line":8,"column":37}},"4":{"start":{"line":12,"column":0},"end":{"line":23,"column":2}},"5":{"start":{"line":14,"column":8},"end":{"line":14,"column":42}},"6":{"start":{"line":18,"column":8},"end":{"line":20,"column":9}},"7":{"start":{"line":19,"column":12},"end":{"line":19,"column":89}},"8":{"start":{"line":21,"column":8},"end":{"line":21,"column":35}}},"fnMap":{"0":{"name":"(anonymous_0)","decl":{"start":{"line":4,"column":4},"end":{"line":4,"column":5}},"loc":{"start":{"line":4,"column":21},"end":{"line":9,"column":5}},"line":4},"1":{"name":"(anonymous_1)","decl":{"start":{"line":13,"column":4},"end":{"line":13,"column":5}},"loc":{"start":{"line":13,"column":17},"end":{"line":15,"column":5}},"line":13},"2":{"name":"(anonymous_2)","decl":{"start":{"line":17,"column":4},"end":{"line":17,"column":5}},"loc":{"start":{"line":17,"column":15},"end":{"line":22,"column":5}},"line":17}},"branchMap":{"0":{"loc":{"start":{"line":18,"column":8},"end":{"line":20,"column":9}},"type":"if","locations":[{"start":{"line":18,"column":8},"end":{"line":20,"column":9}},{"start":{},"end":{}}],"line":18}},"s":{"0":32,"1":3,"2":3,"3":3,"4":32,"5":2,"6":2,"7":1,"8":1},"f":{"0":3,"1":2,"2":2},"b":{"0":[1,1]},"_coverageSchema":"1a1c01bbd47fc00a2c39e90264f33305004495a9","hash":"19fc0dc6f3fcfe9898b2dc812d78bc165c980977"}
}
