{"C:\\Projects\\Datetime\\dist\\datetime.js": {"path":"C:\\Projects\\Datetime\\dist\\datetime.js","statementMap":{"0":{"start":{"line":2,"column":2},"end":{"line":11,"column":3}},"1":{"start":{"line":3,"column":4},"end":{"line":8,"column":7}},"2":{"start":{"line":10,"column":4},"end":{"line":10,"column":21}},"3":{"start":{"line":13,"column":2},"end":{"line":13,"column":13}},"4":{"start":{"line":16,"column":14},"end":{"line":16,"column":28}},"5":{"start":{"line":16,"column":19},"end":{"line":16,"column":28}},"6":{"start":{"line":18,"column":23},"end":{"line":18,"column":48}},"7":{"start":{"line":19,"column":21},"end":{"line":19,"column":35}},"8":{"start":{"line":20,"column":21},"end":{"line":20,"column":84}},"9":{"start":{"line":21,"column":30},"end":{"line":21,"column":42}},"10":{"start":{"line":22,"column":32},"end":{"line":22,"column":56}},"11":{"start":{"line":23,"column":23},"end":{"line":30,"column":1}},"12":{"start":{"line":31,"column":10},"end":{"line":42,"column":1}},"13":{"start":{"line":43,"column":10},"end":{"line":57,"column":1}},"14":{"start":{"line":59,"column":17},"end":{"line":61,"column":1}},"15":{"start":{"line":60,"column":2},"end":{"line":60,"column":48}},"16":{"start":{"line":63,"column":14},"end":{"line":69,"column":1}},"17":{"start":{"line":64,"column":2},"end":{"line":68,"column":3}},"18":{"start":{"line":65,"column":4},"end":{"line":65,"column":88}},"19":{"start":{"line":67,"column":4},"end":{"line":67,"column":17}},"20":{"start":{"line":71,"column":12},"end":{"line":71,"column":55}},"21":{"start":{"line":71,"column":17},"end":{"line":71,"column":55}},"22":{"start":{"line":73,"column":13},"end":{"line":81,"column":1}},"23":{"start":{"line":74,"column":13},"end":{"line":74,"column":21}},"24":{"start":{"line":76,"column":2},"end":{"line":78,"column":3}},"25":{"start":{"line":77,"column":4},"end":{"line":77,"column":16}},"26":{"start":{"line":80,"column":2},"end":{"line":80,"column":58}},"27":{"start":{"line":85,"column":17},"end":{"line":85,"column":41}},"28":{"start":{"line":86,"column":4},"end":{"line":86,"column":82}},"29":{"start":{"line":87,"column":4},"end":{"line":87,"column":23}},"30":{"start":{"line":88,"column":4},"end":{"line":88,"column":54}},"31":{"start":{"line":89,"column":4},"end":{"line":89,"column":25}},"32":{"start":{"line":90,"column":4},"end":{"line":90,"column":24}},"33":{"start":{"line":92,"column":4},"end":{"line":94,"column":5}},"34":{"start":{"line":93,"column":6},"end":{"line":93,"column":36}},"35":{"start":{"line":98,"column":4},"end":{"line":98,"column":35}},"36":{"start":{"line":102,"column":4},"end":{"line":102,"column":49}},"37":{"start":{"line":106,"column":4},"end":{"line":106,"column":37}},"38":{"start":{"line":110,"column":4},"end":{"line":110,"column":36}},"39":{"start":{"line":114,"column":4},"end":{"line":114,"column":98}},"40":{"start":{"line":118,"column":16},"end":{"line":118,"column":30}},"41":{"start":{"line":122,"column":4},"end":{"line":162,"column":5}},"42":{"start":{"line":124,"column":8},"end":{"line":124,"column":29}},"43":{"start":{"line":125,"column":8},"end":{"line":125,"column":14}},"44":{"start":{"line":129,"column":8},"end":{"line":129,"column":52}},"45":{"start":{"line":130,"column":8},"end":{"line":130,"column":14}},"46":{"start":{"line":134,"column":8},"end":{"line":134,"column":52}},"47":{"start":{"line":135,"column":8},"end":{"line":135,"column":14}},"48":{"start":{"line":139,"column":8},"end":{"line":139,"column":52}},"49":{"start":{"line":140,"column":8},"end":{"line":140,"column":14}},"50":{"start":{"line":144,"column":8},"end":{"line":144,"column":52}},"51":{"start":{"line":145,"column":8},"end":{"line":145,"column":14}},"52":{"start":{"line":149,"column":8},"end":{"line":149,"column":52}},"53":{"start":{"line":150,"column":8},"end":{"line":150,"column":14}},"54":{"start":{"line":155,"column":10},"end":{"line":155,"column":33}},"55":{"start":{"line":156,"column":10},"end":{"line":156,"column":59}},"56":{"start":{"line":157,"column":10},"end":{"line":157,"column":16}},"57":{"start":{"line":161,"column":8},"end":{"line":161,"column":23}},"58":{"start":{"line":164,"column":4},"end":{"line":164,"column":18}},"59":{"start":{"line":168,"column":16},"end":{"line":168,"column":30}},"60":{"start":{"line":172,"column":4},"end":{"line":217,"column":5}},"61":{"start":{"line":174,"column":8},"end":{"line":174,"column":31}},"62":{"start":{"line":175,"column":8},"end":{"line":175,"column":14}},"63":{"start":{"line":179,"column":8},"end":{"line":179,"column":48}},"64":{"start":{"line":180,"column":8},"end":{"line":180,"column":14}},"65":{"start":{"line":184,"column":8},"end":{"line":184,"column":56}},"66":{"start":{"line":185,"column":8},"end":{"line":185,"column":14}},"67":{"start":{"line":189,"column":8},"end":{"line":189,"column":56}},"68":{"start":{"line":190,"column":8},"end":{"line":190,"column":14}},"69":{"start":{"line":194,"column":8},"end":{"line":194,"column":56}},"70":{"start":{"line":195,"column":8},"end":{"line":195,"column":14}},"71":{"start":{"line":199,"column":8},"end":{"line":199,"column":80}},"72":{"start":{"line":200,"column":8},"end":{"line":200,"column":14}},"73":{"start":{"line":204,"column":8},"end":{"line":204,"column":65}},"74":{"start":{"line":205,"column":8},"end":{"line":205,"column":14}},"75":{"start":{"line":210,"column":10},"end":{"line":210,"column":33}},"76":{"start":{"line":211,"column":10},"end":{"line":211,"column":68}},"77":{"start":{"line":212,"column":10},"end":{"line":212,"column":16}},"78":{"start":{"line":216,"column":8},"end":{"line":216,"column":22}},"79":{"start":{"line":219,"column":4},"end":{"line":219,"column":18}},"80":{"start":{"line":223,"column":4},"end":{"line":223,"column":40}},"81":{"start":{"line":224,"column":4},"end":{"line":224,"column":16}},"82":{"start":{"line":228,"column":4},"end":{"line":228,"column":24}},"83":{"start":{"line":229,"column":4},"end":{"line":229,"column":16}},"84":{"start":{"line":233,"column":4},"end":{"line":233,"column":25}},"85":{"start":{"line":234,"column":4},"end":{"line":234,"column":16}},"86":{"start":{"line":238,"column":4},"end":{"line":238,"column":68}},"87":{"start":{"line":239,"column":4},"end":{"line":239,"column":63}},"88":{"start":{"line":240,"column":4},"end":{"line":240,"column":16}},"89":{"start":{"line":244,"column":14},"end":{"line":244,"column":34}},"90":{"start":{"line":245,"column":4},"end":{"line":245,"column":27}},"91":{"start":{"line":246,"column":4},"end":{"line":246,"column":33}},"92":{"start":{"line":247,"column":4},"end":{"line":247,"column":29}},"93":{"start":{"line":248,"column":4},"end":{"line":248,"column":13}},"94":{"start":{"line":252,"column":4},"end":{"line":255,"column":5}},"95":{"start":{"line":253,"column":6},"end":{"line":253,"column":50}},"96":{"start":{"line":254,"column":6},"end":{"line":254,"column":18}},"97":{"start":{"line":257,"column":4},"end":{"line":257,"column":76}},"98":{"start":{"line":261,"column":4},"end":{"line":264,"column":5}},"99":{"start":{"line":262,"column":6},"end":{"line":262,"column":53}},"100":{"start":{"line":263,"column":6},"end":{"line":263,"column":18}},"101":{"start":{"line":266,"column":4},"end":{"line":266,"column":79}},"102":{"start":{"line":270,"column":4},"end":{"line":270,"column":50}},"103":{"start":{"line":270,"column":32},"end":{"line":270,"column":50}},"104":{"start":{"line":272,"column":4},"end":{"line":275,"column":5}},"105":{"start":{"line":273,"column":6},"end":{"line":273,"column":23}},"106":{"start":{"line":274,"column":6},"end":{"line":274,"column":18}},"107":{"start":{"line":277,"column":4},"end":{"line":277,"column":25}},"108":{"start":{"line":281,"column":4},"end":{"line":281,"column":42}},"109":{"start":{"line":287,"column":15},"end":{"line":287,"column":70}},"110":{"start":{"line":289,"column":4},"end":{"line":292,"column":5}},"111":{"start":{"line":290,"column":6},"end":{"line":290,"column":24}},"112":{"start":{"line":291,"column":6},"end":{"line":291,"column":18}},"113":{"start":{"line":294,"column":18},"end":{"line":294,"column":30}},"114":{"start":{"line":295,"column":4},"end":{"line":295,"column":23}},"115":{"start":{"line":296,"column":4},"end":{"line":296,"column":17}},"116":{"start":{"line":300,"column":15},"end":{"line":300,"column":70}},"117":{"start":{"line":301,"column":4},"end":{"line":301,"column":28}},"118":{"start":{"line":305,"column":4},"end":{"line":307,"column":5}},"119":{"start":{"line":306,"column":6},"end":{"line":306,"column":29}},"120":{"start":{"line":309,"column":4},"end":{"line":309,"column":32}},"121":{"start":{"line":313,"column":4},"end":{"line":313,"column":33}},"122":{"start":{"line":317,"column":4},"end":{"line":317,"column":32}},"123":{"start":{"line":321,"column":4},"end":{"line":321,"column":32}},"124":{"start":{"line":325,"column":4},"end":{"line":325,"column":32}},"125":{"start":{"line":329,"column":4},"end":{"line":329,"column":32}},"126":{"start":{"line":333,"column":4},"end":{"line":333,"column":32}},"127":{"start":{"line":337,"column":4},"end":{"line":337,"column":32}},"128":{"start":{"line":341,"column":4},"end":{"line":341,"column":32}},"129":{"start":{"line":345,"column":4},"end":{"line":347,"column":5}},"130":{"start":{"line":346,"column":6},"end":{"line":346,"column":73}},"131":{"start":{"line":349,"column":17},"end":{"line":349,"column":31}},"132":{"start":{"line":350,"column":17},"end":{"line":350,"column":27}},"133":{"start":{"line":351,"column":4},"end":{"line":351,"column":32}},"134":{"start":{"line":352,"column":4},"end":{"line":352,"column":16}},"135":{"start":{"line":356,"column":4},"end":{"line":356,"column":66}},"136":{"start":{"line":360,"column":4},"end":{"line":360,"column":69}},"137":{"start":{"line":364,"column":4},"end":{"line":388,"column":5}},"138":{"start":{"line":366,"column":8},"end":{"line":366,"column":61}},"139":{"start":{"line":369,"column":8},"end":{"line":369,"column":56}},"140":{"start":{"line":372,"column":8},"end":{"line":372,"column":51}},"141":{"start":{"line":375,"column":8},"end":{"line":375,"column":44}},"142":{"start":{"line":378,"column":8},"end":{"line":378,"column":42}},"143":{"start":{"line":381,"column":8},"end":{"line":381,"column":46}},"144":{"start":{"line":384,"column":8},"end":{"line":384,"column":46}},"145":{"start":{"line":387,"column":8},"end":{"line":387,"column":44}},"146":{"start":{"line":392,"column":4},"end":{"line":392,"column":28}},"147":{"start":{"line":396,"column":4},"end":{"line":396,"column":28}},"148":{"start":{"line":400,"column":4},"end":{"line":400,"column":28}},"149":{"start":{"line":404,"column":4},"end":{"line":404,"column":29}},"150":{"start":{"line":408,"column":4},"end":{"line":408,"column":28}},"151":{"start":{"line":412,"column":4},"end":{"line":412,"column":28}},"152":{"start":{"line":416,"column":4},"end":{"line":416,"column":28}},"153":{"start":{"line":420,"column":4},"end":{"line":420,"column":28}},"154":{"start":{"line":424,"column":19},"end":{"line":424,"column":40}},"155":{"start":{"line":425,"column":18},"end":{"line":425,"column":59}},"156":{"start":{"line":426,"column":17},"end":{"line":426,"column":28}},"157":{"start":{"line":427,"column":18},"end":{"line":427,"column":30}},"158":{"start":{"line":428,"column":18},"end":{"line":428,"column":30}},"159":{"start":{"line":429,"column":16},"end":{"line":429,"column":26}},"160":{"start":{"line":430,"column":20},"end":{"line":430,"column":34}},"161":{"start":{"line":431,"column":17},"end":{"line":431,"column":28}},"162":{"start":{"line":432,"column":19},"end":{"line":432,"column":32}},"163":{"start":{"line":433,"column":19},"end":{"line":433,"column":32}},"164":{"start":{"line":434,"column":15},"end":{"line":434,"column":24}},"165":{"start":{"line":435,"column":20},"end":{"line":455,"column":5}},"166":{"start":{"line":456,"column":4},"end":{"line":456,"column":77}},"167":{"start":{"line":456,"column":55},"end":{"line":456,"column":75}},"168":{"start":{"line":460,"column":4},"end":{"line":460,"column":32}},"169":{"start":{"line":464,"column":4},"end":{"line":464,"column":33}},"170":{"start":{"line":469,"column":0},"end":{"line":471,"column":3}},"171":{"start":{"line":473,"column":17},"end":{"line":473,"column":99}},"172":{"start":{"line":473,"column":30},"end":{"line":473,"column":99}},"173":{"start":{"line":475,"column":19},"end":{"line":475,"column":44}},"174":{"start":{"line":476,"column":22},"end":{"line":491,"column":1}},"175":{"start":{"line":478,"column":4},"end":{"line":478,"column":29}},"176":{"start":{"line":482,"column":4},"end":{"line":482,"column":38}},"177":{"start":{"line":483,"column":20},"end":{"line":486,"column":5}},"178":{"start":{"line":487,"column":17},"end":{"line":487,"column":94}},"179":{"start":{"line":487,"column":73},"end":{"line":487,"column":93}},"180":{"start":{"line":488,"column":4},"end":{"line":488,"column":49}},"181":{"start":{"line":492,"column":0},"end":{"line":492,"column":49}},"182":{"start":{"line":494,"column":23},"end":{"line":547,"column":1}},"183":{"start":{"line":495,"column":14},"end":{"line":495,"column":28}},"184":{"start":{"line":497,"column":11},"end":{"line":497,"column":50}},"185":{"start":{"line":498,"column":11},"end":{"line":498,"column":52}},"186":{"start":{"line":499,"column":14},"end":{"line":499,"column":46}},"187":{"start":{"line":500,"column":12},"end":{"line":500,"column":22}},"188":{"start":{"line":503,"column":22},"end":{"line":510,"column":3}},"189":{"start":{"line":504,"column":4},"end":{"line":506,"column":5}},"190":{"start":{"line":505,"column":6},"end":{"line":505,"column":16}},"191":{"start":{"line":508,"column":13},"end":{"line":508,"column":18}},"192":{"start":{"line":509,"column":4},"end":{"line":509,"column":36}},"193":{"start":{"line":512,"column":17},"end":{"line":520,"column":3}},"194":{"start":{"line":522,"column":2},"end":{"line":522,"column":35}},"195":{"start":{"line":524,"column":2},"end":{"line":528,"column":3}},"196":{"start":{"line":525,"column":4},"end":{"line":525,"column":49}},"197":{"start":{"line":527,"column":4},"end":{"line":527,"column":24}},"198":{"start":{"line":530,"column":2},"end":{"line":534,"column":5}},"199":{"start":{"line":531,"column":16},"end":{"line":531,"column":61}},"200":{"start":{"line":532,"column":16},"end":{"line":532,"column":62}},"201":{"start":{"line":533,"column":4},"end":{"line":533,"column":56}},"202":{"start":{"line":535,"column":2},"end":{"line":535,"column":22}},"203":{"start":{"line":536,"column":2},"end":{"line":536,"column":49}},"204":{"start":{"line":538,"column":2},"end":{"line":538,"column":35}},"205":{"start":{"line":540,"column":2},"end":{"line":544,"column":3}},"206":{"start":{"line":541,"column":4},"end":{"line":541,"column":49}},"207":{"start":{"line":543,"column":4},"end":{"line":543,"column":24}},"208":{"start":{"line":546,"column":2},"end":{"line":546,"column":16}},"209":{"start":{"line":549,"column":0},"end":{"line":555,"column":3}},"210":{"start":{"line":552,"column":4},"end":{"line":552,"column":43}},"211":{"start":{"line":557,"column":19},"end":{"line":557,"column":44}},"212":{"start":{"line":558,"column":0},"end":{"line":572,"column":3}},"213":{"start":{"line":560,"column":4},"end":{"line":560,"column":40}},"214":{"start":{"line":564,"column":4},"end":{"line":564,"column":38}},"215":{"start":{"line":565,"column":20},"end":{"line":567,"column":5}},"216":{"start":{"line":568,"column":14},"end":{"line":568,"column":83}},"217":{"start":{"line":568,"column":62},"end":{"line":568,"column":82}},"218":{"start":{"line":569,"column":4},"end":{"line":569,"column":46}},"219":{"start":{"line":574,"column":0},"end":{"line":664,"column":3}},"220":{"start":{"line":576,"column":4},"end":{"line":576,"column":46}},"221":{"start":{"line":583,"column":17},"end":{"line":583,"column":28}},"222":{"start":{"line":584,"column":17},"end":{"line":584,"column":37}},"223":{"start":{"line":586,"column":4},"end":{"line":586,"column":31}},"224":{"start":{"line":588,"column":4},"end":{"line":590,"column":5}},"225":{"start":{"line":589,"column":6},"end":{"line":589,"column":21}},"226":{"start":{"line":592,"column":4},"end":{"line":592,"column":42}},"227":{"start":{"line":593,"column":4},"end":{"line":593,"column":34}},"228":{"start":{"line":594,"column":4},"end":{"line":594,"column":34}},"229":{"start":{"line":596,"column":4},"end":{"line":614,"column":5}},"230":{"start":{"line":598,"column":8},"end":{"line":598,"column":23}},"231":{"start":{"line":601,"column":8},"end":{"line":601,"column":23}},"232":{"start":{"line":604,"column":8},"end":{"line":604,"column":24}},"233":{"start":{"line":607,"column":8},"end":{"line":607,"column":24}},"234":{"start":{"line":610,"column":8},"end":{"line":610,"column":25}},"235":{"start":{"line":613,"column":8},"end":{"line":613,"column":25}},"236":{"start":{"line":618,"column":4},"end":{"line":618,"column":46}},"237":{"start":{"line":622,"column":4},"end":{"line":622,"column":42}},"238":{"start":{"line":626,"column":4},"end":{"line":626,"column":43}},"239":{"start":{"line":630,"column":4},"end":{"line":630,"column":42}},"240":{"start":{"line":634,"column":4},"end":{"line":634,"column":43}},"241":{"start":{"line":638,"column":4},"end":{"line":638,"column":42}},"242":{"start":{"line":642,"column":4},"end":{"line":642,"column":43}},"243":{"start":{"line":646,"column":17},"end":{"line":646,"column":28}},"244":{"start":{"line":647,"column":17},"end":{"line":647,"column":52}},"245":{"start":{"line":648,"column":22},"end":{"line":648,"column":94}},"246":{"start":{"line":649,"column":4},"end":{"line":657,"column":6}},"247":{"start":{"line":661,"column":4},"end":{"line":661,"column":31}},"248":{"start":{"line":666,"column":0},"end":{"line":672,"column":3}},"249":{"start":{"line":668,"column":17},"end":{"line":668,"column":28}},"250":{"start":{"line":669,"column":4},"end":{"line":669,"column":66}},"251":{"start":{"line":674,"column":0},"end":{"line":682,"column":3}},"252":{"start":{"line":676,"column":21},"end":{"line":676,"column":76}},"253":{"start":{"line":677,"column":18},"end":{"line":677,"column":30}},"254":{"start":{"line":678,"column":16},"end":{"line":678,"column":26}},"255":{"start":{"line":679,"column":4},"end":{"line":679,"column":76}},"256":{"start":{"line":684,"column":0},"end":{"line":716,"column":3}},"257":{"start":{"line":686,"column":17},"end":{"line":686,"column":37}},"258":{"start":{"line":687,"column":4},"end":{"line":687,"column":60}},"259":{"start":{"line":691,"column":4},"end":{"line":691,"column":41}},"260":{"start":{"line":695,"column":19},"end":{"line":695,"column":21}},"261":{"start":{"line":696,"column":17},"end":{"line":696,"column":37}},"262":{"start":{"line":697,"column":4},"end":{"line":697,"column":25}},"263":{"start":{"line":699,"column":4},"end":{"line":703,"column":5}},"264":{"start":{"line":699,"column":17},"end":{"line":699,"column":18}},"265":{"start":{"line":700,"column":6},"end":{"line":700,"column":42}},"266":{"start":{"line":701,"column":6},"end":{"line":701,"column":30}},"267":{"start":{"line":702,"column":6},"end":{"line":702,"column":34}},"268":{"start":{"line":705,"column":4},"end":{"line":705,"column":18}},"269":{"start":{"line":709,"column":16},"end":{"line":709,"column":36}},"270":{"start":{"line":710,"column":19},"end":{"line":710,"column":21}},"271":{"start":{"line":711,"column":18},"end":{"line":711,"column":59}},"272":{"start":{"line":712,"column":4},"end":{"line":712,"column":86}},"273":{"start":{"line":712,"column":26},"end":{"line":712,"column":84}},"274":{"start":{"line":713,"column":4},"end":{"line":713,"column":18}},"275":{"start":{"line":718,"column":0},"end":{"line":743,"column":3}},"276":{"start":{"line":720,"column":4},"end":{"line":720,"column":45}},"277":{"start":{"line":724,"column":19},"end":{"line":724,"column":32}},"278":{"start":{"line":725,"column":19},"end":{"line":725,"column":53}},"279":{"start":{"line":726,"column":4},"end":{"line":726,"column":47}},"280":{"start":{"line":730,"column":19},"end":{"line":730,"column":36}},"281":{"start":{"line":731,"column":19},"end":{"line":731,"column":53}},"282":{"start":{"line":732,"column":4},"end":{"line":732,"column":49}},"283":{"start":{"line":736,"column":17},"end":{"line":736,"column":77}},"284":{"start":{"line":737,"column":16},"end":{"line":737,"column":26}},"285":{"start":{"line":738,"column":4},"end":{"line":738,"column":30}},"286":{"start":{"line":738,"column":21},"end":{"line":738,"column":30}},"287":{"start":{"line":739,"column":4},"end":{"line":739,"column":34}},"288":{"start":{"line":739,"column":25},"end":{"line":739,"column":34}},"289":{"start":{"line":740,"column":4},"end":{"line":740,"column":13}},"290":{"start":{"line":745,"column":0},"end":{"line":856,"column":3}},"291":{"start":{"line":752,"column":21},"end":{"line":756,"column":5}},"292":{"start":{"line":753,"column":6},"end":{"line":755,"column":37}},"293":{"start":{"line":754,"column":8},"end":{"line":754,"column":32}},"294":{"start":{"line":758,"column":30},"end":{"line":774,"column":5}},"295":{"start":{"line":759,"column":14},"end":{"line":759,"column":16}},"296":{"start":{"line":760,"column":20},"end":{"line":760,"column":54}},"297":{"start":{"line":761,"column":6},"end":{"line":761,"column":32}},"298":{"start":{"line":761,"column":22},"end":{"line":761,"column":32}},"299":{"start":{"line":762,"column":6},"end":{"line":762,"column":40}},"300":{"start":{"line":764,"column":6},"end":{"line":766,"column":7}},"301":{"start":{"line":765,"column":8},"end":{"line":765,"column":53}},"302":{"start":{"line":768,"column":6},"end":{"line":771,"column":7}},"303":{"start":{"line":769,"column":8},"end":{"line":769,"column":35}},"304":{"start":{"line":770,"column":8},"end":{"line":770,"column":47}},"305":{"start":{"line":773,"column":6},"end":{"line":773,"column":35}},"306":{"start":{"line":776,"column":25},"end":{"line":801,"column":5}},"307":{"start":{"line":777,"column":20},"end":{"line":785,"column":7}},"308":{"start":{"line":786,"column":19},"end":{"line":786,"column":21}},"309":{"start":{"line":790,"column":6},"end":{"line":798,"column":7}},"310":{"start":{"line":790,"column":19},"end":{"line":790,"column":20}},"311":{"start":{"line":791,"column":8},"end":{"line":791,"column":29}},"312":{"start":{"line":792,"column":8},"end":{"line":792,"column":36}},"313":{"start":{"line":794,"column":8},"end":{"line":797,"column":9}},"314":{"start":{"line":795,"column":10},"end":{"line":795,"column":25}},"315":{"start":{"line":796,"column":10},"end":{"line":796,"column":16}},"316":{"start":{"line":800,"column":6},"end":{"line":800,"column":20}},"317":{"start":{"line":803,"column":4},"end":{"line":805,"column":5}},"318":{"start":{"line":804,"column":6},"end":{"line":804,"column":24}},"319":{"start":{"line":809,"column":4},"end":{"line":809,"column":42}},"320":{"start":{"line":812,"column":4},"end":{"line":812,"column":69}},"321":{"start":{"line":813,"column":4},"end":{"line":813,"column":35}},"322":{"start":{"line":814,"column":4},"end":{"line":814,"column":29}},"323":{"start":{"line":816,"column":4},"end":{"line":818,"column":5}},"324":{"start":{"line":817,"column":6},"end":{"line":817,"column":36}},"325":{"start":{"line":820,"column":4},"end":{"line":820,"column":35}},"326":{"start":{"line":821,"column":4},"end":{"line":821,"column":31}},"327":{"start":{"line":822,"column":4},"end":{"line":822,"column":33}},"328":{"start":{"line":823,"column":4},"end":{"line":823,"column":33}},"329":{"start":{"line":824,"column":4},"end":{"line":824,"column":37}},"330":{"start":{"line":825,"column":4},"end":{"line":825,"column":37}},"331":{"start":{"line":826,"column":4},"end":{"line":826,"column":29}},"332":{"start":{"line":828,"column":4},"end":{"line":844,"column":5}},"333":{"start":{"line":829,"column":6},"end":{"line":841,"column":7}},"334":{"start":{"line":830,"column":8},"end":{"line":830,"column":59}},"335":{"start":{"line":832,"column":8},"end":{"line":834,"column":9}},"336":{"start":{"line":833,"column":10},"end":{"line":833,"column":22}},"337":{"start":{"line":836,"column":8},"end":{"line":836,"column":47}},"338":{"start":{"line":838,"column":8},"end":{"line":840,"column":9}},"339":{"start":{"line":839,"column":10},"end":{"line":839,"column":22}},"340":{"start":{"line":843,"column":6},"end":{"line":843,"column":18}},"341":{"start":{"line":846,"column":4},"end":{"line":846,"column":59}},"342":{"start":{"line":847,"column":4},"end":{"line":847,"column":63}},"343":{"start":{"line":848,"column":4},"end":{"line":848,"column":55}},"344":{"start":{"line":849,"column":4},"end":{"line":849,"column":59}},"345":{"start":{"line":850,"column":4},"end":{"line":850,"column":67}},"346":{"start":{"line":851,"column":4},"end":{"line":851,"column":67}},"347":{"start":{"line":852,"column":4},"end":{"line":852,"column":51}},"348":{"start":{"line":853,"column":4},"end":{"line":853,"column":68}},"349":{"start":{"line":858,"column":19},"end":{"line":858,"column":44}},"350":{"start":{"line":859,"column":0},"end":{"line":894,"column":3}},"351":{"start":{"line":861,"column":14},"end":{"line":861,"column":44}},"352":{"start":{"line":862,"column":4},"end":{"line":862,"column":49}},"353":{"start":{"line":866,"column":15},"end":{"line":866,"column":16}},"354":{"start":{"line":868,"column":4},"end":{"line":870,"column":5}},"355":{"start":{"line":869,"column":6},"end":{"line":869,"column":30}},"356":{"start":{"line":872,"column":4},"end":{"line":872,"column":18}},"357":{"start":{"line":874,"column":4},"end":{"line":876,"column":5}},"358":{"start":{"line":875,"column":6},"end":{"line":875,"column":17}},"359":{"start":{"line":878,"column":4},"end":{"line":878,"column":27}},"360":{"start":{"line":883,"column":14},"end":{"line":883,"column":27}},"361":{"start":{"line":884,"column":4},"end":{"line":884,"column":38}},"362":{"start":{"line":885,"column":4},"end":{"line":890,"column":6}},"363":{"start":{"line":891,"column":4},"end":{"line":891,"column":92}},"364":{"start":{"line":891,"column":70},"end":{"line":891,"column":90}},"365":{"start":{"line":892,"column":4},"end":{"line":892,"column":49}},"366":{"start":{"line":896,"column":19},"end":{"line":896,"column":44}},"367":{"start":{"line":897,"column":18},"end":{"line":897,"column":32}},"368":{"start":{"line":898,"column":21},"end":{"line":898,"column":38}},"369":{"start":{"line":899,"column":0},"end":{"line":938,"column":3}},"370":{"start":{"line":901,"column":15},"end":{"line":901,"column":26}},"371":{"start":{"line":905,"column":4},"end":{"line":914,"column":5}},"372":{"start":{"line":907,"column":8},"end":{"line":907,"column":33}},"373":{"start":{"line":908,"column":8},"end":{"line":908,"column":58}},"374":{"start":{"line":909,"column":8},"end":{"line":909,"column":14}},"375":{"start":{"line":913,"column":8},"end":{"line":913,"column":59}},"376":{"start":{"line":916,"column":4},"end":{"line":916,"column":18}},"377":{"start":{"line":920,"column":15},"end":{"line":920,"column":26}},"378":{"start":{"line":924,"column":4},"end":{"line":933,"column":5}},"379":{"start":{"line":926,"column":8},"end":{"line":926,"column":33}},"380":{"start":{"line":927,"column":8},"end":{"line":927,"column":60}},"381":{"start":{"line":928,"column":8},"end":{"line":928,"column":14}},"382":{"start":{"line":932,"column":8},"end":{"line":932,"column":62}},"383":{"start":{"line":935,"column":4},"end":{"line":935,"column":18}},"384":{"start":{"line":939,"column":0},"end":{"line":959,"column":3}},"385":{"start":{"line":941,"column":13},"end":{"line":941,"column":41}},"386":{"start":{"line":943,"column":4},"end":{"line":945,"column":5}},"387":{"start":{"line":944,"column":6},"end":{"line":944,"column":16}},"388":{"start":{"line":947,"column":4},"end":{"line":947,"column":33}},"389":{"start":{"line":951,"column":4},"end":{"line":951,"column":38}},"390":{"start":{"line":952,"column":20},"end":{"line":954,"column":5}},"391":{"start":{"line":955,"column":17},"end":{"line":955,"column":91}},"392":{"start":{"line":955,"column":70},"end":{"line":955,"column":90}},"393":{"start":{"line":956,"column":4},"end":{"line":956,"column":49}},"394":{"start":{"line":961,"column":0},"end":{"line":967,"column":3}},"395":{"start":{"line":963,"column":14},"end":{"line":963,"column":38}},"396":{"start":{"line":964,"column":4},"end":{"line":964,"column":78}},"397":{"start":{"line":964,"column":25},"end":{"line":964,"column":37}},"398":{"start":{"line":964,"column":54},"end":{"line":964,"column":73}},"399":{"start":{"line":968,"column":0},"end":{"line":973,"column":3}},"400":{"start":{"line":970,"column":4},"end":{"line":970,"column":77}},"401":{"start":{"line":975,"column":0},"end":{"line":981,"column":3}},"402":{"start":{"line":977,"column":14},"end":{"line":977,"column":38}},"403":{"start":{"line":978,"column":4},"end":{"line":978,"column":78}},"404":{"start":{"line":978,"column":25},"end":{"line":978,"column":37}},"405":{"start":{"line":978,"column":54},"end":{"line":978,"column":73}},"406":{"start":{"line":982,"column":0},"end":{"line":987,"column":3}},"407":{"start":{"line":984,"column":4},"end":{"line":984,"column":77}},"408":{"start":{"line":989,"column":16},"end":{"line":989,"column":30}},"409":{"start":{"line":990,"column":19},"end":{"line":990,"column":36}},"410":{"start":{"line":991,"column":14},"end":{"line":991,"column":36}},"411":{"start":{"line":992,"column":0},"end":{"line":1027,"column":3}},"412":{"start":{"line":994,"column":15},"end":{"line":994,"column":26}},"413":{"start":{"line":997,"column":4},"end":{"line":1005,"column":5}},"414":{"start":{"line":999,"column":8},"end":{"line":999,"column":82}},"415":{"start":{"line":1000,"column":8},"end":{"line":1000,"column":14}},"416":{"start":{"line":1004,"column":8},"end":{"line":1004,"column":52}},"417":{"start":{"line":1007,"column":4},"end":{"line":1007,"column":18}},"418":{"start":{"line":1011,"column":15},"end":{"line":1011,"column":26}},"419":{"start":{"line":1014,"column":4},"end":{"line":1022,"column":5}},"420":{"start":{"line":1016,"column":8},"end":{"line":1016,"column":79}},"421":{"start":{"line":1017,"column":8},"end":{"line":1017,"column":14}},"422":{"start":{"line":1021,"column":8},"end":{"line":1021,"column":55}},"423":{"start":{"line":1024,"column":4},"end":{"line":1024,"column":18}},"424":{"start":{"line":1028,"column":0},"end":{"line":1049,"column":3}},"425":{"start":{"line":1030,"column":18},"end":{"line":1030,"column":30}},"426":{"start":{"line":1031,"column":4},"end":{"line":1031,"column":29}},"427":{"start":{"line":1031,"column":20},"end":{"line":1031,"column":29}},"428":{"start":{"line":1032,"column":4},"end":{"line":1032,"column":29}},"429":{"start":{"line":1032,"column":20},"end":{"line":1032,"column":29}},"430":{"start":{"line":1033,"column":4},"end":{"line":1033,"column":29}},"431":{"start":{"line":1033,"column":20},"end":{"line":1033,"column":29}},"432":{"start":{"line":1034,"column":4},"end":{"line":1034,"column":13}},"433":{"start":{"line":1038,"column":4},"end":{"line":1040,"column":5}},"434":{"start":{"line":1039,"column":6},"end":{"line":1039,"column":48}},"435":{"start":{"line":1042,"column":4},"end":{"line":1042,"column":37}},"436":{"start":{"line":1046,"column":4},"end":{"line":1046,"column":34}},"437":{"start":{"line":1051,"column":0},"end":{"line":1089,"column":3}},"438":{"start":{"line":1055,"column":14},"end":{"line":1055,"column":16}},"439":{"start":{"line":1057,"column":4},"end":{"line":1065,"column":5}},"440":{"start":{"line":1058,"column":6},"end":{"line":1058,"column":32}},"441":{"start":{"line":1059,"column":6},"end":{"line":1059,"column":67}},"442":{"start":{"line":1060,"column":6},"end":{"line":1060,"column":30}},"443":{"start":{"line":1062,"column":6},"end":{"line":1062,"column":46}},"444":{"start":{"line":1063,"column":6},"end":{"line":1063,"column":47}},"445":{"start":{"line":1064,"column":6},"end":{"line":1064,"column":70}},"446":{"start":{"line":1067,"column":4},"end":{"line":1067,"column":81}},"447":{"start":{"line":1067,"column":25},"end":{"line":1067,"column":37}},"448":{"start":{"line":1067,"column":54},"end":{"line":1067,"column":79}},"449":{"start":{"line":1069,"column":4},"end":{"line":1071,"column":5}},"450":{"start":{"line":1070,"column":6},"end":{"line":1070,"column":21}},"451":{"start":{"line":1073,"column":4},"end":{"line":1084,"column":5}},"452":{"start":{"line":1075,"column":8},"end":{"line":1075,"column":53}},"453":{"start":{"line":1075,"column":32},"end":{"line":1075,"column":51}},"454":{"start":{"line":1076,"column":8},"end":{"line":1076,"column":14}},"455":{"start":{"line":1079,"column":8},"end":{"line":1079,"column":42}},"456":{"start":{"line":1079,"column":32},"end":{"line":1079,"column":40}},"457":{"start":{"line":1080,"column":8},"end":{"line":1080,"column":14}},"458":{"start":{"line":1083,"column":8},"end":{"line":1083,"column":22}},"459":{"start":{"line":1086,"column":4},"end":{"line":1086,"column":18}},"460":{"start":{"line":1091,"column":19},"end":{"line":1091,"column":44}},"461":{"start":{"line":1092,"column":0},"end":{"line":1117,"column":3}},"462":{"start":{"line":1094,"column":4},"end":{"line":1094,"column":42}},"463":{"start":{"line":1098,"column":4},"end":{"line":1098,"column":81}},"464":{"start":{"line":1102,"column":4},"end":{"line":1102,"column":61}},"465":{"start":{"line":1106,"column":4},"end":{"line":1106,"column":38}},"466":{"start":{"line":1107,"column":20},"end":{"line":1112,"column":5}},"467":{"start":{"line":1113,"column":17},"end":{"line":1113,"column":93}},"468":{"start":{"line":1113,"column":72},"end":{"line":1113,"column":92}},"469":{"start":{"line":1114,"column":4},"end":{"line":1114,"column":49}},"470":{"start":{"line":1119,"column":17},"end":{"line":1119,"column":42}},"471":{"start":{"line":1120,"column":0},"end":{"line":1170,"column":3}},"472":{"start":{"line":1124,"column":4},"end":{"line":1124,"column":32}},"473":{"start":{"line":1125,"column":4},"end":{"line":1125,"column":42}},"474":{"start":{"line":1126,"column":4},"end":{"line":1126,"column":40}},"475":{"start":{"line":1127,"column":4},"end":{"line":1127,"column":35}},"476":{"start":{"line":1128,"column":4},"end":{"line":1128,"column":122}},"477":{"start":{"line":1130,"column":4},"end":{"line":1141,"column":5}},"478":{"start":{"line":1131,"column":6},"end":{"line":1131,"column":55}},"479":{"start":{"line":1133,"column":6},"end":{"line":1138,"column":7}},"480":{"start":{"line":1134,"column":8},"end":{"line":1134,"column":48}},"481":{"start":{"line":1135,"column":8},"end":{"line":1135,"column":43}},"482":{"start":{"line":1136,"column":8},"end":{"line":1136,"column":43}},"483":{"start":{"line":1137,"column":8},"end":{"line":1137,"column":36}},"484":{"start":{"line":1140,"column":6},"end":{"line":1140,"column":51}},"485":{"start":{"line":1143,"column":4},"end":{"line":1143,"column":19}},"486":{"start":{"line":1147,"column":4},"end":{"line":1147,"column":30}},"487":{"start":{"line":1151,"column":17},"end":{"line":1151,"column":37}},"488":{"start":{"line":1152,"column":4},"end":{"line":1152,"column":56}},"489":{"start":{"line":1158,"column":13},"end":{"line":1158,"column":30}},"490":{"start":{"line":1159,"column":14},"end":{"line":1159,"column":34}},"491":{"start":{"line":1160,"column":4},"end":{"line":1160,"column":38}},"492":{"start":{"line":1161,"column":4},"end":{"line":1166,"column":6}},"493":{"start":{"line":1167,"column":4},"end":{"line":1167,"column":88}},"494":{"start":{"line":1167,"column":66},"end":{"line":1167,"column":86}},"495":{"start":{"line":1168,"column":4},"end":{"line":1168,"column":47}},"496":{"start":{"line":1172,"column":0},"end":{"line":1245,"column":3}},"497":{"start":{"line":1174,"column":19},"end":{"line":1174,"column":49}},"498":{"start":{"line":1175,"column":18},"end":{"line":1175,"column":59}},"499":{"start":{"line":1176,"column":17},"end":{"line":1176,"column":28}},"500":{"start":{"line":1177,"column":18},"end":{"line":1177,"column":30}},"501":{"start":{"line":1178,"column":18},"end":{"line":1178,"column":30}},"502":{"start":{"line":1179,"column":16},"end":{"line":1179,"column":26}},"503":{"start":{"line":1180,"column":20},"end":{"line":1180,"column":34}},"504":{"start":{"line":1181,"column":17},"end":{"line":1181,"column":28}},"505":{"start":{"line":1182,"column":19},"end":{"line":1182,"column":32}},"506":{"start":{"line":1183,"column":19},"end":{"line":1183,"column":32}},"507":{"start":{"line":1184,"column":19},"end":{"line":1184,"column":32}},"508":{"start":{"line":1185,"column":15},"end":{"line":1185,"column":24}},"509":{"start":{"line":1186,"column":17},"end":{"line":1186,"column":28}},"510":{"start":{"line":1187,"column":17},"end":{"line":1187,"column":32}},"511":{"start":{"line":1188,"column":19},"end":{"line":1188,"column":40}},"512":{"start":{"line":1189,"column":18},"end":{"line":1189,"column":34}},"513":{"start":{"line":1190,"column":20},"end":{"line":1190,"column":38}},"514":{"start":{"line":1191,"column":20},"end":{"line":1191,"column":38}},"515":{"start":{"line":1192,"column":20},"end":{"line":1192,"column":38}},"516":{"start":{"line":1193,"column":16},"end":{"line":1193,"column":30}},"517":{"start":{"line":1194,"column":17},"end":{"line":1194,"column":21}},"518":{"start":{"line":1196,"column":21},"end":{"line":1198,"column":5}},"519":{"start":{"line":1197,"column":6},"end":{"line":1197,"column":81}},"520":{"start":{"line":1200,"column":20},"end":{"line":1241,"column":5}},"521":{"start":{"line":1242,"column":4},"end":{"line":1242,"column":123}},"522":{"start":{"line":1242,"column":58},"end":{"line":1242,"column":121}},"523":{"start":{"line":1247,"column":0},"end":{"line":1254,"column":3}},"524":{"start":{"line":1249,"column":14},"end":{"line":1249,"column":41}},"525":{"start":{"line":1250,"column":14},"end":{"line":1250,"column":37}},"526":{"start":{"line":1251,"column":4},"end":{"line":1251,"column":33}},"527":{"start":{"line":1255,"column":0},"end":{"line":1270,"column":3}},"528":{"start":{"line":1257,"column":4},"end":{"line":1257,"column":34}},"529":{"start":{"line":1261,"column":16},"end":{"line":1261,"column":26}},"530":{"start":{"line":1263,"column":4},"end":{"line":1265,"column":5}},"531":{"start":{"line":1264,"column":6},"end":{"line":1264,"column":17}},"532":{"start":{"line":1267,"column":4},"end":{"line":1267,"column":31}},"533":{"start":{"line":1272,"column":0},"end":{"line":1279,"column":3}},"534":{"start":{"line":1274,"column":14},"end":{"line":1274,"column":41}},"535":{"start":{"line":1275,"column":14},"end":{"line":1275,"column":51}},"536":{"start":{"line":1276,"column":4},"end":{"line":1276,"column":33}},"537":{"start":{"line":1280,"column":0},"end":{"line":1293,"column":3}},"538":{"start":{"line":1282,"column":4},"end":{"line":1282,"column":37}},"539":{"start":{"line":1286,"column":4},"end":{"line":1288,"column":5}},"540":{"start":{"line":1287,"column":6},"end":{"line":1287,"column":82}},"541":{"start":{"line":1290,"column":4},"end":{"line":1290,"column":30}},"542":{"start":{"line":1295,"column":0},"end":{"line":1336,"column":3}},"543":{"start":{"line":1297,"column":4},"end":{"line":1297,"column":37}},"544":{"start":{"line":1301,"column":4},"end":{"line":1301,"column":36}},"545":{"start":{"line":1305,"column":4},"end":{"line":1305,"column":31}},"546":{"start":{"line":1309,"column":4},"end":{"line":1309,"column":36}},"547":{"start":{"line":1313,"column":4},"end":{"line":1313,"column":43}},"548":{"start":{"line":1317,"column":4},"end":{"line":1317,"column":39}},"549":{"start":{"line":1321,"column":4},"end":{"line":1321,"column":43}},"550":{"start":{"line":1325,"column":4},"end":{"line":1325,"column":37}},"551":{"start":{"line":1329,"column":4},"end":{"line":1329,"column":36}},"552":{"start":{"line":1333,"column":4},"end":{"line":1333,"column":32}},"553":{"start":{"line":1338,"column":0},"end":{"line":1343,"column":3}},"554":{"start":{"line":1340,"column":4},"end":{"line":1340,"column":39}},"555":{"start":{"line":1344,"column":0},"end":{"line":1365,"column":3}},"556":{"start":{"line":1348,"column":4},"end":{"line":1350,"column":5}},"557":{"start":{"line":1349,"column":6},"end":{"line":1349,"column":47}},"558":{"start":{"line":1352,"column":4},"end":{"line":1352,"column":22}},"559":{"start":{"line":1354,"column":4},"end":{"line":1356,"column":5}},"560":{"start":{"line":1355,"column":6},"end":{"line":1355,"column":29}},"561":{"start":{"line":1358,"column":4},"end":{"line":1358,"column":43}},"562":{"start":{"line":1362,"column":4},"end":{"line":1362,"column":23}},"563":{"start":{"line":1367,"column":0},"end":{"line":1374,"column":3}},"564":{"start":{"line":1369,"column":14},"end":{"line":1369,"column":41}},"565":{"start":{"line":1370,"column":14},"end":{"line":1370,"column":52}},"566":{"start":{"line":1371,"column":4},"end":{"line":1371,"column":33}},"567":{"start":{"line":1375,"column":0},"end":{"line":1388,"column":3}},"568":{"start":{"line":1377,"column":4},"end":{"line":1377,"column":38}},"569":{"start":{"line":1381,"column":4},"end":{"line":1383,"column":5}},"570":{"start":{"line":1382,"column":6},"end":{"line":1382,"column":83}},"571":{"start":{"line":1385,"column":4},"end":{"line":1385,"column":31}},"572":{"start":{"line":1390,"column":18},"end":{"line":1407,"column":1}},"573":{"start":{"line":1392,"column":16},"end":{"line":1392,"column":38}},"574":{"start":{"line":1393,"column":16},"end":{"line":1393,"column":40}},"575":{"start":{"line":1394,"column":14},"end":{"line":1394,"column":38}},"576":{"start":{"line":1395,"column":13},"end":{"line":1395,"column":35}},"577":{"start":{"line":1396,"column":15},"end":{"line":1396,"column":36}},"578":{"start":{"line":1397,"column":14},"end":{"line":1397,"column":37}},"579":{"start":{"line":1398,"column":2},"end":{"line":1398,"column":40}},"580":{"start":{"line":1398,"column":18},"end":{"line":1398,"column":40}},"581":{"start":{"line":1399,"column":2},"end":{"line":1399,"column":54}},"582":{"start":{"line":1399,"column":32},"end":{"line":1399,"column":54}},"583":{"start":{"line":1400,"column":2},"end":{"line":1400,"column":52}},"584":{"start":{"line":1400,"column":31},"end":{"line":1400,"column":52}},"585":{"start":{"line":1401,"column":2},"end":{"line":1401,"column":49}},"586":{"start":{"line":1401,"column":27},"end":{"line":1401,"column":49}},"587":{"start":{"line":1402,"column":2},"end":{"line":1402,"column":68}},"588":{"start":{"line":1402,"column":48},"end":{"line":1402,"column":68}},"589":{"start":{"line":1403,"column":2},"end":{"line":1403,"column":54}},"590":{"start":{"line":1403,"column":31},"end":{"line":1403,"column":54}},"591":{"start":{"line":1404,"column":2},"end":{"line":1404,"column":71}},"592":{"start":{"line":1404,"column":48},"end":{"line":1404,"column":71}},"593":{"start":{"line":1405,"column":2},"end":{"line":1405,"column":36}},"594":{"start":{"line":1405,"column":20},"end":{"line":1405,"column":36}},"595":{"start":{"line":1406,"column":2},"end":{"line":1406,"column":13}},"596":{"start":{"line":1409,"column":0},"end":{"line":1417,"column":3}},"597":{"start":{"line":1411,"column":14},"end":{"line":1411,"column":25}},"598":{"start":{"line":1412,"column":14},"end":{"line":1412,"column":24}},"599":{"start":{"line":1413,"column":14},"end":{"line":1413,"column":23}},"600":{"start":{"line":1414,"column":4},"end":{"line":1414,"column":26}},"601":{"start":{"line":1418,"column":0},"end":{"line":1424,"column":3}},"602":{"start":{"line":1420,"column":14},"end":{"line":1420,"column":32}},"603":{"start":{"line":1421,"column":4},"end":{"line":1421,"column":26}}},"fnMap":{"0":{"name":"_defineProperty","decl":{"start":{"line":1,"column":9},"end":{"line":1,"column":24}},"loc":{"start":{"line":1,"column":42},"end":{"line":14,"column":1}},"line":1},"1":{"name":"(anonymous_1)","decl":{"start":{"line":16,"column":14},"end":{"line":16,"column":15}},"loc":{"start":{"line":16,"column":19},"end":{"line":16,"column":28}},"line":16},"2":{"name":"(anonymous_2)","decl":{"start":{"line":59,"column":17},"end":{"line":59,"column":18}},"loc":{"start":{"line":59,"column":29},"end":{"line":61,"column":1}},"line":59},"3":{"name":"(anonymous_3)","decl":{"start":{"line":63,"column":14},"end":{"line":63,"column":15}},"loc":{"start":{"line":63,"column":38},"end":{"line":69,"column":1}},"line":63},"4":{"name":"(anonymous_4)","decl":{"start":{"line":71,"column":12},"end":{"line":71,"column":13}},"loc":{"start":{"line":71,"column":17},"end":{"line":71,"column":55}},"line":71},"5":{"name":"(anonymous_5)","decl":{"start":{"line":73,"column":13},"end":{"line":73,"column":14}},"loc":{"start":{"line":73,"column":41},"end":{"line":81,"column":1}},"line":73},"6":{"name":"(anonymous_6)","decl":{"start":{"line":84,"column":2},"end":{"line":84,"column":3}},"loc":{"start":{"line":84,"column":16},"end":{"line":95,"column":3}},"line":84},"7":{"name":"(anonymous_7)","decl":{"start":{"line":97,"column":2},"end":{"line":97,"column":3}},"loc":{"start":{"line":97,"column":25},"end":{"line":99,"column":3}},"line":97},"8":{"name":"(anonymous_8)","decl":{"start":{"line":101,"column":2},"end":{"line":101,"column":3}},"loc":{"start":{"line":101,"column":29},"end":{"line":103,"column":3}},"line":101},"9":{"name":"(anonymous_9)","decl":{"start":{"line":105,"column":2},"end":{"line":105,"column":3}},"loc":{"start":{"line":105,"column":33},"end":{"line":107,"column":3}},"line":105},"10":{"name":"(anonymous_10)","decl":{"start":{"line":109,"column":2},"end":{"line":109,"column":3}},"loc":{"start":{"line":109,"column":59},"end":{"line":111,"column":3}},"line":109},"11":{"name":"(anonymous_11)","decl":{"start":{"line":113,"column":2},"end":{"line":113,"column":3}},"loc":{"start":{"line":113,"column":32},"end":{"line":115,"column":3}},"line":113},"12":{"name":"(anonymous_12)","decl":{"start":{"line":117,"column":2},"end":{"line":117,"column":3}},"loc":{"start":{"line":117,"column":28},"end":{"line":165,"column":3}},"line":117},"13":{"name":"(anonymous_13)","decl":{"start":{"line":167,"column":2},"end":{"line":167,"column":3}},"loc":{"start":{"line":167,"column":31},"end":{"line":220,"column":3}},"line":167},"14":{"name":"(anonymous_14)","decl":{"start":{"line":222,"column":2},"end":{"line":222,"column":3}},"loc":{"start":{"line":222,"column":15},"end":{"line":225,"column":3}},"line":222},"15":{"name":"(anonymous_15)","decl":{"start":{"line":227,"column":2},"end":{"line":227,"column":3}},"loc":{"start":{"line":227,"column":8},"end":{"line":230,"column":3}},"line":227},"16":{"name":"(anonymous_16)","decl":{"start":{"line":232,"column":2},"end":{"line":232,"column":3}},"loc":{"start":{"line":232,"column":10},"end":{"line":235,"column":3}},"line":232},"17":{"name":"(anonymous_17)","decl":{"start":{"line":237,"column":2},"end":{"line":237,"column":3}},"loc":{"start":{"line":237,"column":17},"end":{"line":241,"column":3}},"line":237},"18":{"name":"(anonymous_18)","decl":{"start":{"line":243,"column":2},"end":{"line":243,"column":3}},"loc":{"start":{"line":243,"column":10},"end":{"line":249,"column":3}},"line":243},"19":{"name":"(anonymous_19)","decl":{"start":{"line":251,"column":2},"end":{"line":251,"column":3}},"loc":{"start":{"line":251,"column":12},"end":{"line":258,"column":3}},"line":251},"20":{"name":"(anonymous_20)","decl":{"start":{"line":260,"column":2},"end":{"line":260,"column":3}},"loc":{"start":{"line":260,"column":15},"end":{"line":267,"column":3}},"line":260},"21":{"name":"(anonymous_21)","decl":{"start":{"line":269,"column":2},"end":{"line":269,"column":3}},"loc":{"start":{"line":269,"column":11},"end":{"line":278,"column":3}},"line":269},"22":{"name":"(anonymous_22)","decl":{"start":{"line":280,"column":2},"end":{"line":280,"column":3}},"loc":{"start":{"line":280,"column":10},"end":{"line":282,"column":3}},"line":280},"23":{"name":"(anonymous_23)","decl":{"start":{"line":286,"column":2},"end":{"line":286,"column":3}},"loc":{"start":{"line":286,"column":13},"end":{"line":297,"column":3}},"line":286},"24":{"name":"(anonymous_24)","decl":{"start":{"line":299,"column":2},"end":{"line":299,"column":3}},"loc":{"start":{"line":299,"column":10},"end":{"line":302,"column":3}},"line":299},"25":{"name":"(anonymous_25)","decl":{"start":{"line":304,"column":2},"end":{"line":304,"column":3}},"loc":{"start":{"line":304,"column":19},"end":{"line":310,"column":3}},"line":304},"26":{"name":"(anonymous_26)","decl":{"start":{"line":312,"column":2},"end":{"line":312,"column":3}},"loc":{"start":{"line":312,"column":10},"end":{"line":314,"column":3}},"line":312},"27":{"name":"(anonymous_27)","decl":{"start":{"line":316,"column":2},"end":{"line":316,"column":3}},"loc":{"start":{"line":316,"column":14},"end":{"line":318,"column":3}},"line":316},"28":{"name":"(anonymous_28)","decl":{"start":{"line":320,"column":2},"end":{"line":320,"column":3}},"loc":{"start":{"line":320,"column":14},"end":{"line":322,"column":3}},"line":320},"29":{"name":"(anonymous_29)","decl":{"start":{"line":324,"column":2},"end":{"line":324,"column":3}},"loc":{"start":{"line":324,"column":12},"end":{"line":326,"column":3}},"line":324},"30":{"name":"(anonymous_30)","decl":{"start":{"line":328,"column":2},"end":{"line":328,"column":3}},"loc":{"start":{"line":328,"column":11},"end":{"line":330,"column":3}},"line":328},"31":{"name":"(anonymous_31)","decl":{"start":{"line":332,"column":2},"end":{"line":332,"column":3}},"loc":{"start":{"line":332,"column":13},"end":{"line":334,"column":3}},"line":332},"32":{"name":"(anonymous_32)","decl":{"start":{"line":336,"column":2},"end":{"line":336,"column":3}},"loc":{"start":{"line":336,"column":12},"end":{"line":338,"column":3}},"line":336},"33":{"name":"(anonymous_33)","decl":{"start":{"line":340,"column":2},"end":{"line":340,"column":3}},"loc":{"start":{"line":340,"column":12},"end":{"line":342,"column":3}},"line":340},"34":{"name":"(anonymous_34)","decl":{"start":{"line":344,"column":2},"end":{"line":344,"column":3}},"loc":{"start":{"line":344,"column":15},"end":{"line":353,"column":3}},"line":344},"35":{"name":"(anonymous_35)","decl":{"start":{"line":355,"column":2},"end":{"line":355,"column":3}},"loc":{"start":{"line":355,"column":12},"end":{"line":357,"column":3}},"line":355},"36":{"name":"(anonymous_36)","decl":{"start":{"line":359,"column":2},"end":{"line":359,"column":3}},"loc":{"start":{"line":359,"column":17},"end":{"line":361,"column":3}},"line":359},"37":{"name":"(anonymous_37)","decl":{"start":{"line":363,"column":2},"end":{"line":363,"column":3}},"loc":{"start":{"line":363,"column":15},"end":{"line":389,"column":3}},"line":363},"38":{"name":"(anonymous_38)","decl":{"start":{"line":391,"column":2},"end":{"line":391,"column":3}},"loc":{"start":{"line":391,"column":13},"end":{"line":393,"column":3}},"line":391},"39":{"name":"(anonymous_39)","decl":{"start":{"line":395,"column":2},"end":{"line":395,"column":3}},"loc":{"start":{"line":395,"column":15},"end":{"line":397,"column":3}},"line":395},"40":{"name":"(anonymous_40)","decl":{"start":{"line":399,"column":2},"end":{"line":399,"column":3}},"loc":{"start":{"line":399,"column":15},"end":{"line":401,"column":3}},"line":399},"41":{"name":"(anonymous_41)","decl":{"start":{"line":403,"column":2},"end":{"line":403,"column":3}},"loc":{"start":{"line":403,"column":11},"end":{"line":405,"column":3}},"line":403},"42":{"name":"(anonymous_42)","decl":{"start":{"line":407,"column":2},"end":{"line":407,"column":3}},"loc":{"start":{"line":407,"column":12},"end":{"line":409,"column":3}},"line":407},"43":{"name":"(anonymous_43)","decl":{"start":{"line":411,"column":2},"end":{"line":411,"column":3}},"loc":{"start":{"line":411,"column":13},"end":{"line":413,"column":3}},"line":411},"44":{"name":"(anonymous_44)","decl":{"start":{"line":415,"column":2},"end":{"line":415,"column":3}},"loc":{"start":{"line":415,"column":14},"end":{"line":417,"column":3}},"line":415},"45":{"name":"(anonymous_45)","decl":{"start":{"line":419,"column":2},"end":{"line":419,"column":3}},"loc":{"start":{"line":419,"column":13},"end":{"line":421,"column":3}},"line":419},"46":{"name":"(anonymous_46)","decl":{"start":{"line":423,"column":2},"end":{"line":423,"column":3}},"loc":{"start":{"line":423,"column":22},"end":{"line":457,"column":3}},"line":423},"47":{"name":"(anonymous_47)","decl":{"start":{"line":456,"column":40},"end":{"line":456,"column":41}},"loc":{"start":{"line":456,"column":55},"end":{"line":456,"column":75}},"line":456},"48":{"name":"(anonymous_48)","decl":{"start":{"line":459,"column":2},"end":{"line":459,"column":3}},"loc":{"start":{"line":459,"column":12},"end":{"line":461,"column":3}},"line":459},"49":{"name":"(anonymous_49)","decl":{"start":{"line":463,"column":2},"end":{"line":463,"column":3}},"loc":{"start":{"line":463,"column":13},"end":{"line":465,"column":3}},"line":463},"50":{"name":"(anonymous_50)","decl":{"start":{"line":473,"column":17},"end":{"line":473,"column":18}},"loc":{"start":{"line":473,"column":30},"end":{"line":473,"column":99}},"line":473},"51":{"name":"(anonymous_51)","decl":{"start":{"line":477,"column":2},"end":{"line":477,"column":3}},"loc":{"start":{"line":477,"column":13},"end":{"line":479,"column":3}},"line":477},"52":{"name":"(anonymous_52)","decl":{"start":{"line":481,"column":2},"end":{"line":481,"column":3}},"loc":{"start":{"line":481,"column":25},"end":{"line":489,"column":3}},"line":481},"53":{"name":"(anonymous_53)","decl":{"start":{"line":487,"column":58},"end":{"line":487,"column":59}},"loc":{"start":{"line":487,"column":73},"end":{"line":487,"column":93}},"line":487},"54":{"name":"(anonymous_54)","decl":{"start":{"line":494,"column":23},"end":{"line":494,"column":24}},"loc":{"start":{"line":494,"column":38},"end":{"line":547,"column":1}},"line":494},"55":{"name":"(anonymous_55)","decl":{"start":{"line":503,"column":22},"end":{"line":503,"column":23}},"loc":{"start":{"line":503,"column":34},"end":{"line":510,"column":3}},"line":503},"56":{"name":"(anonymous_56)","decl":{"start":{"line":530,"column":39},"end":{"line":530,"column":40}},"loc":{"start":{"line":530,"column":55},"end":{"line":534,"column":3}},"line":530},"57":{"name":"(anonymous_57)","decl":{"start":{"line":551,"column":2},"end":{"line":551,"column":3}},"loc":{"start":{"line":551,"column":22},"end":{"line":553,"column":3}},"line":551},"58":{"name":"(anonymous_58)","decl":{"start":{"line":559,"column":2},"end":{"line":559,"column":3}},"loc":{"start":{"line":559,"column":12},"end":{"line":561,"column":3}},"line":559},"59":{"name":"(anonymous_59)","decl":{"start":{"line":563,"column":2},"end":{"line":563,"column":3}},"loc":{"start":{"line":563,"column":25},"end":{"line":570,"column":3}},"line":563},"60":{"name":"(anonymous_60)","decl":{"start":{"line":568,"column":47},"end":{"line":568,"column":48}},"loc":{"start":{"line":568,"column":62},"end":{"line":568,"column":82}},"line":568},"61":{"name":"(anonymous_61)","decl":{"start":{"line":575,"column":2},"end":{"line":575,"column":3}},"loc":{"start":{"line":575,"column":10},"end":{"line":577,"column":3}},"line":575},"62":{"name":"(anonymous_62)","decl":{"start":{"line":582,"column":2},"end":{"line":582,"column":3}},"loc":{"start":{"line":582,"column":36},"end":{"line":615,"column":3}},"line":582},"63":{"name":"(anonymous_63)","decl":{"start":{"line":617,"column":2},"end":{"line":617,"column":3}},"loc":{"start":{"line":617,"column":18},"end":{"line":619,"column":3}},"line":617},"64":{"name":"(anonymous_64)","decl":{"start":{"line":621,"column":2},"end":{"line":621,"column":3}},"loc":{"start":{"line":621,"column":21},"end":{"line":623,"column":3}},"line":621},"65":{"name":"(anonymous_65)","decl":{"start":{"line":625,"column":2},"end":{"line":625,"column":3}},"loc":{"start":{"line":625,"column":28},"end":{"line":627,"column":3}},"line":625},"66":{"name":"(anonymous_66)","decl":{"start":{"line":629,"column":2},"end":{"line":629,"column":3}},"loc":{"start":{"line":629,"column":23},"end":{"line":631,"column":3}},"line":629},"67":{"name":"(anonymous_67)","decl":{"start":{"line":633,"column":2},"end":{"line":633,"column":3}},"loc":{"start":{"line":633,"column":30},"end":{"line":635,"column":3}},"line":633},"68":{"name":"(anonymous_68)","decl":{"start":{"line":637,"column":2},"end":{"line":637,"column":3}},"loc":{"start":{"line":637,"column":21},"end":{"line":639,"column":3}},"line":637},"69":{"name":"(anonymous_69)","decl":{"start":{"line":641,"column":2},"end":{"line":641,"column":3}},"loc":{"start":{"line":641,"column":24},"end":{"line":643,"column":3}},"line":641},"70":{"name":"(anonymous_70)","decl":{"start":{"line":645,"column":2},"end":{"line":645,"column":3}},"loc":{"start":{"line":645,"column":10},"end":{"line":658,"column":3}},"line":645},"71":{"name":"(anonymous_71)","decl":{"start":{"line":660,"column":2},"end":{"line":660,"column":3}},"loc":{"start":{"line":660,"column":21},"end":{"line":662,"column":3}},"line":660},"72":{"name":"(anonymous_72)","decl":{"start":{"line":667,"column":2},"end":{"line":667,"column":3}},"loc":{"start":{"line":667,"column":15},"end":{"line":670,"column":3}},"line":667},"73":{"name":"(anonymous_73)","decl":{"start":{"line":675,"column":2},"end":{"line":675,"column":3}},"loc":{"start":{"line":675,"column":14},"end":{"line":680,"column":3}},"line":675},"74":{"name":"(anonymous_74)","decl":{"start":{"line":685,"column":2},"end":{"line":685,"column":3}},"loc":{"start":{"line":685,"column":16},"end":{"line":688,"column":3}},"line":685},"75":{"name":"(anonymous_75)","decl":{"start":{"line":690,"column":2},"end":{"line":690,"column":3}},"loc":{"start":{"line":690,"column":15},"end":{"line":692,"column":3}},"line":690},"76":{"name":"(anonymous_76)","decl":{"start":{"line":694,"column":2},"end":{"line":694,"column":3}},"loc":{"start":{"line":694,"column":18},"end":{"line":706,"column":3}},"line":694},"77":{"name":"(anonymous_77)","decl":{"start":{"line":708,"column":2},"end":{"line":708,"column":3}},"loc":{"start":{"line":708,"column":35},"end":{"line":714,"column":3}},"line":708},"78":{"name":"(anonymous_78)","decl":{"start":{"line":712,"column":16},"end":{"line":712,"column":17}},"loc":{"start":{"line":712,"column":26},"end":{"line":712,"column":84}},"line":712},"79":{"name":"(anonymous_79)","decl":{"start":{"line":719,"column":2},"end":{"line":719,"column":3}},"loc":{"start":{"line":719,"column":11},"end":{"line":721,"column":3}},"line":719},"80":{"name":"(anonymous_80)","decl":{"start":{"line":723,"column":2},"end":{"line":723,"column":3}},"loc":{"start":{"line":723,"column":16},"end":{"line":727,"column":3}},"line":723},"81":{"name":"(anonymous_81)","decl":{"start":{"line":729,"column":2},"end":{"line":729,"column":3}},"loc":{"start":{"line":729,"column":14},"end":{"line":733,"column":3}},"line":729},"82":{"name":"(anonymous_82)","decl":{"start":{"line":735,"column":2},"end":{"line":735,"column":3}},"loc":{"start":{"line":735,"column":18},"end":{"line":741,"column":3}},"line":735},"83":{"name":"(anonymous_83)","decl":{"start":{"line":746,"column":2},"end":{"line":746,"column":3}},"loc":{"start":{"line":746,"column":28},"end":{"line":854,"column":3}},"line":746},"84":{"name":"(anonymous_84)","decl":{"start":{"line":752,"column":21},"end":{"line":752,"column":22}},"loc":{"start":{"line":752,"column":44},"end":{"line":756,"column":5}},"line":752},"85":{"name":"(anonymous_85)","decl":{"start":{"line":753,"column":23},"end":{"line":753,"column":24}},"loc":{"start":{"line":753,"column":37},"end":{"line":755,"column":7}},"line":753},"86":{"name":"(anonymous_86)","decl":{"start":{"line":758,"column":30},"end":{"line":758,"column":31}},"loc":{"start":{"line":758,"column":47},"end":{"line":774,"column":5}},"line":758},"87":{"name":"(anonymous_87)","decl":{"start":{"line":776,"column":25},"end":{"line":776,"column":26}},"loc":{"start":{"line":776,"column":41},"end":{"line":801,"column":5}},"line":776},"88":{"name":"(anonymous_88)","decl":{"start":{"line":860,"column":2},"end":{"line":860,"column":3}},"loc":{"start":{"line":860,"column":20},"end":{"line":863,"column":3}},"line":860},"89":{"name":"(anonymous_89)","decl":{"start":{"line":865,"column":10},"end":{"line":865,"column":11}},"loc":{"start":{"line":865,"column":26},"end":{"line":879,"column":3}},"line":865},"90":{"name":"(anonymous_90)","decl":{"start":{"line":880,"column":10},"end":{"line":880,"column":11}},"loc":{"start":{"line":880,"column":36},"end":{"line":893,"column":3}},"line":880},"91":{"name":"(anonymous_91)","decl":{"start":{"line":891,"column":55},"end":{"line":891,"column":56}},"loc":{"start":{"line":891,"column":70},"end":{"line":891,"column":90}},"line":891},"92":{"name":"(anonymous_92)","decl":{"start":{"line":900,"column":2},"end":{"line":900,"column":3}},"loc":{"start":{"line":900,"column":18},"end":{"line":917,"column":3}},"line":900},"93":{"name":"(anonymous_93)","decl":{"start":{"line":919,"column":2},"end":{"line":919,"column":3}},"loc":{"start":{"line":919,"column":21},"end":{"line":936,"column":3}},"line":919},"94":{"name":"(anonymous_94)","decl":{"start":{"line":940,"column":2},"end":{"line":940,"column":3}},"loc":{"start":{"line":940,"column":18},"end":{"line":948,"column":3}},"line":940},"95":{"name":"(anonymous_95)","decl":{"start":{"line":950,"column":2},"end":{"line":950,"column":3}},"loc":{"start":{"line":950,"column":25},"end":{"line":957,"column":3}},"line":950},"96":{"name":"(anonymous_96)","decl":{"start":{"line":955,"column":55},"end":{"line":955,"column":56}},"loc":{"start":{"line":955,"column":70},"end":{"line":955,"column":90}},"line":955},"97":{"name":"(anonymous_97)","decl":{"start":{"line":962,"column":2},"end":{"line":962,"column":3}},"loc":{"start":{"line":962,"column":8},"end":{"line":965,"column":3}},"line":962},"98":{"name":"(anonymous_98)","decl":{"start":{"line":964,"column":19},"end":{"line":964,"column":20}},"loc":{"start":{"line":964,"column":25},"end":{"line":964,"column":37}},"line":964},"99":{"name":"(anonymous_99)","decl":{"start":{"line":964,"column":44},"end":{"line":964,"column":45}},"loc":{"start":{"line":964,"column":54},"end":{"line":964,"column":73}},"line":964},"100":{"name":"(anonymous_100)","decl":{"start":{"line":969,"column":2},"end":{"line":969,"column":3}},"loc":{"start":{"line":969,"column":8},"end":{"line":971,"column":3}},"line":969},"101":{"name":"(anonymous_101)","decl":{"start":{"line":976,"column":2},"end":{"line":976,"column":3}},"loc":{"start":{"line":976,"column":8},"end":{"line":979,"column":3}},"line":976},"102":{"name":"(anonymous_102)","decl":{"start":{"line":978,"column":19},"end":{"line":978,"column":20}},"loc":{"start":{"line":978,"column":25},"end":{"line":978,"column":37}},"line":978},"103":{"name":"(anonymous_103)","decl":{"start":{"line":978,"column":44},"end":{"line":978,"column":45}},"loc":{"start":{"line":978,"column":54},"end":{"line":978,"column":73}},"line":978},"104":{"name":"(anonymous_104)","decl":{"start":{"line":983,"column":2},"end":{"line":983,"column":3}},"loc":{"start":{"line":983,"column":8},"end":{"line":985,"column":3}},"line":983},"105":{"name":"(anonymous_105)","decl":{"start":{"line":993,"column":2},"end":{"line":993,"column":3}},"loc":{"start":{"line":993,"column":18},"end":{"line":1008,"column":3}},"line":993},"106":{"name":"(anonymous_106)","decl":{"start":{"line":1010,"column":2},"end":{"line":1010,"column":3}},"loc":{"start":{"line":1010,"column":21},"end":{"line":1025,"column":3}},"line":1010},"107":{"name":"(anonymous_107)","decl":{"start":{"line":1029,"column":2},"end":{"line":1029,"column":3}},"loc":{"start":{"line":1029,"column":12},"end":{"line":1035,"column":3}},"line":1029},"108":{"name":"(anonymous_108)","decl":{"start":{"line":1037,"column":2},"end":{"line":1037,"column":3}},"loc":{"start":{"line":1037,"column":15},"end":{"line":1043,"column":3}},"line":1037},"109":{"name":"(anonymous_109)","decl":{"start":{"line":1045,"column":2},"end":{"line":1045,"column":3}},"loc":{"start":{"line":1045,"column":16},"end":{"line":1047,"column":3}},"line":1045},"110":{"name":"(anonymous_110)","decl":{"start":{"line":1052,"column":2},"end":{"line":1052,"column":3}},"loc":{"start":{"line":1052,"column":17},"end":{"line":1087,"column":3}},"line":1052},"111":{"name":"(anonymous_111)","decl":{"start":{"line":1067,"column":19},"end":{"line":1067,"column":20}},"loc":{"start":{"line":1067,"column":25},"end":{"line":1067,"column":37}},"line":1067},"112":{"name":"(anonymous_112)","decl":{"start":{"line":1067,"column":44},"end":{"line":1067,"column":45}},"loc":{"start":{"line":1067,"column":54},"end":{"line":1067,"column":79}},"line":1067},"113":{"name":"(anonymous_113)","decl":{"start":{"line":1075,"column":26},"end":{"line":1075,"column":27}},"loc":{"start":{"line":1075,"column":32},"end":{"line":1075,"column":51}},"line":1075},"114":{"name":"(anonymous_114)","decl":{"start":{"line":1079,"column":26},"end":{"line":1079,"column":27}},"loc":{"start":{"line":1079,"column":32},"end":{"line":1079,"column":40}},"line":1079},"115":{"name":"(anonymous_115)","decl":{"start":{"line":1093,"column":2},"end":{"line":1093,"column":3}},"loc":{"start":{"line":1093,"column":14},"end":{"line":1095,"column":3}},"line":1093},"116":{"name":"(anonymous_116)","decl":{"start":{"line":1097,"column":2},"end":{"line":1097,"column":3}},"loc":{"start":{"line":1097,"column":13},"end":{"line":1099,"column":3}},"line":1097},"117":{"name":"(anonymous_117)","decl":{"start":{"line":1101,"column":2},"end":{"line":1101,"column":3}},"loc":{"start":{"line":1101,"column":17},"end":{"line":1103,"column":3}},"line":1101},"118":{"name":"(anonymous_118)","decl":{"start":{"line":1105,"column":2},"end":{"line":1105,"column":3}},"loc":{"start":{"line":1105,"column":25},"end":{"line":1115,"column":3}},"line":1105},"119":{"name":"(anonymous_119)","decl":{"start":{"line":1113,"column":57},"end":{"line":1113,"column":58}},"loc":{"start":{"line":1113,"column":72},"end":{"line":1113,"column":92}},"line":1113},"120":{"name":"(anonymous_120)","decl":{"start":{"line":1122,"column":2},"end":{"line":1122,"column":3}},"loc":{"start":{"line":1122,"column":24},"end":{"line":1144,"column":3}},"line":1122},"121":{"name":"(anonymous_121)","decl":{"start":{"line":1146,"column":2},"end":{"line":1146,"column":3}},"loc":{"start":{"line":1146,"column":18},"end":{"line":1148,"column":3}},"line":1146},"122":{"name":"(anonymous_122)","decl":{"start":{"line":1150,"column":2},"end":{"line":1150,"column":3}},"loc":{"start":{"line":1150,"column":25},"end":{"line":1153,"column":3}},"line":1150},"123":{"name":"(anonymous_123)","decl":{"start":{"line":1155,"column":10},"end":{"line":1155,"column":11}},"loc":{"start":{"line":1155,"column":36},"end":{"line":1169,"column":3}},"line":1155},"124":{"name":"(anonymous_124)","decl":{"start":{"line":1167,"column":51},"end":{"line":1167,"column":52}},"loc":{"start":{"line":1167,"column":66},"end":{"line":1167,"column":86}},"line":1167},"125":{"name":"(anonymous_125)","decl":{"start":{"line":1173,"column":2},"end":{"line":1173,"column":3}},"loc":{"start":{"line":1173,"column":24},"end":{"line":1243,"column":3}},"line":1173},"126":{"name":"(anonymous_126)","decl":{"start":{"line":1196,"column":21},"end":{"line":1196,"column":22}},"loc":{"start":{"line":1196,"column":33},"end":{"line":1198,"column":5}},"line":1196},"127":{"name":"(anonymous_127)","decl":{"start":{"line":1242,"column":49},"end":{"line":1242,"column":50}},"loc":{"start":{"line":1242,"column":58},"end":{"line":1242,"column":121}},"line":1242},"128":{"name":"(anonymous_128)","decl":{"start":{"line":1248,"column":2},"end":{"line":1248,"column":3}},"loc":{"start":{"line":1248,"column":16},"end":{"line":1252,"column":3}},"line":1248},"129":{"name":"(anonymous_129)","decl":{"start":{"line":1256,"column":2},"end":{"line":1256,"column":3}},"loc":{"start":{"line":1256,"column":12},"end":{"line":1258,"column":3}},"line":1256},"130":{"name":"(anonymous_130)","decl":{"start":{"line":1260,"column":2},"end":{"line":1260,"column":3}},"loc":{"start":{"line":1260,"column":10},"end":{"line":1268,"column":3}},"line":1260},"131":{"name":"(anonymous_131)","decl":{"start":{"line":1273,"column":2},"end":{"line":1273,"column":3}},"loc":{"start":{"line":1273,"column":19},"end":{"line":1277,"column":3}},"line":1273},"132":{"name":"(anonymous_132)","decl":{"start":{"line":1281,"column":2},"end":{"line":1281,"column":3}},"loc":{"start":{"line":1281,"column":15},"end":{"line":1283,"column":3}},"line":1281},"133":{"name":"(anonymous_133)","decl":{"start":{"line":1285,"column":2},"end":{"line":1285,"column":3}},"loc":{"start":{"line":1285,"column":13},"end":{"line":1291,"column":3}},"line":1285},"134":{"name":"(anonymous_134)","decl":{"start":{"line":1296,"column":2},"end":{"line":1296,"column":3}},"loc":{"start":{"line":1296,"column":17},"end":{"line":1298,"column":3}},"line":1296},"135":{"name":"(anonymous_135)","decl":{"start":{"line":1300,"column":2},"end":{"line":1300,"column":3}},"loc":{"start":{"line":1300,"column":16},"end":{"line":1302,"column":3}},"line":1300},"136":{"name":"(anonymous_136)","decl":{"start":{"line":1304,"column":2},"end":{"line":1304,"column":3}},"loc":{"start":{"line":1304,"column":11},"end":{"line":1306,"column":3}},"line":1304},"137":{"name":"(anonymous_137)","decl":{"start":{"line":1308,"column":2},"end":{"line":1308,"column":3}},"loc":{"start":{"line":1308,"column":16},"end":{"line":1310,"column":3}},"line":1308},"138":{"name":"(anonymous_138)","decl":{"start":{"line":1312,"column":2},"end":{"line":1312,"column":3}},"loc":{"start":{"line":1312,"column":23},"end":{"line":1314,"column":3}},"line":1312},"139":{"name":"(anonymous_139)","decl":{"start":{"line":1316,"column":2},"end":{"line":1316,"column":3}},"loc":{"start":{"line":1316,"column":19},"end":{"line":1318,"column":3}},"line":1316},"140":{"name":"(anonymous_140)","decl":{"start":{"line":1320,"column":2},"end":{"line":1320,"column":3}},"loc":{"start":{"line":1320,"column":23},"end":{"line":1322,"column":3}},"line":1320},"141":{"name":"(anonymous_141)","decl":{"start":{"line":1324,"column":2},"end":{"line":1324,"column":3}},"loc":{"start":{"line":1324,"column":17},"end":{"line":1326,"column":3}},"line":1324},"142":{"name":"(anonymous_142)","decl":{"start":{"line":1328,"column":2},"end":{"line":1328,"column":3}},"loc":{"start":{"line":1328,"column":16},"end":{"line":1330,"column":3}},"line":1328},"143":{"name":"(anonymous_143)","decl":{"start":{"line":1332,"column":2},"end":{"line":1332,"column":3}},"loc":{"start":{"line":1332,"column":11},"end":{"line":1334,"column":3}},"line":1332},"144":{"name":"(anonymous_144)","decl":{"start":{"line":1339,"column":2},"end":{"line":1339,"column":3}},"loc":{"start":{"line":1339,"column":14},"end":{"line":1341,"column":3}},"line":1339},"145":{"name":"(anonymous_145)","decl":{"start":{"line":1345,"column":2},"end":{"line":1345,"column":3}},"loc":{"start":{"line":1345,"column":12},"end":{"line":1359,"column":3}},"line":1345},"146":{"name":"(anonymous_146)","decl":{"start":{"line":1361,"column":2},"end":{"line":1361,"column":3}},"loc":{"start":{"line":1361,"column":14},"end":{"line":1363,"column":3}},"line":1361},"147":{"name":"(anonymous_147)","decl":{"start":{"line":1368,"column":2},"end":{"line":1368,"column":3}},"loc":{"start":{"line":1368,"column":20},"end":{"line":1372,"column":3}},"line":1368},"148":{"name":"(anonymous_148)","decl":{"start":{"line":1376,"column":2},"end":{"line":1376,"column":3}},"loc":{"start":{"line":1376,"column":16},"end":{"line":1378,"column":3}},"line":1376},"149":{"name":"(anonymous_149)","decl":{"start":{"line":1380,"column":2},"end":{"line":1380,"column":3}},"loc":{"start":{"line":1380,"column":14},"end":{"line":1386,"column":3}},"line":1380},"150":{"name":"(anonymous_150)","decl":{"start":{"line":1390,"column":18},"end":{"line":1390,"column":19}},"loc":{"start":{"line":1390,"column":25},"end":{"line":1407,"column":1}},"line":1390},"151":{"name":"(anonymous_151)","decl":{"start":{"line":1410,"column":2},"end":{"line":1410,"column":3}},"loc":{"start":{"line":1410,"column":15},"end":{"line":1415,"column":3}},"line":1410},"152":{"name":"(anonymous_152)","decl":{"start":{"line":1419,"column":2},"end":{"line":1419,"column":3}},"loc":{"start":{"line":1419,"column":14},"end":{"line":1422,"column":3}},"line":1419}},"branchMap":{"0":{"loc":{"start":{"line":2,"column":2},"end":{"line":11,"column":3}},"type":"if","locations":[{"start":{"line":2,"column":2},"end":{"line":11,"column":3}},{"start":{"line":2,"column":2},"end":{"line":11,"column":3}}],"line":2},"1":{"loc":{"start":{"line":59,"column":18},"end":{"line":59,"column":24}},"type":"default-arg","locations":[{"start":{"line":59,"column":22},"end":{"line":59,"column":24}}],"line":59},"2":{"loc":{"start":{"line":63,"column":18},"end":{"line":63,"column":33}},"type":"default-arg","locations":[{"start":{"line":63,"column":29},"end":{"line":63,"column":33}}],"line":63},"3":{"loc":{"start":{"line":65,"column":11},"end":{"line":65,"column":87}},"type":"cond-expr","locations":[{"start":{"line":65,"column":22},"end":{"line":65,"column":46}},{"start":{"line":65,"column":49},"end":{"line":65,"column":87}}],"line":65},"4":{"loc":{"start":{"line":65,"column":49},"end":{"line":65,"column":87}},"type":"binary-expr","locations":[{"start":{"line":65,"column":49},"end":{"line":65,"column":73}},{"start":{"line":65,"column":77},"end":{"line":65,"column":87}}],"line":65},"5":{"loc":{"start":{"line":71,"column":17},"end":{"line":71,"column":55}},"type":"binary-expr","locations":[{"start":{"line":71,"column":17},"end":{"line":71,"column":41}},{"start":{"line":71,"column":45},"end":{"line":71,"column":55}}],"line":71},"6":{"loc":{"start":{"line":76,"column":2},"end":{"line":78,"column":3}},"type":"if","locations":[{"start":{"line":76,"column":2},"end":{"line":78,"column":3}},{"start":{"line":76,"column":2},"end":{"line":78,"column":3}}],"line":76},"7":{"loc":{"start":{"line":76,"column":6},"end":{"line":76,"column":37}},"type":"binary-expr","locations":[{"start":{"line":76,"column":6},"end":{"line":76,"column":12}},{"start":{"line":76,"column":16},"end":{"line":76,"column":37}}],"line":76},"8":{"loc":{"start":{"line":92,"column":4},"end":{"line":94,"column":5}},"type":"if","locations":[{"start":{"line":92,"column":4},"end":{"line":94,"column":5}},{"start":{"line":92,"column":4},"end":{"line":94,"column":5}}],"line":92},"9":{"loc":{"start":{"line":101,"column":13},"end":{"line":101,"column":27}},"type":"default-arg","locations":[{"start":{"line":101,"column":22},"end":{"line":101,"column":27}}],"line":101},"10":{"loc":{"start":{"line":102,"column":22},"end":{"line":102,"column":45}},"type":"cond-expr","locations":[{"start":{"line":102,"column":31},"end":{"line":102,"column":36}},{"start":{"line":102,"column":39},"end":{"line":102,"column":45}}],"line":102},"11":{"loc":{"start":{"line":105,"column":15},"end":{"line":105,"column":31}},"type":"default-arg","locations":[{"start":{"line":105,"column":21},"end":{"line":105,"column":31}}],"line":105},"12":{"loc":{"start":{"line":109,"column":19},"end":{"line":109,"column":36}},"type":"default-arg","locations":[{"start":{"line":109,"column":26},"end":{"line":109,"column":36}}],"line":109},"13":{"loc":{"start":{"line":109,"column":38},"end":{"line":109,"column":57}},"type":"default-arg","locations":[{"start":{"line":109,"column":47},"end":{"line":109,"column":57}}],"line":109},"14":{"loc":{"start":{"line":113,"column":19},"end":{"line":113,"column":30}},"type":"default-arg","locations":[{"start":{"line":113,"column":26},"end":{"line":113,"column":30}}],"line":113},"15":{"loc":{"start":{"line":114,"column":11},"end":{"line":114,"column":97}},"type":"cond-expr","locations":[{"start":{"line":114,"column":50},"end":{"line":114,"column":72}},{"start":{"line":114,"column":75},"end":{"line":114,"column":97}}],"line":114},"16":{"loc":{"start":{"line":122,"column":4},"end":{"line":162,"column":5}},"type":"switch","locations":[{"start":{"line":123,"column":6},"end":{"line":125,"column":14}},{"start":{"line":128,"column":6},"end":{"line":130,"column":14}},{"start":{"line":133,"column":6},"end":{"line":135,"column":14}},{"start":{"line":138,"column":6},"end":{"line":140,"column":14}},{"start":{"line":143,"column":6},"end":{"line":145,"column":14}},{"start":{"line":148,"column":6},"end":{"line":150,"column":14}},{"start":{"line":153,"column":6},"end":{"line":158,"column":9}},{"start":{"line":160,"column":6},"end":{"line":161,"column":23}}],"line":122},"17":{"loc":{"start":{"line":172,"column":4},"end":{"line":217,"column":5}},"type":"switch","locations":[{"start":{"line":173,"column":6},"end":{"line":175,"column":14}},{"start":{"line":178,"column":6},"end":{"line":180,"column":14}},{"start":{"line":183,"column":6},"end":{"line":185,"column":14}},{"start":{"line":188,"column":6},"end":{"line":190,"column":14}},{"start":{"line":193,"column":6},"end":{"line":195,"column":14}},{"start":{"line":198,"column":6},"end":{"line":200,"column":14}},{"start":{"line":203,"column":6},"end":{"line":205,"column":14}},{"start":{"line":208,"column":6},"end":{"line":213,"column":9}},{"start":{"line":215,"column":6},"end":{"line":216,"column":22}}],"line":172},"18":{"loc":{"start":{"line":223,"column":21},"end":{"line":223,"column":38}},"type":"cond-expr","locations":[{"start":{"line":223,"column":30},"end":{"line":223,"column":34}},{"start":{"line":223,"column":37},"end":{"line":223,"column":38}}],"line":223},"19":{"loc":{"start":{"line":238,"column":18},"end":{"line":238,"column":67}},"type":"cond-expr","locations":[{"start":{"line":238,"column":57},"end":{"line":238,"column":61}},{"start":{"line":238,"column":64},"end":{"line":238,"column":67}}],"line":238},"20":{"loc":{"start":{"line":252,"column":4},"end":{"line":255,"column":5}},"type":"if","locations":[{"start":{"line":252,"column":4},"end":{"line":255,"column":5}},{"start":{"line":252,"column":4},"end":{"line":255,"column":5}}],"line":252},"21":{"loc":{"start":{"line":261,"column":4},"end":{"line":264,"column":5}},"type":"if","locations":[{"start":{"line":261,"column":4},"end":{"line":264,"column":5}},{"start":{"line":261,"column":4},"end":{"line":264,"column":5}}],"line":261},"22":{"loc":{"start":{"line":270,"column":4},"end":{"line":270,"column":50}},"type":"if","locations":[{"start":{"line":270,"column":4},"end":{"line":270,"column":50}},{"start":{"line":270,"column":4},"end":{"line":270,"column":50}}],"line":270},"23":{"loc":{"start":{"line":272,"column":4},"end":{"line":275,"column":5}},"type":"if","locations":[{"start":{"line":272,"column":4},"end":{"line":275,"column":5}},{"start":{"line":272,"column":4},"end":{"line":275,"column":5}}],"line":272},"24":{"loc":{"start":{"line":287,"column":24},"end":{"line":287,"column":62}},"type":"cond-expr","locations":[{"start":{"line":287,"column":52},"end":{"line":287,"column":57}},{"start":{"line":287,"column":60},"end":{"line":287,"column":62}}],"line":287},"25":{"loc":{"start":{"line":287,"column":24},"end":{"line":287,"column":49}},"type":"binary-expr","locations":[{"start":{"line":287,"column":24},"end":{"line":287,"column":36}},{"start":{"line":287,"column":40},"end":{"line":287,"column":49}}],"line":287},"26":{"loc":{"start":{"line":289,"column":4},"end":{"line":292,"column":5}},"type":"if","locations":[{"start":{"line":289,"column":4},"end":{"line":292,"column":5}},{"start":{"line":289,"column":4},"end":{"line":292,"column":5}}],"line":289},"27":{"loc":{"start":{"line":300,"column":24},"end":{"line":300,"column":62}},"type":"cond-expr","locations":[{"start":{"line":300,"column":52},"end":{"line":300,"column":57}},{"start":{"line":300,"column":60},"end":{"line":300,"column":62}}],"line":300},"28":{"loc":{"start":{"line":300,"column":24},"end":{"line":300,"column":49}},"type":"binary-expr","locations":[{"start":{"line":300,"column":24},"end":{"line":300,"column":36}},{"start":{"line":300,"column":40},"end":{"line":300,"column":49}}],"line":300},"29":{"loc":{"start":{"line":305,"column":4},"end":{"line":307,"column":5}},"type":"if","locations":[{"start":{"line":305,"column":4},"end":{"line":307,"column":5}},{"start":{"line":305,"column":4},"end":{"line":307,"column":5}}],"line":305},"30":{"loc":{"start":{"line":305,"column":8},"end":{"line":305,"column":71}},"type":"binary-expr","locations":[{"start":{"line":305,"column":8},"end":{"line":305,"column":25}},{"start":{"line":305,"column":29},"end":{"line":305,"column":55}},{"start":{"line":305,"column":59},"end":{"line":305,"column":71}}],"line":30
[...]
,"C:\\Projects\\Datetime\\src\\plugins\\timezone.js": {"path":"C:\\Projects\\Datetime\\src\\plugins\\timezone.js","statementMap":{"0":{"start":{"line":4,"column":17},"end":{"line":4,"column":42}},"1":{"start":{"line":6,"column":0},"end":{"line":33,"column":2}},"2":{"start":{"line":8,"column":8},"end":{"line":8,"column":46}},"3":{"start":{"line":12,"column":8},"end":{"line":12,"column":85}},"4":{"start":{"line":16,"column":8},"end":{"line":16,"column":65}},"5":{"start":{"line":20,"column":8},"end":{"line":20,"column":42}},"6":{"start":{"line":22,"column":24},"end":{"line":27,"column":9}},"7":{"start":{"line":29,"column":21},"end":{"line":29,"column":97}},"8":{"start":{"line":29,"column":76},"end":{"line":29,"column":96}},"9":{"start":{"line":31,"column":8},"end":{"line":31,"column":50}}},"fnMap":{"0":{"name":"(anonymous_0)","decl":{"start":{"line":7,"column":4},"end":{"line":7,"column":5}},"loc":{"start":{"line":7,"column":15},"end":{"line":9,"column":5}},"line":7},"1":{"name":"(anonymous_1)","decl":{"start":{"line":11,"column":4},"end":{"line":11,"column":5}},"loc":{"start":{"line":11,"column":14},"end":{"line":13,"column":5}},"line":11},"2":{"name":"(anonymous_2)","decl":{"start":{"line":15,"column":4},"end":{"line":15,"column":5}},"loc":{"start":{"line":15,"column":18},"end":{"line":17,"column":5}},"line":15},"3":{"name":"(anonymous_3)","decl":{"start":{"line":19,"column":4},"end":{"line":19,"column":5}},"loc":{"start":{"line":19,"column":26},"end":{"line":32,"column":5}},"line":19},"4":{"name":"(anonymous_4)","decl":{"start":{"line":29,"column":61},"end":{"line":29,"column":62}},"loc":{"start":{"line":29,"column":76},"end":{"line":29,"column":96}},"line":29}},"branchMap":{"0":{"loc":{"start":{"line":20,"column":17},"end":{"line":20,"column":41}},"type":"binary-expr","locations":[{"start":{"line":20,"column":17},"end":{"line":20,"column":23}},{"start":{"line":20,"column":27},"end":{"line":20,"column":41}}],"line":20},"1":{"loc":{"start":{"line":23,"column":15},"end":{"line":23,"column":51}},"type":"cond-expr","locations":[{"start":{"line":23,"column":30},"end":{"line":23,"column":33}},{"start":{"line":23,"column":36},"end":{"line":23,"column":51}}],"line":23},"2":{"loc":{"start":{"line":29,"column":76},"end":{"line":29,"column":96}},"type":"binary-expr","locations":[{"start":{"line":29,"column":76},"end":{"line":29,"column":78}},{"start":{"line":29,"column":82},"end":{"line":29,"column":96}}],"line":29}},"s":{"0":29,"1":29,"2":761,"3":564,"4":189,"5":186,"6":186,"7":186,"8":4,"9":186},"f":{"0":761,"1":564,"2":189,"3":186,"4":4},"b":{"0":[186,0],"1":[1,185],"2":[4,4]},"_coverageSchema":"1a1c01bbd47fc00a2c39e90264f33305004495a9","hash":"1bb5bb74a629c928e3abf70f9f136944af25ca97"}
,"C:\\Projects\\Datetime\\src\\plugins\\today.js": {"path":"C:\\Projects\\Datetime\\src\\plugins\\today.js","statementMap":{"0":{"start":{"line":3,"column":0},"end":{"line":10,"column":2}},"1":{"start":{"line":5,"column":18},"end":{"line":5,"column":45}},"2":{"start":{"line":6,"column":18},"end":{"line":6,"column":41}},"3":{"start":{"line":8,"column":8},"end":{"line":8,"column":37}},"4":{"start":{"line":12,"column":0},"end":{"line":25,"column":2}},"5":{"start":{"line":14,"column":8},"end":{"line":14,"column":38}},"6":{"start":{"line":18,"column":20},"end":{"line":18,"column":30}},"7":{"start":{"line":20,"column":8},"end":{"line":22,"column":9}},"8":{"start":{"line":21,"column":12},"end":{"line":21,"column":23}},"9":{"start":{"line":23,"column":8},"end":{"line":23,"column":35}}},"fnMap":{"0":{"name":"(anonymous_0)","decl":{"start":{"line":4,"column":4},"end":{"line":4,"column":5}},"loc":{"start":{"line":4,"column":17},"end":{"line":9,"column":5}},"line":4},"1":{"name":"(anonymous_1)","decl":{"start":{"line":13,"column":4},"end":{"line":13,"column":5}},"loc":{"start":{"line":13,"column":13},"end":{"line":15,"column":5}},"line":13},"2":{"name":"(anonymous_2)","decl":{"start":{"line":17,"column":4},"end":{"line":17,"column":5}},"loc":{"start":{"line":17,"column":11},"end":{"line":24,"column":5}},"line":17}},"branchMap":{"0":{"loc":{"start":{"line":20,"column":8},"end":{"line":22,"column":9}},"type":"if","locations":[{"start":{"line":20,"column":8},"end":{"line":22,"column":9}},{"start":{"line":20,"column":8},"end":{"line":22,"column":9}}],"line":20}},"s":{"0":29,"1":3,"2":3,"3":3,"4":29,"5":2,"6":3,"7":3,"8":1,"9":2},"f":{"0":3,"1":2,"2":3},"b":{"0":[1,2]},"_coverageSchema":"1a1c01bbd47fc00a2c39e90264f33305004495a9","hash":"597ff34fb375600c08413d2f4493c4cceab69772"}
,"C:\\Projects\\Datetime\\src\\plugins\\tomorrow.js": {"path":"C:\\Projects\\Datetime\\src\\plugins\\tomorrow.js","statementMap":{"0":{"start":{"line":3,"column":0},"end":{"line":10,"column":3}},"1":{"start":{"line":5,"column":18},"end":{"line":5,"column":45}},"2":{"start":{"line":6,"column":18},"end":{"line":6,"column":55}},"3":{"start":{"line":8,"column":8},"end":{"line":8,"column":37}},"4":{"start":{"line":12,"column":0},"end":{"line":23,"column":3}},"5":{"start":{"line":14,"column":8},"end":{"line":14,"column":41}},"6":{"start":{"line":18,"column":8},"end":{"line":20,"column":9}},"7":{"start":{"line":19,"column":12},"end":{"line":19,"column":88}},"8":{"start":{"line":21,"column":8},"end":{"line":21,"column":34}}},"fnMap":{"0":{"name":"(anonymous_0)","decl":{"start":{"line":4,"column":4},"end":{"line":4,"column":5}},"loc":{"start":{"line":4,"column":20},"end":{"line":9,"column":5}},"line":4},"1":{"name":"(anonymous_1)","decl":{"start":{"line":13,"column":4},"end":{"line":13,"column":5}},"loc":{"start":{"line":13,"column":16},"end":{"line":15,"column":5}},"line":13},"2":{"name":"(anonymous_2)","decl":{"start":{"line":17,"column":4},"end":{"line":17,"column":5}},"loc":{"start":{"line":17,"column":14},"end":{"line":22,"column":5}},"line":17}},"branchMap":{"0":{"loc":{"start":{"line":18,"column":8},"end":{"line":20,"column":9}},"type":"if","locations":[{"start":{"line":18,"column":8},"end":{"line":20,"column":9}},{"start":{"line":18,"column":8},"end":{"line":20,"column":9}}],"line":18}},"s":{"0":29,"1":3,"2":3,"3":3,"4":29,"5":2,"6":2,"7":1,"8":1},"f":{"0":3,"1":2,"2":2},"b":{"0":[1,1]},"_coverageSchema":"1a1c01bbd47fc00a2c39e90264f33305004495a9","hash":"86cf4b65d002cf9ca8c52ae4650ed29f0e4fc234"}
,"C:\\Projects\\Datetime\\src\\plugins\\transform.js": {"path":"C:\\Projects\\Datetime\\src\\plugins\\transform.js","statementMap":{"0":{"start":{"line":3,"column":0},"end":{"line":43,"column":3}},"1":{"start":{"line":5,"column":8},"end":{"line":5,"column":41}},"2":{"start":{"line":9,"column":8},"end":{"line":9,"column":40}},"3":{"start":{"line":13,"column":8},"end":{"line":13,"column":35}},"4":{"start":{"line":17,"column":8},"end":{"line":17,"column":40}},"5":{"start":{"line":21,"column":8},"end":{"line":21,"column":47}},"6":{"start":{"line":25,"column":8},"end":{"line":25,"column":43}},"7":{"start":{"line":29,"column":8},"end":{"line":29,"column":47}},"8":{"start":{"line":33,"column":8},"end":{"line":33,"column":41}},"9":{"start":{"line":37,"column":8},"end":{"line":37,"column":40}},"10":{"start":{"line":41,"column":8},"end":{"line":41,"column":36}}},"fnMap":{"0":{"name":"(anonymous_0)","decl":{"start":{"line":4,"column":4},"end":{"line":4,"column":5}},"loc":{"start":{"line":4,"column":18},"end":{"line":6,"column":5}},"line":4},"1":{"name":"(anonymous_1)","decl":{"start":{"line":8,"column":4},"end":{"line":8,"column":5}},"loc":{"start":{"line":8,"column":17},"end":{"line":10,"column":5}},"line":8},"2":{"name":"(anonymous_2)","decl":{"start":{"line":12,"column":4},"end":{"line":12,"column":5}},"loc":{"start":{"line":12,"column":12},"end":{"line":14,"column":5}},"line":12},"3":{"name":"(anonymous_3)","decl":{"start":{"line":16,"column":4},"end":{"line":16,"column":5}},"loc":{"start":{"line":16,"column":17},"end":{"line":18,"column":5}},"line":16},"4":{"name":"(anonymous_4)","decl":{"start":{"line":20,"column":4},"end":{"line":20,"column":5}},"loc":{"start":{"line":20,"column":24},"end":{"line":22,"column":5}},"line":20},"5":{"name":"(anonymous_5)","decl":{"start":{"line":24,"column":4},"end":{"line":24,"column":5}},"loc":{"start":{"line":24,"column":20},"end":{"line":26,"column":5}},"line":24},"6":{"name":"(anonymous_6)","decl":{"start":{"line":28,"column":4},"end":{"line":28,"column":5}},"loc":{"start":{"line":28,"column":24},"end":{"line":30,"column":5}},"line":28},"7":{"name":"(anonymous_7)","decl":{"start":{"line":32,"column":4},"end":{"line":32,"column":5}},"loc":{"start":{"line":32,"column":18},"end":{"line":34,"column":5}},"line":32},"8":{"name":"(anonymous_8)","decl":{"start":{"line":36,"column":4},"end":{"line":36,"column":5}},"loc":{"start":{"line":36,"column":17},"end":{"line":38,"column":5}},"line":36},"9":{"name":"(anonymous_9)","decl":{"start":{"line":40,"column":4},"end":{"line":40,"column":5}},"loc":{"start":{"line":40,"column":12},"end":{"line":42,"column":5}},"line":40}},"branchMap":{},"s":{"0":29,"1":1,"2":1,"3":1,"4":1,"5":4,"6":1,"7":4,"8":754,"9":1,"10":1},"f":{"0":1,"1":1,"2":1,"3":1,"4":4,"5":1,"6":4,"7":754,"8":1,"9":1},"b":{},"_coverageSchema":"1a1c01bbd47fc00a2c39e90264f33305004495a9","hash":"1a8cf3b62079ad18a10f635fa007bdd0003bea6d"}
,"C:\\Projects\\Datetime\\src\\plugins\\unix.js": {"path":"C:\\Projects\\Datetime\\src\\plugins\\unix.js","statementMap":{"0":{"start":{"line":4,"column":0},"end":{"line":8,"column":2}},"1":{"start":{"line":6,"column":8},"end":{"line":6,"column":43}},"2":{"start":{"line":10,"column":0},"end":{"line":30,"column":3}},"3":{"start":{"line":14,"column":8},"end":{"line":16,"column":9}},"4":{"start":{"line":15,"column":12},"end":{"line":15,"column":52}},"5":{"start":{"line":18,"column":8},"end":{"line":18,"column":26}},"6":{"start":{"line":20,"column":8},"end":{"line":22,"column":9}},"7":{"start":{"line":21,"column":12},"end":{"line":21,"column":35}},"8":{"start":{"line":24,"column":8},"end":{"line":24,"column":47}},"9":{"start":{"line":28,"column":8},"end":{"line":28,"column":27}}},"fnMap":{"0":{"name":"(anonymous_0)","decl":{"start":{"line":5,"column":4},"end":{"line":5,"column":5}},"loc":{"start":{"line":5,"column":15},"end":{"line":7,"column":5}},"line":5},"1":{"name":"(anonymous_1)","decl":{"start":{"line":11,"column":4},"end":{"line":11,"column":5}},"loc":{"start":{"line":11,"column":14},"end":{"line":25,"column":5}},"line":11},"2":{"name":"(anonymous_2)","decl":{"start":{"line":27,"column":4},"end":{"line":27,"column":5}},"loc":{"start":{"line":27,"column":15},"end":{"line":29,"column":5}},"line":27}},"branchMap":{"0":{"loc":{"start":{"line":14,"column":8},"end":{"line":16,"column":9}},"type":"if","locations":[{"start":{"line":14,"column":8},"end":{"line":16,"column":9}},{"start":{"line":14,"column":8},"end":{"line":16,"column":9}}],"line":14},"1":{"loc":{"start":{"line":14,"column":12},"end":{"line":14,"column":43}},"type":"binary-expr","locations":[{"start":{"line":14,"column":12},"end":{"line":14,"column":29}},{"start":{"line":14,"column":34},"end":{"line":14,"column":42}}],"line":14},"2":{"loc":{"start":{"line":20,"column":8},"end":{"line":22,"column":9}},"type":"if","locations":[{"start":{"line":20,"column":8},"end":{"line":22,"column":9}},{"start":{"line":20,"column":8},"end":{"line":22,"column":9}}],"line":20}},"s":{"0":29,"1":1,"2":29,"3":8,"4":6,"5":2,"6":2,"7":1,"8":1,"9":1},"f":{"0":1,"1":8,"2":1},"b":{"0":[6,2],"1":[8,3],"2":[1,1]},"_coverageSchema":"1a1c01bbd47fc00a2c39e90264f33305004495a9","hash":"a893278199f1592e560147001373e137afca592b"}
,"C:\\Projects\\Datetime\\src\\plugins\\weeknumber.js": {"path":"C:\\Projects\\Datetime\\src\\plugins\\weeknumber.js","statementMap":{"0":{"start":{"line":6,"column":17},"end":{"line":6,"column":42}},"1":{"start":{"line":8,"column":0},"end":{"line":61,"column":2}},"2":{"start":{"line":13,"column":8},"end":{"line":13,"column":36}},"3":{"start":{"line":14,"column":8},"end":{"line":14,"column":46}},"4":{"start":{"line":15,"column":8},"end":{"line":15,"column":44}},"5":{"start":{"line":16,"column":8},"end":{"line":16,"column":41}},"6":{"start":{"line":17,"column":8},"end":{"line":19,"column":14}},"7":{"start":{"line":21,"column":8},"end":{"line":32,"column":9}},"8":{"start":{"line":22,"column":12},"end":{"line":22,"column":61}},"9":{"start":{"line":23,"column":12},"end":{"line":28,"column":13}},"10":{"start":{"line":24,"column":16},"end":{"line":24,"column":56}},"11":{"start":{"line":25,"column":16},"end":{"line":25,"column":51}},"12":{"start":{"line":26,"column":16},"end":{"line":26,"column":51}},"13":{"start":{"line":27,"column":16},"end":{"line":27,"column":44}},"14":{"start":{"line":31,"column":12},"end":{"line":31,"column":57}},"15":{"start":{"line":33,"column":8},"end":{"line":33,"column":23}},"16":{"start":{"line":37,"column":8},"end":{"line":37,"column":34}},"17":{"start":{"line":41,"column":21},"end":{"line":41,"column":41}},"18":{"start":{"line":42,"column":8},"end":{"line":42,"column":60}},"19":{"start":{"line":46,"column":34},"end":{"line":46,"column":51}},"20":{"start":{"line":46,"column":59},"end":{"line":46,"column":79}},"21":{"start":{"line":48,"column":8},"end":{"line":48,"column":42}},"22":{"start":{"line":50,"column":8},"end":{"line":55,"column":10}},"23":{"start":{"line":57,"column":8},"end":{"line":57,"column":92}},"24":{"start":{"line":57,"column":70},"end":{"line":57,"column":90}},"25":{"start":{"line":59,"column":8},"end":{"line":59,"column":50}}},"fnMap":{"0":{"name":"(anonymous_0)","decl":{"start":{"line":10,"column":4},"end":{"line":10,"column":5}},"loc":{"start":{"line":10,"column":27},"end":{"line":34,"column":5}},"line":10},"1":{"name":"(anonymous_1)","decl":{"start":{"line":36,"column":4},"end":{"line":36,"column":5}},"loc":{"start":{"line":36,"column":19},"end":{"line":38,"column":5}},"line":36},"2":{"name":"(anonymous_2)","decl":{"start":{"line":40,"column":4},"end":{"line":40,"column":5}},"loc":{"start":{"line":40,"column":26},"end":{"line":43,"column":5}},"line":40},"3":{"name":"(anonymous_3)","decl":{"start":{"line":45,"column":12},"end":{"line":45,"column":13}},"loc":{"start":{"line":45,"column":36},"end":{"line":60,"column":5}},"line":45},"4":{"name":"(anonymous_4)","decl":{"start":{"line":57,"column":55},"end":{"line":57,"column":56}},"loc":{"start":{"line":57,"column":70},"end":{"line":57,"column":90}},"line":57}},"branchMap":{"0":{"loc":{"start":{"line":13,"column":20},"end":{"line":13,"column":35}},"type":"binary-expr","locations":[{"start":{"line":13,"column":20},"end":{"line":13,"column":30}},{"start":{"line":13,"column":34},"end":{"line":13,"column":35}}],"line":13},"1":{"loc":{"start":{"line":16,"column":15},"end":{"line":16,"column":39}},"type":"cond-expr","locations":[{"start":{"line":16,"column":26},"end":{"line":16,"column":29}},{"start":{"line":16,"column":32},"end":{"line":16,"column":39}}],"line":16},"2":{"loc":{"start":{"line":21,"column":8},"end":{"line":32,"column":9}},"type":"if","locations":[{"start":{"line":21,"column":8},"end":{"line":32,"column":9}},{"start":{"line":21,"column":8},"end":{"line":32,"column":9}}],"line":21},"3":{"loc":{"start":{"line":23,"column":12},"end":{"line":28,"column":13}},"type":"if","locations":[{"start":{"line":23,"column":12},"end":{"line":28,"column":13}},{"start":{"line":23,"column":12},"end":{"line":28,"column":13}}],"line":23},"4":{"loc":{"start":{"line":26,"column":23},"end":{"line":26,"column":50}},"type":"cond-expr","locations":[{"start":{"line":26,"column":35},"end":{"line":26,"column":39}},{"start":{"line":26,"column":42},"end":{"line":26,"column":50}}],"line":26},"5":{"loc":{"start":{"line":27,"column":26},"end":{"line":27,"column":43}},"type":"cond-expr","locations":[{"start":{"line":27,"column":37},"end":{"line":27,"column":38}},{"start":{"line":27,"column":41},"end":{"line":27,"column":43}}],"line":27},"6":{"loc":{"start":{"line":48,"column":17},"end":{"line":48,"column":41}},"type":"binary-expr","locations":[{"start":{"line":48,"column":17},"end":{"line":48,"column":23}},{"start":{"line":48,"column":27},"end":{"line":48,"column":41}}],"line":48},"7":{"loc":{"start":{"line":57,"column":70},"end":{"line":57,"column":90}},"type":"binary-expr","locations":[{"start":{"line":57,"column":70},"end":{"line":57,"column":72}},{"start":{"line":57,"column":76},"end":{"line":57,"column":90}}],"line":57}},"s":{"0":29,"1":29,"2":380,"3":380,"4":380,"5":380,"6":380,"7":380,"8":325,"9":325,"10":30,"11":30,"12":30,"13":30,"14":55,"15":380,"16":190,"17":1,"18":1,"19":186,"20":186,"21":186,"22":186,"23":186,"24":8,"25":186},"f":{"0":380,"1":190,"2":1,"3":186,"4":8},"b":{"0":[380,188],"1":[380,0],"2":[325,55],"3":[30,295],"4":[30,0],"5":[16,14],"6":[186,7],"7":[8,8]},"_coverageSchema":"1a1c01bbd47fc00a2c39e90264f33305004495a9","hash":"b70f8249860f42093ca869fd159c4f6a1e9e650c"}
,"C:\\Projects\\Datetime\\src\\plugins\\yesterday.js": {"path":"C:\\Projects\\Datetime\\src\\plugins\\yesterday.js","statementMap":{"0":{"start":{"line":3,"column":0},"end":{"line":10,"column":3}},"1":{"start":{"line":5,"column":18},"end":{"line":5,"column":45}},"2":{"start":{"line":6,"column":18},"end":{"line":6,"column":56}},"3":{"start":{"line":8,"column":8},"end":{"line":8,"column":37}},"4":{"start":{"line":12,"column":0},"end":{"line":23,"column":2}},"5":{"start":{"line":14,"column":8},"end":{"line":14,"column":42}},"6":{"start":{"line":18,"column":8},"end":{"line":20,"column":9}},"7":{"start":{"line":19,"column":12},"end":{"line":19,"column":89}},"8":{"start":{"line":21,"column":8},"end":{"line":21,"column":35}}},"fnMap":{"0":{"name":"(anonymous_0)","decl":{"start":{"line":4,"column":4},"end":{"line":4,"column":5}},"loc":{"start":{"line":4,"column":21},"end":{"line":9,"column":5}},"line":4},"1":{"name":"(anonymous_1)","decl":{"start":{"line":13,"column":4},"end":{"line":13,"column":5}},"loc":{"start":{"line":13,"column":17},"end":{"line":15,"column":5}},"line":13},"2":{"name":"(anonymous_2)","decl":{"start":{"line":17,"column":4},"end":{"line":17,"column":5}},"loc":{"start":{"line":17,"column":15},"end":{"line":22,"column":5}},"line":17}},"branchMap":{"0":{"loc":{"start":{"line":18,"column":8},"end":{"line":20,"column":9}},"type":"if","locations":[{"start":{"line":18,"column":8},"end":{"line":20,"column":9}},{"start":{"line":18,"column":8},"end":{"line":20,"column":9}}],"line":18}},"s":{"0":29,"1":3,"2":3,"3":3,"4":29,"5":2,"6":2,"7":1,"8":1},"f":{"0":3,"1":2,"2":2},"b":{"0":[1,1]},"_coverageSchema":"1a1c01bbd47fc00a2c39e90264f33305004495a9","hash":"051b08d07292d2e88d99cb84501bfd304a8162ed"}
}
