TN:
SF:src\index.js
FN:10,(anonymous_0)
FN:27,(anonymous_1)
FN:31,(anonymous_2)
FN:35,(anonymous_3)
FN:39,(anonymous_4)
FN:43,(anonymous_5)
FN:47,(anonymous_6)
FN:68,(anonymous_7)
FN:92,(anonymous_8)
FN:97,(anonymous_9)
FN:102,(anonymous_10)
FN:107,(anonymous_11)
FN:113,(anonymous_12)
FN:121,(anonymous_13)
FN:130,(anonymous_14)
FN:139,(anonymous_15)
FN:151,(anonymous_16)
FN:157,(anonymous_17)
FN:168,(anonymous_18)
FN:173,(anonymous_19)
FN:180,(anonymous_20)
FN:181,(anonymous_21)
FN:182,(anonymous_22)
FN:183,(anonymous_23)
FN:184,(anonymous_24)
FN:185,(anonymous_25)
FN:186,(anonymous_26)
FN:187,(anonymous_27)
FN:189,(anonymous_28)
FN:202,(anonymous_29)
FN:206,(anonymous_30)
FN:210,(anonymous_31)
FN:223,(anonymous_32)
FN:224,(anonymous_33)
FN:225,(anonymous_34)
FN:226,(anonymous_35)
FN:227,(anonymous_36)
FN:228,(anonymous_37)
FN:229,(anonymous_38)
FN:230,(anonymous_39)
FN:232,(anonymous_40)
FN:259,(anonymous_41)
FN:262,(anonymous_42)
FN:266,(anonymous_43)
FN:271,(anonymous_44)
FNF:45
FNH:45
FNDA:438,(anonymous_0)
FNDA:1,(anonymous_1)
FNDA:2,(anonymous_2)
FNDA:1,(anonymous_3)
FNDA:7,(anonymous_4)
FNDA:209,(anonymous_5)
FNDA:190,(anonymous_6)
FNDA:57,(anonymous_7)
FNDA:25,(anonymous_8)
FNDA:20,(anonymous_9)
FNDA:1,(anonymous_10)
FNDA:2,(anonymous_11)
FNDA:26,(anonymous_12)
FNDA:68,(anonymous_13)
FNDA:12,(anonymous_14)
FNDA:91,(anonymous_15)
FNDA:193,(anonymous_16)
FNDA:618,(anonymous_17)
FNDA:2268,(anonymous_18)
FNDA:2886,(anonymous_19)
FNDA:251,(anonymous_20)
FNDA:250,(anonymous_21)
FNDA:247,(anonymous_22)
FNDA:270,(anonymous_23)
FNDA:796,(anonymous_24)
FNDA:430,(anonymous_25)
FNDA:478,(anonymous_26)
FNDA:164,(anonymous_27)
FNDA:400,(anonymous_28)
FNDA:20,(anonymous_29)
FNDA:20,(anonymous_30)
FNDA:318,(anonymous_31)
FNDA:1,(anonymous_32)
FNDA:1,(anonymous_33)
FNDA:1,(anonymous_34)
FNDA:1,(anonymous_35)
FNDA:17,(anonymous_36)
FNDA:1,(anonymous_37)
FNDA:1,(anonymous_38)
FNDA:1,(anonymous_39)
FNDA:189,(anonymous_40)
FNDA:629,(anonymous_41)
FNDA:63,(anonymous_42)
FNDA:7,(anonymous_43)
FNDA:727,(anonymous_44)
DA:11,438
DA:12,438
DA:13,438
DA:14,438
DA:15,438
DA:16,438
DA:18,438
DA:19,3
DA:23,30
DA:28,1
DA:32,2
DA:36,1
DA:40,7
DA:44,209
DA:48,190
DA:51,190
DA:52,36
DA:53,35
DA:54,34
DA:55,33
DA:56,8
DA:57,7
DA:59,1
DA:60,1
DA:61,1
DA:63,36
DA:65,190
DA:69,57
DA:72,57
DA:73,11
DA:74,11
DA:75,11
DA:76,9
DA:77,8
DA:78,2
DA:79,3
DA:81,1
DA:82,1
DA:83,1
DA:86,1
DA:89,57
DA:93,25
DA:94,25
DA:98,20
DA:99,20
DA:103,1
DA:104,1
DA:108,2
DA:109,2
DA:110,2
DA:114,26
DA:115,26
DA:116,26
DA:117,26
DA:118,26
DA:122,68
DA:123,67
DA:124,67
DA:127,1
DA:131,12
DA:132,11
DA:133,11
DA:136,1
DA:140,91
DA:141,86
DA:143,5
DA:144,4
DA:145,4
DA:148,1
DA:152,193
DA:158,618
DA:159,618
DA:160,607
DA:161,607
DA:163,11
DA:164,11
DA:165,11
DA:169,2268
DA:170,2268
DA:174,2886
DA:175,2268
DA:177,618
DA:180,251
DA:181,250
DA:182,247
DA:183,270
DA:184,796
DA:185,430
DA:186,478
DA:187,164
DA:190,400
DA:191,398
DA:194,2
DA:195,2
DA:197,2
DA:199,2
DA:203,20
DA:207,20
DA:211,318
DA:212,2
DA:213,2
DA:214,2
DA:215,4
DA:216,221
DA:217,2
DA:218,83
DA:219,2
DA:223,1
DA:224,1
DA:225,1
DA:226,1
DA:227,17
DA:228,1
DA:229,1
DA:230,1
DA:233,189
DA:234,189
DA:235,189
DA:236,189
DA:237,189
DA:259,629
DA:263,63
DA:267,7
DA:271,727
LF:124
LH:124
BRDA:18,0,0,3
BRDA:18,0,1,435
BRDA:32,1,0,1
BRDA:32,1,1,1
BRDA:35,2,0,0
BRDA:39,3,0,0
BRDA:39,4,0,0
BRDA:43,5,0,1
BRDA:44,6,0,208
BRDA:44,6,1,1
BRDA:51,7,0,36
BRDA:51,7,1,35
BRDA:51,7,2,34
BRDA:51,7,3,33
BRDA:51,7,4,8
BRDA:51,7,5,7
BRDA:51,7,6,1
BRDA:51,7,7,36
BRDA:72,8,0,11
BRDA:72,8,1,11
BRDA:72,8,2,11
BRDA:72,8,3,9
BRDA:72,8,4,8
BRDA:72,8,5,2
BRDA:72,8,6,3
BRDA:72,8,7,1
BRDA:72,8,8,1
BRDA:93,9,0,15
BRDA:93,9,1,10
BRDA:108,10,0,1
BRDA:108,10,1,1
BRDA:122,11,0,67
BRDA:122,11,1,1
BRDA:131,12,0,11
BRDA:131,12,1,1
BRDA:140,13,0,86
BRDA:140,13,1,5
BRDA:143,14,0,4
BRDA:143,14,1,1
BRDA:158,15,0,8
BRDA:158,15,1,610
BRDA:158,16,0,618
BRDA:158,16,1,9
BRDA:159,17,0,607
BRDA:159,17,1,11
BRDA:169,18,0,23
BRDA:169,18,1,2245
BRDA:169,19,0,2268
BRDA:169,19,1,25
BRDA:174,20,0,2268
BRDA:174,20,1,618
BRDA:174,21,0,2886
BRDA:174,21,1,2886
BRDA:174,21,2,618
BRDA:190,22,0,398
BRDA:190,22,1,2
BRDA:190,23,0,400
BRDA:190,23,1,3
BRDA:191,24,0,4
BRDA:191,24,1,394
BRDA:203,25,0,1
BRDA:203,25,1,19
BRDA:207,26,0,1
BRDA:207,26,1,19
BRDA:211,27,0,2
BRDA:211,27,1,2
BRDA:211,27,2,2
BRDA:211,27,3,4
BRDA:211,27,4,221
BRDA:211,27,5,2
BRDA:211,27,6,83
BRDA:211,27,7,2
BRDA:233,28,0,189
BRDA:233,28,1,1
BRDA:234,29,0,189
BRDA:234,29,1,189
BRDA:259,30,0,629
BRDA:259,30,1,629
BRDA:271,31,0,290
BRDA:271,31,1,437
BRDA:271,32,0,727
BRDA:271,32,1,727
BRF:82
BRH:79
end_of_record
TN:
SF:src\helpers\consts.js
FNF:0
FNH:0
DA:1,30
DA:2,30
DA:3,30
DA:4,30
DA:5,30
DA:6,30
DA:15,30
DA:28,30
LF:8
LH:8
BRF:0
BRH:0
end_of_record
TN:
SF:src\helpers\is-num.js
FN:1,(anonymous_0)
FNF:1
FNH:1
FNDA:438,(anonymous_0)
DA:1,438
LF:1
LH:1
BRF:0
BRH:0
end_of_record
TN:
SF:src\helpers\isset.js
FN:1,(anonymous_0)
FNF:1
FNH:1
FNDA:211,(anonymous_0)
DA:1,30
DA:2,211
DA:3,211
DA:5,0
LF:4
LH:3
BRDA:1,0,0,0
BRDA:3,1,0,0
BRDA:3,1,1,211
BRDA:3,2,0,211
BRDA:3,2,1,209
BRF:5
BRH:3
end_of_record
TN:
SF:src\helpers\lpad.js
FN:1,(anonymous_0)
FNF:1
FNH:1
FNDA:1169,(anonymous_0)
DA:1,30
DA:2,1169
DA:3,1169
DA:4,282
DA:6,887
LF:5
LH:5
BRDA:3,0,0,282
BRDA:3,0,1,887
BRDA:3,1,0,1169
BRDA:3,1,1,1169
BRF:4
BRH:4
end_of_record
TN:
SF:src\helpers\not.js
FN:1,(anonymous_0)
FNF:1
FNH:1
FNDA:51,(anonymous_0)
DA:1,51
LF:1
LH:1
BRDA:1,0,0,51
BRDA:1,0,1,34
BRF:2
BRH:2
end_of_record
TN:
SF:src\helpers\required.js
FN:1,(anonymous_0)
FNF:1
FNH:0
FNDA:0,(anonymous_0)
DA:1,30
DA:2,0
LF:2
LH:1
BRDA:1,0,0,0
BRF:1
BRH:0
end_of_record
TN:
SF:src\i18n\ru.js
FNF:0
FNH:0
DA:3,7
LF:1
LH:1
BRF:0
BRH:0
end_of_record
TN:
SF:src\plugins\buddhist.js
FN:7,(anonymous_0)
FN:11,(anonymous_1)
FN:17,(anonymous_2)
FNF:3
FNH:3
FNDA:7,(anonymous_0)
FNDA:3,(anonymous_1)
FNDA:2,(anonymous_2)
DA:4,1
DA:6,1
DA:8,7
DA:12,3
DA:13,3
DA:17,3
DA:19,3
DA:23,1
LF:8
LH:8
BRDA:12,0,0,3
BRDA:12,0,1,1
BRDA:17,1,0,2
BRDA:17,1,1,2
BRF:4
BRH:4
end_of_record
TN:
SF:src\plugins\calendar.js
FN:3,(anonymous_0)
FN:10,(anonymous_1)
FN:36,(anonymous_2)
FN:56,(anonymous_3)
FNF:4
FNH:4
FNDA:3,(anonymous_0)
FNDA:3,(anonymous_1)
FNDA:126,(anonymous_2)
FNDA:3,(anonymous_3)
DA:3,1
DA:4,3
DA:5,3
DA:6,3
DA:7,3
DA:8,3
DA:10,3
DA:11,3
DA:12,2
DA:14,1
DA:15,1
DA:18,3
DA:29,3
DA:31,3
DA:32,126
DA:33,126
DA:36,3
DA:37,126
DA:38,126
DA:40,126
DA:43,3
DA:44,3
DA:45,3
DA:46,3
DA:47,21
DA:48,21
DA:51,3
DA:54,1
DA:57,3
LF:29
LH:29
BRDA:5,0,0,1
BRDA:5,0,1,2
BRDA:5,1,0,3
BRDA:5,1,1,3
BRDA:6,2,0,1
BRDA:6,2,1,2
BRDA:11,3,0,2
BRDA:11,3,1,1
BRDA:21,4,0,1
BRDA:21,4,1,2
BRDA:29,5,0,1
BRDA:29,5,1,2
BRDA:40,6,0,84
BRDA:40,6,1,42
BRDA:44,7,0,1
BRDA:44,7,1,2
BRDA:45,8,0,1
BRDA:45,8,1,2
BRF:18
BRH:18
end_of_record
TN:
SF:src\plugins\century.js
FN:7,(anonymous_0)
FN:11,(anonymous_1)
FN:18,(anonymous_2)
FNF:3
FNH:3
FNDA:6,(anonymous_0)
FNDA:1,(anonymous_1)
FNDA:1,(anonymous_2)
DA:4,2
DA:6,2
DA:8,6
DA:12,1
DA:14,1
DA:18,1
DA:20,1
LF:7
LH:7
BRDA:12,0,0,1
BRDA:12,0,1,0
BRDA:18,1,0,1
BRDA:18,1,1,1
BRF:4
BRH:3
end_of_record
TN:
SF:src\plugins\compare.js
FN:4,(anonymous_0)
FN:11,(anonymous_1)
FN:43,(anonymous_2)
FN:47,(anonymous_3)
FN:51,(anonymous_4)
FN:55,(anonymous_5)
FN:59,(anonymous_6)
FN:63,(anonymous_7)
FN:67,(anonymous_8)
FN:71,(anonymous_9)
FN:87,(anonymous_10)
FNF:11
FNH:11
FNDA:2,(anonymous_0)
FNDA:20,(anonymous_1)
FNDA:1,(anonymous_2)
FNDA:3,(anonymous_3)
FNDA:3,(anonymous_4)
FNDA:3,(anonymous_5)
FNDA:3,(anonymous_6)
FNDA:3,(anonymous_7)
FNDA:3,(anonymous_8)
FNDA:2,(anonymous_9)
FNDA:1,(anonymous_10)
DA:3,1
DA:5,2
DA:12,20
DA:13,20
DA:16,20
DA:18,20
DA:19,1
DA:22,20
DA:24,20
DA:25,20
DA:27,20
DA:29,3
DA:31,3
DA:33,3
DA:35,3
DA:37,5
DA:39,3
DA:44,1
DA:48,3
DA:52,3
DA:56,3
DA:60,3
DA:64,3
DA:68,3
DA:72,2
DA:73,2
DA:74,2
DA:76,2
DA:88,1
LF:29
LH:29
BRDA:11,0,0,0
BRDA:16,1,0,20
BRDA:16,1,1,1
BRDA:18,2,0,1
BRDA:18,2,1,19
BRDA:22,3,0,20
BRDA:22,3,1,18
BRDA:27,4,0,3
BRDA:27,4,1,3
BRDA:27,4,2,3
BRDA:27,4,3,3
BRDA:27,4,4,5
BRDA:27,4,5,3
BRDA:44,5,0,1
BRDA:44,5,1,1
BRF:15
BRH:14
end_of_record
TN:
SF:src\plugins\dayofyear.js
FN:5,(anonymous_0)
FNF:1
FNH:1
FNDA:5,(anonymous_0)
DA:4,2
DA:6,5
DA:7,5
DA:8,5
DA:9,5
LF:5
LH:5
BRDA:9,0,0,4
BRDA:9,0,1,1
BRDA:9,1,0,5
BRDA:9,1,1,5
BRF:4
BRH:4
end_of_record
TN:
SF:src\plugins\daysin.js
FN:5,(anonymous_0)
FN:10,(anonymous_1)
FN:14,(anonymous_2)
FN:28,(anonymous_3)
FN:33,(anonymous_4)
FNF:5
FNH:5
FNDA:1,(anonymous_0)
FNDA:2,(anonymous_1)
FNDA:3,(anonymous_2)
FNDA:2,(anonymous_3)
FNDA:24,(anonymous_4)
DA:4,1
DA:6,1
DA:7,1
DA:11,2
DA:15,3
DA:16,3
DA:18,3
DA:20,3
DA:21,36
DA:22,36
DA:23,36
DA:25,3
DA:29,2
DA:30,2
DA:31,2
DA:33,24
DA:35,2
LF:17
LH:17
BRDA:11,0,0,1
BRDA:11,0,1,1
BRDA:31,1,0,2
BRDA:31,1,1,1
BRDA:33,2,0,12
BRDA:33,2,1,12
BRF:6
BRH:6
end_of_record
TN:
SF:src\plugins\decade.js
FN:4,(anonymous_0)
FN:8,(anonymous_1)
FN:15,(anonymous_2)
FN:22,(anonymous_3)
FNF:4
FNH:4
FNDA:5,(anonymous_0)
FNDA:2,(anonymous_1)
FNDA:2,(anonymous_2)
FNDA:4,(anonymous_3)
DA:3,1
DA:5,5
DA:9,2
DA:10,2
DA:12,2
DA:16,2
DA:17,2
DA:19,2
DA:23,4
DA:24,4
DA:26,4
DA:27,3
DA:28,1
LF:13
LH:13
BRDA:10,0,0,1
BRDA:10,0,1,1
BRDA:17,1,0,1
BRDA:17,1,1,1
BRDA:26,2,0,1
BRDA:26,2,1,3
BRDA:27,3,0,2
BRDA:27,3,1,1
BRF:8
BRH:8
end_of_record
TN:
SF:src\plugins\from.js
FN:6,(anonymous_0)
FN:12,(anonymous_1)
FN:13,(anonymous_2)
FN:18,(anonymous_3)
FN:38,(anonymous_4)
FNF:5
FNH:5
FNDA:20,(anonymous_0)
FNDA:14,(anonymous_1)
FNDA:168,(anonymous_2)
FNDA:7,(anonymous_3)
FNDA:126,(anonymous_4)
DA:5,1
DA:12,20
DA:13,14
DA:14,168
DA:18,20
DA:19,7
DA:20,7
DA:22,7
DA:24,7
DA:26,7
DA:27,1
DA:30,7
DA:31,6
DA:32,6
DA:35,7
DA:38,20
DA:39,126
DA:49,126
DA:51,126
DA:52,354
DA:53,354
DA:54,354
DA:55,55
DA:56,55
DA:60,126
DA:63,20
DA:64,1
DA:68,19
DA:70,19
DA:71,19
DA:72,19
DA:74,19
DA:75,1
DA:78,18
DA:79,18
DA:80,18
DA:81,18
DA:82,18
DA:83,18
DA:84,18
DA:86,18
DA:87,14
DA:88,7
DA:89,7
DA:90,1
DA:93,7
DA:94,7
DA:95,1
DA:99,4
DA:102,18
DA:103,18
DA:104,18
DA:106,18
DA:107,18
DA:108,18
DA:109,18
DA:111,18
LF:57
LH:57
BRDA:20,0,0,7
BRDA:20,0,1,6
BRDA:22,1,0,0
BRDA:22,1,1,7
BRDA:26,2,0,1
BRDA:26,2,1,6
BRDA:26,3,0,7
BRDA:26,3,1,7
BRDA:30,4,0,6
BRDA:30,4,1,1
BRDA:35,5,0,1
BRDA:35,5,1,6
BRDA:54,6,0,55
BRDA:54,6,1,299
BRDA:63,7,0,1
BRDA:63,7,1,19
BRDA:74,8,0,1
BRDA:74,8,1,18
BRDA:86,9,0,14
BRDA:86,9,1,4
BRDA:86,10,0,18
BRDA:86,10,1,15
BRDA:87,11,0,7
BRDA:87,11,1,7
BRDA:89,12,0,1
BRDA:89,12,1,6
BRDA:94,13,0,1
BRDA:94,13,1,6
BRDA:94,14,0,7
BRDA:94,14,1,7
BRDA:102,15,0,14
BRDA:102,15,1,4
BRDA:102,16,0,18
BRDA:102,16,1,14
BRDA:103,17,0,12
BRDA:103,17,1,6
BRDA:103,18,0,18
BRDA:103,18,1,12
BRDA:104,19,0,14
BRDA:104,19,1,4
BRDA:104,20,0,18
BRDA:104,20,1,14
BRDA:106,21,0,4
BRDA:106,21,1,14
BRDA:106,22,0,18
BRDA:106,22,1,4
BRDA:107,23,0,3
BRDA:107,23,1,15
BRDA:107,24,0,18
BRDA:107,24,1,3
BRDA:108,25,0,4
BRDA:108,25,1,14
BRDA:108,26,0,18
BRDA:108,26,1,4
BRDA:109,27,0,1
BRDA:109,27,1,17
BRDA:109,28,0,18
BRDA:109,28,1,1
BRF:58
BRH:57
end_of_record
TN:
SF:src\plugins\hour12.js
FN:8,(anonymous_0)
FN:13,(anonymous_1)
FN:29,(anonymous_2)
FN:41,(anonymous_3)
FNF:4
FNH:4
FNDA:15,(anonymous_0)
FNDA:8,(anonymous_1)
FNDA:2,(anonymous_2)
FNDA:1,(anonymous_3)
DA:5,2
DA:7,2
DA:9,15
DA:10,15
DA:14,8
DA:16,8
DA:17,6
DA:20,2
DA:22,2
DA:23,1
DA:26,2
DA:30,2
DA:32,2
DA:34,2
DA:41,2
DA:43,2
LF:16
LH:16
BRDA:9,0,0,14
BRDA:9,0,1,1
BRDA:10,1,0,6
BRDA:10,1,1,9
BRDA:16,2,0,6
BRDA:16,2,1,2
BRDA:20,3,0,2
BRDA:20,3,1,1
BRDA:22,4,0,1
BRDA:22,4,1,1
BRDA:32,5,0,2
BRDA:32,5,1,1
BRDA:41,6,0,1
BRDA:41,6,1,1
BRF:14
BRH:14
end_of_record
TN:
SF:src\plugins\isleapyear.js
FN:4,(anonymous_0)
FNF:1
FNH:1
FNDA:9,(anonymous_0)
DA:3,4
DA:5,9
DA:6,9
LF:3
LH:3
BRDA:6,0,0,9
BRDA:6,0,1,6
BRDA:6,0,2,3
BRF:3
BRH:3
end_of_record
TN:
SF:src\plugins\iso.js
FN:9,(anonymous_0)
FN:24,(anonymous_1)
FN:40,(anonymous_2)
FN:50,(anonymous_3)
FN:55,(anonymous_4)
FNF:5
FNH:5
FNDA:4,(anonymous_0)
FNDA:5,(anonymous_1)
FNDA:165,(anonymous_2)
FNDA:154,(anonymous_3)
FNDA:1,(anonymous_4)
DA:5,3
DA:6,3
DA:7,3
DA:9,3
DA:10,4
DA:12,4
DA:14,1
DA:15,1
DA:16,1
DA:18,3
DA:21,4
DA:24,3
DA:25,5
DA:27,5
DA:29,1
DA:30,1
DA:31,1
DA:33,4
DA:36,5
DA:39,3
DA:41,165
DA:43,165
DA:44,163
DA:47,2
DA:51,154
DA:52,154
DA:55,154
DA:56,154
LF:28
LH:28
BRDA:12,0,0,1
BRDA:12,0,1,3
BRDA:27,1,0,1
BRDA:27,1,1,4
BRDA:43,2,0,163
BRDA:43,2,1,2
BRDA:43,3,0,165
BRDA:43,3,1,2
BRDA:51,4,0,154
BRDA:51,4,1,3
BRDA:55,5,0,1
BRDA:55,5,1,1
BRF:12
BRH:12
end_of_record
TN:
SF:src\plugins\max.js
FN:4,(anonymous_0)
FN:6,(anonymous_1)
FN:6,(anonymous_2)
FN:11,(anonymous_3)
FNF:4
FNH:4
FNDA:2,(anonymous_0)
FNDA:6,(anonymous_1)
FNDA:6,(anonymous_2)
FNDA:1,(anonymous_3)
DA:3,1
DA:5,2
DA:6,6
DA:10,1
DA:12,1
LF:5
LH:5
BRF:0
BRH:0
end_of_record
TN:
SF:src\plugins\min.js
FN:5,(anonymous_0)
FN:7,(anonymous_1)
FN:7,(anonymous_2)
FN:12,(anonymous_3)
FNF:4
FNH:4
FNDA:2,(anonymous_0)
FNDA:6,(anonymous_1)
FNDA:8,(anonymous_2)
FNDA:1,(anonymous_3)
DA:4,1
DA:6,2
DA:7,8
DA:11,1
DA:13,1
LF:5
LH:5
BRF:0
BRH:0
end_of_record
TN:
SF:src\plugins\quarter.js
FN:8,(anonymous_0)
FN:19,(anonymous_1)
FN:32,(anonymous_2)
FN:41,(anonymous_3)
FN:48,(anonymous_4)
FNF:5
FNH:5
FNDA:20,(anonymous_0)
FNDA:8,(anonymous_1)
FNDA:8,(anonymous_2)
FNDA:9,(anonymous_3)
FNDA:1,(anonymous_4)
DA:3,1
DA:4,1
DA:5,1
DA:7,1
DA:9,20
DA:11,20
DA:12,4
DA:13,16
DA:16,20
DA:20,8
DA:22,8
DA:23,2
DA:24,6
DA:27,8
DA:31,1
DA:33,8
DA:35,8
DA:36,7
DA:37,2
DA:38,1
DA:42,9
DA:43,2
DA:45,7
DA:49,1
LF:24
LH:24
BRDA:11,0,0,4
BRDA:11,0,1,16
BRDA:22,1,0,2
BRDA:22,1,1,6
BRDA:35,2,0,1
BRDA:35,2,1,7
BRDA:36,3,0,5
BRDA:36,3,1,2
BRDA:37,4,0,1
BRDA:37,4,1,1
BRDA:42,5,0,2
BRDA:42,5,1,7
BRF:12
BRH:12
end_of_record
TN:
SF:src\plugins\sort.js
FN:6,(anonymous_0)
FN:20,(anonymous_1)
FN:20,(anonymous_2)
FN:28,(anonymous_3)
FN:31,(anonymous_4)
FNF:5
FNH:5
FNDA:7,(anonymous_0)
FNDA:21,(anonymous_1)
FNDA:28,(anonymous_2)
FNDA:3,(anonymous_3)
FNDA:3,(anonymous_4)
DA:5,1
DA:8,7
DA:10,7
DA:11,2
DA:12,2
DA:13,2
DA:15,5
DA:16,5
DA:17,5
DA:20,28
DA:22,7
DA:23,2
DA:26,7
DA:28,3
DA:29,1
DA:31,3
DA:32,1
DA:34,5
DA:37,7
LF:19
LH:19
BRDA:10,0,0,2
BRDA:10,0,1,5
BRDA:10,1,0,7
BRDA:10,1,1,6
BRDA:10,1,2,5
BRDA:12,2,0,1
BRDA:12,2,1,1
BRDA:12,3,0,2
BRDA:12,3,1,1
BRDA:15,4,0,5
BRDA:15,4,1,4
BRDA:16,5,0,5
BRDA:16,5,1,3
BRDA:17,6,0,1
BRDA:17,6,1,4
BRDA:17,7,0,4
BRDA:17,7,1,3
BRDA:22,8,0,2
BRDA:22,8,1,5
BRDA:26,9,0,1
BRDA:26,9,1,1
BRDA:26,9,2,5
BRF:22
BRH:22
end_of_record
TN:
SF:src\plugins\strftime.js
FN:13,(anonymous_0)
FN:28,(anonymous_1)
FN:77,(anonymous_2)
FNF:3
FNH:3
FNDA:3,(anonymous_0)
FNDA:6,(anonymous_1)
FNDA:14,(anonymous_2)
DA:12,1
DA:14,3
DA:15,3
DA:16,3
DA:17,3
DA:18,3
DA:19,3
DA:20,3
DA:21,3
DA:22,3
DA:23,3
DA:24,3
DA:26,3
DA:28,3
DA:29,6
DA:32,3
DA:75,3
DA:77,14
LF:18
LH:18
BRDA:14,0,0,3
BRDA:14,0,1,1
BRDA:15,1,0,3
BRDA:15,1,1,3
BRDA:77,2,0,14
BRDA:77,2,1,0
BRDA:77,3,0,14
BRDA:77,3,1,14
BRF:8
BRH:7
end_of_record
TN:
SF:src\plugins\timezone.js
FN:7,(anonymous_0)
FN:11,(anonymous_1)
FN:15,(anonymous_2)
FN:19,(anonymous_3)
FN:29,(anonymous_4)
FNF:5
FNH:5
FNDA:29,(anonymous_0)
FNDA:24,(anonymous_1)
FNDA:9,(anonymous_2)
FNDA:6,(anonymous_3)
FNDA:4,(anonymous_4)
DA:4,3
DA:6,3
DA:8,29
DA:12,24
DA:16,9
DA:20,6
DA:22,6
DA:29,6
DA:31,6
LF:9
LH:9
BRDA:20,0,0,6
BRDA:20,0,1,1
BRDA:23,1,0,1
BRDA:23,1,1,5
BRDA:29,2,0,4
BRDA:29,2,1,4
BRF:6
BRH:6
end_of_record
TN:
SF:src\plugins\today.js
FN:4,(anonymous_0)
FN:13,(anonymous_1)
FN:17,(anonymous_2)
FNF:3
FNH:3
FNDA:3,(anonymous_0)
FNDA:2,(anonymous_1)
FNDA:3,(anonymous_2)
DA:3,1
DA:5,3
DA:6,3
DA:8,3
DA:12,1
DA:14,2
DA:18,3
DA:20,3
DA:21,1
DA:23,2
LF:10
LH:10
BRDA:20,0,0,1
BRDA:20,0,1,2
BRF:2
BRH:2
end_of_record
TN:
SF:src\plugins\tomorrow.js
FN:4,(anonymous_0)
FN:13,(anonymous_1)
FN:17,(anonymous_2)
FNF:3
FNH:3
FNDA:3,(anonymous_0)
FNDA:2,(anonymous_1)
FNDA:2,(anonymous_2)
DA:3,1
DA:5,3
DA:6,3
DA:8,3
DA:12,1
DA:14,2
DA:18,2
DA:19,1
DA:21,1
LF:9
LH:9
BRDA:18,0,0,1
BRDA:18,0,1,1
BRF:2
BRH:2
end_of_record
TN:
SF:src\plugins\transform.js
FN:4,(anonymous_0)
FN:8,(anonymous_1)
FN:12,(anonymous_2)
FN:16,(anonymous_3)
FN:20,(anonymous_4)
FN:24,(anonymous_5)
FN:28,(anonymous_6)
FN:32,(anonymous_7)
FN:36,(anonymous_8)
FN:40,(anonymous_9)
FNF:10
FNH:10
FNDA:1,(anonymous_0)
FNDA:1,(anonymous_1)
FNDA:1,(anonymous_2)
FNDA:1,(anonymous_3)
FNDA:4,(anonymous_4)
FNDA:1,(anonymous_5)
FNDA:4,(anonymous_6)
FNDA:34,(anonymous_7)
FNDA:1,(anonymous_8)
FNDA:1,(anonymous_9)
DA:3,4
DA:5,1
DA:9,1
DA:13,1
DA:17,1
DA:21,4
DA:25,1
DA:29,4
DA:33,34
DA:37,1
DA:41,1
LF:11
LH:11
BRF:0
BRH:0
end_of_record
TN:
SF:src\plugins\unix.js
FN:5,(anonymous_0)
FN:11,(anonymous_1)
FN:27,(anonymous_2)
FNF:3
FNH:3
FNDA:1,(anonymous_0)
FNDA:8,(anonymous_1)
FNDA:1,(anonymous_2)
DA:4,1
DA:6,1
DA:10,1
DA:14,8
DA:15,6
DA:18,2
DA:20,2
DA:21,1
DA:24,1
DA:28,1
LF:10
LH:10
BRDA:14,0,0,6
BRDA:14,0,1,2
BRDA:14,1,0,8
BRDA:14,1,1,3
BRDA:20,2,0,1
BRDA:20,2,1,1
BRF:6
BRH:6
end_of_record
TN:
SF:src\plugins\weeknumber.js
FN:10,(anonymous_0)
FN:36,(anonymous_1)
FN:40,(anonymous_2)
FN:45,(anonymous_3)
FN:57,(anonymous_4)
FNF:5
FNH:5
FNDA:14,(anonymous_0)
FNDA:7,(anonymous_1)
FNDA:1,(anonymous_2)
FNDA:3,(anonymous_3)
FNDA:8,(anonymous_4)
DA:6,2
DA:8,2
DA:13,14
DA:14,14
DA:15,14
DA:16,14
DA:17,14
DA:21,14
DA:22,13
DA:23,13
DA:24,7
DA:25,7
DA:26,7
DA:27,7
DA:31,1
DA:33,14
DA:37,7
DA:41,1
DA:42,1
DA:46,3
DA:48,3
DA:50,3
DA:57,8
DA:59,3
LF:24
LH:24
BRDA:13,0,0,14
BRDA:13,0,1,5
BRDA:16,1,0,14
BRDA:16,1,1,0
BRDA:21,2,0,13
BRDA:21,2,1,1
BRDA:23,3,0,7
BRDA:23,3,1,6
BRDA:26,4,0,7
BRDA:26,4,1,0
BRDA:27,5,0,0
BRDA:27,5,1,7
BRDA:48,6,0,3
BRDA:48,6,1,1
BRDA:57,7,0,8
BRDA:57,7,1,8
BRF:16
BRH:13
end_of_record
TN:
SF:src\plugins\yesterday.js
FN:4,(anonymous_0)
FN:13,(anonymous_1)
FN:17,(anonymous_2)
FNF:3
FNH:3
FNDA:3,(anonymous_0)
FNDA:2,(anonymous_1)
FNDA:2,(anonymous_2)
DA:3,1
DA:5,3
DA:6,3
DA:8,3
DA:12,1
DA:14,2
DA:18,2
DA:19,1
DA:21,1
LF:9
LH:9
BRDA:18,0,0,1
BRDA:18,0,1,1
BRF:2
BRH:2
end_of_record
